0 L 0 1 1 
0 L 0 0 1 
0 D 659 2 1 
1 L 0 6 1 
1 L 0 8 1 
1 L 0 5 1 
1 L 0 1 1 
1 L 0 4 1 
1 D 591 0 1 
2 L 0 7 1 
2 L 0 2 1 
2 D 591 9 1 
3 D 591 3 1 
4 L 0 6 1 
4 L 0 8 1 
4 L 0 5 1 
4 L 0 1 1 
4 L 0 4 1 
4 D 339 0 1 
5 L 0 7 1 
5 L 0 2 1 
5 D 339 10 1 
6 L 0 9 1 
6 D 339 3 1 
7 L 0 6 1 
7 L 0 8 1 
7 L 0 5 1 
7 L 0 1 1 
7 L 0 4 1 
7 D 450 0 1 
8 L 0 7 1 
8 L 0 2 1 
8 D 450 9 1 
9 D 450 3 1 
10 L 0 1 1 
10 L 0 0 1 
10 D 428 2 1 
11 L 0 1 1 
11 L 0 0 1 
11 L 0 2 1 
11 D 11 3 1 
12 L 0 1 1 
12 L 0 0 1 
12 L 0 2 1 
12 D 782 3 1 
13 L 0 1 1 
13 L 0 0 1 
13 D 332 2 1 
14 L 0 6 1 
14 L 0 8 1 
14 L 0 5 1 
14 L 0 1 1 
14 L 0 4 1 
14 D 71 0 1 
15 L 0 7 1 
15 L 0 2 1 
15 D 71 9 1 
16 D 71 3 1 
17 L 0 1 1 
17 L 0 4 1 
17 L 0 0 1 
17 D 249 2 1 
18 D 249 3 1 
19 L 0 1 1 
19 D 514 0 1 
0 L 0 6 1 
0 L 0 13 1 
0 L 0 5 1 
0 L 0 8 1 
0 L 0 1 1 
0 L 0 11 1 
0 D 36 4 1 
1 L 0 0 1 
1 L 0 7 1 
1 D 36 2 1 
2 L 0 10 1 
2 L 0 9 1 
2 D 36 14 1 
3 L 0 3 1 
3 D 36 12 1 
4 L 0 5 1 
4 L 0 1 1 
4 L 0 4 1 
4 D 1 0 1 
5 L 0 2 1 
5 D 1 3 1 
6 L 0 1 1 
6 D 653 0 1 
7 L 0 1 1 
7 L 0 4 1 
7 L 0 0 1 
7 D 159 2 1 
8 D 159 3 1 
9 L 0 1 1 
9 D 17 0 1 
10 L 0 1 1 
10 D 449 0 1 
11 L 0 6 1 
11 L 0 8 1 
11 L 0 5 1 
11 L 0 1 1 
11 L 0 4 1 
11 D 312 0 1 
12 L 0 7 1 
12 L 0 2 1 
12 D 312 3 1 
13 L 0 1 1 
13 L 0 0 1 
13 L 0 2 1 
13 D 422 3 1 
14 L 0 1 1 
14 L 0 0 1 
14 D 52 2 1 
15 L 0 1 1 
15 L 0 4 1 
15 L 0 0 1 
15 D 668 2 1 
16 D 668 3 1 
17 L 0 1 1 
17 L 0 4 1 
17 L 0 0 1 
17 D 619 2 1 
18 D 619 3 1 
19 L 0 5 1 
19 L 0 1 1 
19 L 0 4 1 
19 D 70 0 1 
0 L 0 2 1 
0 D 70 3 1 
1 L 0 6 1 
1 L 0 5 1 
1 L 0 8 1 
1 L 0 1 1 
1 L 0 11 1 
1 D 40 4 1 
2 L 0 0 1 
2 L 0 7 1 
2 D 40 2 1 
3 L 0 10 1 
3 L 0 9 1 
3 D 40 3 1 
4 D 40 12 1 
5 L 0 6 1 
5 L 0 8 1 
5 L 0 5 1 
5 L 0 1 1 
5 L 0 4 1 
5 D 534 0 1 
6 L 0 7 1 
6 L 0 2 1 
6 D 534 9 1 
7 D 534 3 1 
8 L 0 6 1 
8 L 0 13 1 
8 L 0 5 1 
8 L 0 8 1 
8 L 0 1 1 
8 L 0 11 1 
8 D 513 4 1 
9 L 0 0 1 
9 L 0 7 1 
9 D 513 2 1 
10 L 0 10 1 
10 L 0 9 1 
10 D 513 3 1 
11 D 513 12 1 
12 L 0 1 1 
12 L 0 0 1 
12 D 259 2 1 
13 L 0 6 1 
13 L 0 8 1 
13 L 0 5 1 
13 L 0 1 1 
13 L 0 4 1 
13 D 157 0 1 
14 L 0 7 1 
14 L 0 2 1 
14 D 157 10 1 
15 L 0 9 1 
15 D 157 3 1 
16 L 0 6 1 
16 L 0 5 1 
16 L 0 8 1 
16 L 0 1 1 
16 L 0 11 1 
16 D 778 4 1 
17 L 0 0 1 
17 L 0 7 1 
17 D 778 2 1 
18 L 0 10 1 
18 L 0 9 1 
18 D 778 3 1 
19 D 778 12 1 
0 L 0 6 1 
0 L 0 13 1 
0 L 0 5 1 
0 L 0 8 1 
0 L 0 1 1 
0 L 0 11 1 
0 D 160 4 1 
1 L 0 0 1 
1 L 0 7 1 
1 D 160 2 1 
2 L 0 10 1 
2 L 0 9 1 
2 D 160 14 1 
3 L 0 3 1 
3 D 160 12 1 
4 L 0 1 1 
4 D 365 0 1 
5 L 0 6 1 
5 L 0 5 1 
5 L 0 1 1 
5 L 0 4 1 
5 D 447 0 1 
6 L 0 7 1 
6 L 0 2 1 
6 D 447 3 1 
7 L 0 6 1 
7 L 0 5 1 
7 L 0 1 1 
7 L 0 4 1 
7 D 76 0 1 
8 L 0 2 1 
8 D 76 3 1 
9 L 0 5 1 
9 L 0 1 1 
9 L 0 4 1 
9 D 436 0 1 
10 L 0 2 1 
10 D 436 3 1 
11 L 0 6 1 
11 L 0 8 1 
11 L 0 5 1 
11 L 0 1 1 
11 L 0 4 1 
11 D 400 0 1 
12 L 0 7 1 
12 L 0 2 1 
12 D 400 3 1 
13 L 0 1 1 
13 D 149 0 1 
14 L 0 6 1 
14 L 0 5 1 
14 L 0 1 1 
14 L 0 4 1 
14 D 220 0 1 
15 L 0 2 1 
15 D 220 3 1 
16 L 0 1 1 
16 L 0 0 1 
16 L 0 2 1 
16 D 596 3 1 
17 L 0 6 1 
17 L 0 5 1 
17 L 0 1 1 
17 L 0 4 1 
17 D 452 0 1 
18 L 0 2 1 
18 D 452 3 1 
19 D 338 0 1 
0 L 0 6 1 
0 L 0 5 1 
0 L 0 1 1 
0 L 0 4 1 
0 D 207 0 1 
1 L 0 2 1 
1 D 207 3 1 
2 L 0 5 1 
2 L 0 1 1 
2 L 0 4 1 
2 D 743 0 1 
3 L 0 2 1 
3 D 743 3 1 
4 L 0 6 1 
4 L 0 5 1 
4 L 0 1 1 
4 L 0 4 1 
4 D 89 0 1 
5 L 0 7 1 
5 L 0 2 1 
5 D 89 3 1 
6 L 0 6 1 
6 L 0 13 1 
6 L 0 5 1 
6 L 0 8 1 
6 L 0 1 1 
6 L 0 11 1 
6 D 506 4 1 
7 L 0 0 1 
7 L 0 7 1 
7 D 506 2 1 
8 L 0 10 1 
8 L 0 9 1 
8 D 506 3 1 
9 D 506 12 1 
10 L 0 5 1 
10 L 0 1 1 
10 L 0 4 1 
10 D 153 0 1 
11 L 0 2 1 
11 D 153 3 1 
12 L 0 1 1 
12 L 0 0 1 
12 L 0 2 1 
12 D 21 3 1 
13 L 0 1 1 
13 L 0 4 1 
13 L 0 0 1 
13 D 370 2 1 
14 D 370 3 1 
15 L 0 1 1 
15 D 134 0 1 
16 L 0 1 1 
16 D 462 0 1 
17 L 0 5 1 
17 L 0 1 1 
17 L 0 4 1 
17 D 652 0 1 
18 L 0 2 1 
18 D 652 3 1 
19 L 0 1 1 
19 L 0 4 1 
19 L 0 0 1 
19 D 25 2 1 
0 D 25 3 1 
1 L 0 6 1 
1 L 0 8 1 
1 L 0 5 1 
1 L 0 1 1 
1 L 0 11 1 
1 D 698 4 1 
2 L 0 0 1 
2 L 0 7 1 
2 D 698 2 1 
3 L 0 10 1 
3 L 0 9 1 
3 D 698 3 1 
4 L 0 1 1 
4 D 356 0 1 
5 L 0 1 1 
5 D 525 0 1 
6 L 0 1 1 
6 L 0 4 1 
6 L 0 0 1 
6 D 794 2 1 
7 D 794 3 1 
8 L 0 1 1 
8 L 0 0 1 
8 L 0 2 1 
8 D 362 3 1 
9 L 0 1 1 
9 L 0 0 1 
9 D 634 2 1 
10 L 0 1 1 
10 L 0 0 1 
10 D 775 2 1 
11 L 0 6 1 
11 L 0 5 1 
11 L 0 1 1 
11 L 0 4 1 
11 D 393 0 1 
12 L 0 2 1 
12 D 393 3 1 
13 L 0 6 1 
13 L 0 5 1 
13 L 0 1 1 
13 L 0 4 1 
13 D 526 0 1 
14 L 0 7 1 
14 L 0 2 1 
14 D 526 3 1 
15 L 0 1 1 
15 L 0 0 1 
15 L 0 2 1 
15 D 97 3 1 
16 L 0 6 1 
16 L 0 5 1 
16 L 0 8 1 
16 L 0 1 1 
16 L 0 11 1 
16 D 670 4 1 
17 L 0 0 1 
17 L 0 7 1 
17 D 670 2 1 
18 L 0 10 1 
18 L 0 9 1 
18 D 670 3 1 
19 D 670 12 1 
0 L 0 6 1 
0 L 0 5 1 
0 L 0 1 1 
0 L 0 4 1 
0 D 593 0 1 
1 L 0 2 1 
1 D 593 3 1 
2 L 0 6 1 
2 L 0 8 1 
2 L 0 5 1 
2 L 0 1 1 
2 L 0 11 1 
2 D 757 4 1 
3 L 0 0 1 
3 L 0 7 1 
3 D 757 2 1 
4 L 0 10 1 
4 L 0 9 1 
4 D 757 3 1 
5 L 0 6 1 
5 L 0 8 1 
5 L 0 5 1 
5 L 0 1 1 
5 L 0 4 1 
5 D 37 0 1 
6 L 0 7 1 
6 L 0 2 1 
6 D 37 9 1 
7 D 37 3 1 
8 L 0 1 1 
8 L 0 0 1 
8 L 0 2 1 
8 D 691 3 1 
9 L 0 6 1 
9 L 0 8 1 
9 L 0 5 1 
9 L 0 1 1 
9 L 0 11 1 
9 D 457 4 1 
10 L 0 0 1 
10 L 0 7 1 
10 D 457 2 1 
11 L 0 10 1 
11 L 0 9 1 
11 D 457 3 1 
12 L 0 1 1 
12 L 0 0 1 
12 D 411 2 1 
13 L 0 1 1 
13 L 0 4 1 
13 L 0 0 1 
13 D 209 2 1 
14 D 209 3 1 
15 L 0 1 1 
15 L 0 4 1 
15 L 0 0 1 
15 D 458 2 1 
16 D 458 3 1 
17 L 0 6 1 
17 L 0 13 1 
17 L 0 5 1 
17 L 0 8 1 
17 L 0 1 1 
17 L 0 11 1 
17 D 425 17 1 
18 L 0 4 1 
18 L 0 16 1 
18 L 0 0 1 
18 D 425 7 1 
19 L 0 2 1 
19 L 0 15 1 
19 D 425 10 1 
0 L 0 9 1 
0 L 0 14 1 
0 D 425 3 1 
1 D 425 12 1 
2 L 0 6 1 
2 L 0 13 1 
2 L 0 5 1 
2 L 0 8 1 
2 L 0 1 1 
2 L 0 11 1 
2 D 217 4 1 
3 L 0 0 1 
3 L 0 7 1 
3 D 217 2 1 
4 L 0 10 1 
4 L 0 9 1 
4 D 217 3 1 
5 D 217 12 1 
6 L 0 6 1 
6 L 0 8 1 
6 L 0 5 1 
6 L 0 1 1 
6 L 0 4 1 
6 D 402 0 1 
7 L 0 7 1 
7 L 0 2 1 
7 D 402 3 1 
8 L 0 6 1 
8 L 0 13 1 
8 L 0 8 1 
8 L 0 5 1 
8 L 0 1 1 
8 L 0 11 1 
8 D 679 17 1 
9 L 0 4 1 
9 L 0 16 1 
9 L 0 0 1 
9 D 679 7 1 
10 L 0 2 1 
10 L 0 15 1 
10 D 679 10 1 
11 L 0 9 1 
11 L 0 18 1 
11 D 679 14 1 
12 L 0 3 1 
12 D 679 12 1 
13 L 0 5 1 
13 L 0 1 1 
13 L 0 4 1 
13 D 313 0 1 
14 L 0 2 1 
14 D 313 3 1 
15 L 0 6 1 
15 L 0 5 1 
15 L 0 1 1 
15 L 0 4 1 
15 D 321 0 1 
16 L 0 7 1 
16 L 0 2 1 
16 D 321 3 1 
17 L 0 5 1 
17 L 0 1 1 
17 L 0 4 1 
17 D 696 0 1 
18 L 0 2 1 
18 D 696 3 1 
19 L 0 6 1 
19 L 0 13 1 
19 L 0 5 1 
19 L 0 8 1 
19 L 0 1 1 
19 L 0 11 1 
19 D 494 4 1 
0 L 0 0 1 
0 L 0 7 1 
0 D 494 2 1 
1 L 0 10 1 
1 L 0 9 1 
1 D 494 3 1 
2 D 494 12 1 
3 L 0 6 1 
3 L 0 8 1 
3 L 0 5 1 
3 L 0 1 1 
3 L 0 4 1 
3 D 728 0 1 
4 L 0 7 1 
4 L 0 2 1 
4 D 728 10 1 
5 L 0 9 1 
5 D 728 3 1 
6 L 0 6 1 
6 L 0 5 1 
6 L 0 1 1 
6 L 0 4 1 
6 D 700 0 1 
7 L 0 2 1 
7 D 700 3 1 
8 L 0 6 1 
8 L 0 8 1 
8 L 0 5 1 
8 L 0 1 1 
8 L 0 4 1 
8 D 543 0 1 
9 L 0 7 1 
9 L 0 2 1 
9 D 543 3 1 
10 L 0 6 1 
10 L 0 13 1 
10 L 0 5 1 
10 L 0 8 1 
10 L 0 1 1 
10 L 0 11 1 
10 D 303 4 1 
11 L 0 0 1 
11 L 0 7 1 
11 D 303 2 1 
12 L 0 15 1 
12 L 0 10 1 
12 D 303 9 1 
13 L 0 14 1 
13 D 303 3 1 
14 D 303 12 1 
15 L 0 6 1 
15 L 0 13 1 
15 L 0 8 1 
15 L 0 5 1 
15 L 0 1 1 
15 L 0 11 1 
15 D 277 17 1 
16 L 0 4 1 
16 L 0 16 1 
16 L 0 0 1 
16 D 277 7 1 
17 L 0 2 1 
17 L 0 15 1 
17 D 277 10 1 
18 L 0 9 1 
18 L 0 18 1 
18 D 277 14 1 
19 L 0 3 1 
19 D 277 12 1 
0 L 0 1 1 
0 L 0 0 1 
0 D 90 2 1 
1 L 0 5 1 
1 L 0 1 1 
1 L 0 4 1 
1 D 396 0 1 
2 L 0 2 1 
2 D 396 3 1 
3 L 0 6 1 
3 L 0 13 1 
3 L 0 5 1 
3 L 0 8 1 
3 L 0 1 1 
3 L 0 11 1 
3 D 413 4 1 
4 L 0 0 1 
4 L 0 7 1 
4 D 413 2 1 
5 L 0 10 1 
5 L 0 9 1 
5 D 413 3 1 
6 D 413 12 1 
7 L 0 1 1 
7 D 681 0 1 
8 L 0 6 1 
8 L 0 8 1 
8 L 0 5 1 
8 L 0 1 1 
8 L 0 4 1 
8 D 790 0 1 
9 L 0 7 1 
9 L 0 2 1 
9 D 790 9 1 
10 D 790 3 1 
11 L 0 6 1 
11 L 0 5 1 
11 L 0 1 1 
11 L 0 4 1 
11 D 717 0 1 
12 L 0 7 1 
12 L 0 2 1 
12 D 717 3 1 
13 L 0 6 1 
13 L 0 8 1 
13 L 0 5 1 
13 L 0 1 1 
13 L 0 4 1 
13 D 284 0 1 
14 L 0 7 1 
14 L 0 2 1 
14 D 284 10 1 
15 L 0 9 1 
15 D 284 3 1 
16 L 0 6 1 
16 L 0 8 1 
16 L 0 5 1 
16 L 0 1 1 
16 L 0 4 1 
16 D 577 0 1 
17 L 0 7 1 
17 L 0 2 1 
17 D 577 3 1 
18 L 0 1 1 
18 L 0 0 1 
18 D 298 2 1 
19 L 0 6 1 
19 L 0 5 1 
19 L 0 1 1 
19 L 0 4 1 
19 D 471 0 1 
0 L 0 7 1 
0 L 0 2 1 
0 D 471 3 1 
1 L 0 6 1 
1 L 0 5 1 
1 L 0 1 1 
1 L 0 4 1 
1 D 302 0 1 
2 L 0 7 1 
2 L 0 2 1 
2 D 302 3 1 
3 L 0 5 1 
3 L 0 1 1 
3 L 0 4 1 
3 D 294 0 1 
4 L 0 2 1 
4 D 294 3 1 
5 L 0 6 1 
5 L 0 8 1 
5 L 0 5 1 
5 L 0 1 1 
5 L 0 11 1 
5 D 630 4 1 
6 L 0 0 1 
6 L 0 7 1 
6 D 630 2 1 
7 L 0 10 1 
7 L 0 9 1 
7 D 630 3 1 
8 L 0 6 1 
8 L 0 5 1 
8 L 0 1 1 
8 L 0 4 1 
8 D 767 0 1 
9 L 0 2 1 
9 D 767 3 1 
10 L 0 6 1 
10 L 0 8 1 
10 L 0 5 1 
10 L 0 1 1 
10 L 0 4 1 
10 D 49 0 1 
11 L 0 7 1 
11 L 0 2 1 
11 D 49 3 1 
12 L 0 6 1 
12 L 0 8 1 
12 L 0 5 1 
12 L 0 1 1 
12 L 0 11 1 
12 D 333 4 1 
13 L 0 0 1 
13 L 0 7 1 
13 D 333 2 1 
14 L 0 10 1 
14 L 0 9 1 
14 D 333 3 1 
15 L 0 6 1 
15 L 0 5 1 
15 L 0 1 1 
15 L 0 4 1 
15 D 6 0 1 
16 L 0 7 1 
16 L 0 2 1 
16 D 6 3 1 
17 L 0 6 1 
17 L 0 8 1 
17 L 0 5 1 
17 L 0 1 1 
17 L 0 4 1 
17 D 382 0 1 
18 L 0 7 1 
18 L 0 2 1 
18 D 382 10 1 
19 L 0 9 1 
19 D 382 3 1 
0 L 0 1 1 
0 L 0 0 1 
0 D 211 2 1 
1 L 0 6 1 
1 L 0 5 1 
1 L 0 1 1 
1 L 0 4 1 
1 D 308 0 1 
2 L 0 2 1 
2 D 308 3 1 
3 L 0 1 1 
3 L 0 4 1 
3 L 0 0 1 
3 D 508 2 1 
4 D 508 3 1 
5 L 0 6 1 
5 L 0 13 1 
5 L 0 5 1 
5 L 0 8 1 
5 L 0 1 1 
5 L 0 11 1 
5 D 343 4 1 
6 L 0 0 1 
6 L 0 7 1 
6 D 343 2 1 
7 L 0 10 1 
7 L 0 9 1 
7 D 343 3 1 
8 D 343 12 1 
9 L 0 6 1 
9 L 0 5 1 
9 L 0 8 1 
9 L 0 1 1 
9 L 0 11 1 
9 D 520 4 1 
10 L 0 0 1 
10 L 0 7 1 
10 D 520 2 1 
11 L 0 10 1 
11 L 0 9 1 
11 D 520 3 1 
12 D 520 12 1 
13 L 0 1 1 
13 L 0 4 1 
13 L 0 0 1 
13 D 674 2 1 
14 D 674 3 1 
15 L 0 6 1 
15 L 0 8 1 
15 L 0 5 1 
15 L 0 1 1 
15 L 0 4 1 
15 D 412 0 1 
16 L 0 7 1 
16 L 0 2 1 
16 D 412 10 1 
17 L 0 9 1 
17 D 412 3 1 
18 L 0 6 1 
18 L 0 8 1 
18 L 0 5 1 
18 L 0 1 1 
18 L 0 11 1 
18 D 585 4 1 
19 L 0 0 1 
19 L 0 7 1 
19 D 585 2 1 
0 L 0 10 1 
0 L 0 9 1 
0 D 585 3 1 
1 L 0 6 1 
1 L 0 8 1 
1 L 0 5 1 
1 L 0 1 1 
1 L 0 4 1 
1 D 33 0 1 
2 L 0 7 1 
2 L 0 2 1 
2 D 33 3 1 
3 L 0 6 1 
3 L 0 8 1 
3 L 0 5 1 
3 L 0 1 1 
3 L 0 4 1 
3 D 464 0 1 
4 L 0 7 1 
4 L 0 2 1 
4 D 464 3 1 
5 L 0 5 1 
5 L 0 1 1 
5 L 0 4 1 
5 D 561 0 1 
6 L 0 2 1 
6 D 561 3 1 
7 L 0 6 1 
7 L 0 5 1 
7 L 0 1 1 
7 L 0 4 1 
7 D 115 0 1 
8 L 0 2 1 
8 D 115 3 1 
9 D 216 0 1 
10 L 0 1 1 
10 D 348 0 1 
11 L 0 6 1 
11 L 0 13 1 
11 L 0 5 1 
11 L 0 8 1 
11 L 0 1 1 
11 L 0 11 1 
11 D 798 4 1 
12 L 0 0 1 
12 L 0 7 1 
12 D 798 2 1 
13 L 0 10 1 
13 L 0 9 1 
13 D 798 3 1 
14 D 798 12 1 
15 L 0 1 1 
15 D 677 0 1 
16 L 0 6 1 
16 L 0 13 1 
16 L 0 5 1 
16 L 0 8 1 
16 L 0 1 1 
16 L 0 11 1 
16 D 150 4 1 
17 L 0 0 1 
17 L 0 7 1 
17 D 150 2 1 
18 L 0 10 1 
18 L 0 9 1 
18 D 150 14 1 
19 L 0 3 1 
19 D 150 12 1 
0 L 0 1 1 
0 L 0 0 1 
0 L 0 2 1 
0 D 444 3 1 
1 L 0 6 1 
1 L 0 8 1 
1 L 0 5 1 
1 L 0 1 1 
1 L 0 4 1 
1 D 152 0 1 
2 L 0 7 1 
2 L 0 2 1 
2 D 152 9 1 
3 D 152 3 1 
4 L 0 6 1 
4 L 0 13 1 
4 L 0 5 1 
4 L 0 8 1 
4 L 0 1 1 
4 L 0 11 1 
4 D 784 4 1 
5 L 0 0 1 
5 L 0 7 1 
5 D 784 2 1 
6 L 0 10 1 
6 L 0 9 1 
6 D 784 3 1 
7 D 784 12 1 
8 L 0 6 1 
8 L 0 8 1 
8 L 0 5 1 
8 L 0 1 1 
8 L 0 4 1 
8 D 676 0 1 
9 L 0 7 1 
9 L 0 2 1 
9 D 676 3 1 
10 L 0 6 1 
10 L 0 5 1 
10 L 0 1 1 
10 L 0 4 1 
10 D 766 0 1 
11 L 0 7 1 
11 L 0 2 1 
11 D 766 3 1 
12 L 0 6 1 
12 L 0 5 1 
12 L 0 1 1 
12 L 0 4 1 
12 D 138 0 1 
13 L 0 2 1 
13 D 138 3 1 
14 L 0 1 1 
14 L 0 0 1 
14 L 0 2 1 
14 D 244 3 1 
15 L 0 1 1 
15 L 0 0 1 
15 L 0 2 1 
15 D 50 3 1 
16 D 175 0 1 
17 L 0 6 1 
17 L 0 8 1 
17 L 0 5 1 
17 L 0 1 1 
17 L 0 4 1 
17 D 438 0 1 
18 L 0 7 1 
18 L 0 2 1 
18 D 438 3 1 
19 L 0 6 1 
19 L 0 13 1 
19 L 0 5 1 
19 L 0 8 1 
19 L 0 1 1 
19 L 0 11 1 
19 D 770 4 1 
0 L 0 0 1 
0 L 0 7 1 
0 D 770 2 1 
1 L 0 10 1 
1 L 0 9 1 
1 D 770 3 1 
2 D 770 12 1 
3 L 0 6 1 
3 L 0 8 1 
3 L 0 5 1 
3 L 0 1 1 
3 L 0 4 1 
3 D 715 0 1 
4 L 0 7 1 
4 L 0 2 1 
4 D 715 10 1 
5 L 0 9 1 
5 D 715 3 1 
6 L 0 1 1 
6 L 0 4 1 
6 L 0 0 1 
6 D 601 2 1 
7 D 601 3 1 
8 L 0 1 1 
8 D 621 0 1 
9 L 0 1 1 
9 L 0 0 1 
9 L 0 2 1 
9 D 456 3 1 
10 L 0 1 1 
10 L 0 0 1 
10 L 0 2 1 
10 D 162 3 1 
11 L 0 1 1 
11 L 0 4 1 
11 L 0 0 1 
11 D 292 2 1 
12 D 292 3 1 
13 L 0 1 1 
13 L 0 0 1 
13 D 110 2 1 
14 L 0 6 1 
14 L 0 8 1 
14 L 0 5 1 
14 L 0 1 1 
14 L 0 4 1 
14 D 750 0 1 
15 L 0 7 1 
15 L 0 2 1 
15 D 750 9 1 
16 D 750 3 1 
17 L 0 1 1 
17 L 0 4 1 
17 L 0 0 1 
17 D 164 2 1 
18 D 164 3 1 
19 L 0 6 1 
19 L 0 8 1 
19 L 0 5 1 
19 L 0 1 1 
19 L 0 4 1 
19 D 688 0 1 
0 L 0 7 1 
0 L 0 2 1 
0 D 688 9 1 
1 D 688 3 1 
2 L 0 1 1 
2 D 631 0 1 
3 L 0 6 1 
3 L 0 8 1 
3 L 0 5 1 
3 L 0 1 1 
3 L 0 4 1 
3 D 507 0 1 
4 L 0 7 1 
4 L 0 2 1 
4 D 507 9 1 
5 D 507 3 1 
6 L 0 6 1 
6 L 0 13 1 
6 L 0 5 1 
6 L 0 8 1 
6 L 0 1 1 
6 L 0 11 1 
6 D 660 4 1 
7 L 0 0 1 
7 L 0 7 1 
7 D 660 2 1 
8 L 0 10 1 
8 L 0 9 1 
8 D 660 14 1 
9 L 0 3 1 
9 D 660 12 1 
10 L 0 1 1 
10 D 228 0 1 
11 L 0 6 1 
11 L 0 8 1 
11 L 0 5 1 
11 L 0 1 1 
11 L 0 4 1 
11 D 723 0 1 
12 L 0 7 1 
12 L 0 2 1 
12 D 723 9 1 
13 D 723 3 1 
14 L 0 6 1 
14 L 0 5 1 
14 L 0 1 1 
14 L 0 4 1 
14 D 327 0 1 
15 L 0 7 1 
15 L 0 2 1 
15 D 327 3 1 
16 L 0 6 1 
16 L 0 5 1 
16 L 0 1 1 
16 L 0 4 1 
16 D 711 0 1 
17 L 0 7 1 
17 L 0 2 1 
17 D 711 3 1 
18 L 0 1 1 
18 L 0 0 1 
18 L 0 2 1 
18 D 788 3 1 
19 L 0 1 1 
19 L 0 0 1 
19 L 0 2 1 
19 D 693 3 1 
0 L 0 6 1 
0 L 0 5 1 
0 L 0 1 1 
0 L 0 4 1 
0 D 123 0 1 
1 L 0 7 1 
1 L 0 2 1 
1 D 123 3 1 
2 L 0 6 1 
2 L 0 8 1 
2 L 0 5 1 
2 L 0 1 1 
2 L 0 4 1 
2 D 386 0 1 
3 L 0 7 1 
3 L 0 2 1 
3 D 386 9 1 
4 D 386 3 1 
5 L 0 6 1 
5 L 0 8 1 
5 L 0 5 1 
5 L 0 1 1 
5 L 0 11 1 
5 D 645 4 1 
6 L 0 0 1 
6 L 0 7 1 
6 D 645 2 1 
7 L 0 10 1 
7 L 0 9 1 
7 D 645 3 1 
8 L 0 6 1 
8 L 0 5 1 
8 L 0 1 1 
8 L 0 4 1 
8 D 780 0 1 
9 L 0 2 1 
9 D 780 3 1 
10 L 0 6 1 
10 L 0 8 1 
10 L 0 5 1 
10 L 0 1 1 
10 L 0 4 1 
10 D 583 0 1 
11 L 0 7 1 
11 L 0 2 1 
11 D 583 9 1 
12 D 583 3 1 
13 L 0 1 1 
13 D 139 0 1 
14 L 0 1 1 
14 L 0 0 1 
14 D 783 2 1 
15 L 0 1 1 
15 L 0 0 1 
15 L 0 2 1 
15 D 314 3 1 
16 L 0 1 1 
16 L 0 0 1 
16 L 0 2 1 
16 D 547 3 1 
17 L 0 6 1 
17 L 0 5 1 
17 L 0 8 1 
17 L 0 1 1 
17 L 0 11 1 
17 D 617 4 1 
18 L 0 0 1 
18 L 0 7 1 
18 D 617 2 1 
19 L 0 10 1 
19 L 0 9 1 
19 D 617 3 1 
0 D 617 12 1 
1 L 0 6 1 
1 L 0 5 1 
1 L 0 1 1 
1 L 0 4 1 
1 D 787 0 1 
2 L 0 7 1 
2 L 0 2 1 
2 D 787 3 1 
3 L 0 6 1 
3 L 0 13 1 
3 L 0 5 1 
3 L 0 8 1 
3 L 0 1 1 
3 L 0 11 1 
3 D 566 4 1 
4 L 0 0 1 
4 L 0 7 1 
4 D 566 2 1 
5 L 0 15 1 
5 L 0 10 1 
5 D 566 9 1 
6 L 0 14 1 
6 D 566 3 1 
7 D 566 12 1 
8 L 0 6 1 
8 L 0 5 1 
8 L 0 1 1 
8 L 0 4 1 
8 D 541 0 1 
9 L 0 7 1 
9 L 0 2 1 
9 D 541 3 1 
10 L 0 5 1 
10 L 0 1 1 
10 L 0 4 1 
10 D 594 0 1 
11 L 0 2 1 
11 D 594 3 1 
12 L 0 6 1 
12 L 0 5 1 
12 L 0 1 1 
12 L 0 4 1 
12 D 740 0 1 
13 L 0 2 1 
13 D 740 3 1 
14 L 0 6 1 
14 L 0 13 1 
14 L 0 5 1 
14 L 0 8 1 
14 L 0 1 1 
14 L 0 11 1 
14 D 781 4 1 
15 L 0 0 1 
15 L 0 7 1 
15 D 781 2 1 
16 L 0 15 1 
16 L 0 10 1 
16 D 781 9 1 
17 L 0 14 1 
17 D 781 3 1 
18 D 781 12 1 
19 D 124 0 1 
0 L 0 6 1 
0 L 0 8 1 
0 L 0 5 1 
0 L 0 1 1 
0 L 0 4 1 
0 D 554 0 1 
1 L 0 7 1 
1 L 0 2 1 
1 D 554 10 1 
2 L 0 9 1 
2 D 554 3 1 
3 L 0 1 1 
3 D 273 0 1 
4 L 0 1 1 
4 L 0 0 1 
4 D 549 2 1 
5 L 0 6 1 
5 L 0 13 1 
5 L 0 5 1 
5 L 0 8 1 
5 L 0 1 1 
5 L 0 11 1 
5 D 23 4 1 
6 L 0 16 1 
6 L 0 0 1 
6 D 23 7 1 
7 L 0 2 1 
7 L 0 15 1 
7 D 23 10 1 
8 L 0 9 1 
8 L 0 14 1 
8 D 23 3 1 
9 D 23 12 1 
10 L 0 1 1 
10 D 276 0 1 
11 D 465 0 1 
12 L 0 6 1 
12 L 0 13 1 
12 L 0 5 1 
12 L 0 8 1 
12 L 0 1 1 
12 L 0 11 1 
12 D 727 4 1 
13 L 0 0 1 
13 L 0 7 1 
13 D 727 2 1 
14 L 0 10 1 
14 L 0 9 1 
14 D 727 14 1 
15 L 0 3 1 
15 D 727 12 1 
16 L 0 1 1 
16 D 128 0 1 
17 L 0 6 1 
17 L 0 5 1 
17 L 0 1 1 
17 L 0 4 1 
17 D 375 0 1 
18 L 0 2 1 
18 D 375 3 1 
19 L 0 1 1 
19 D 3 0 1 
0 L 0 6 1 
0 L 0 8 1 
0 L 0 5 1 
0 L 0 1 1 
0 L 0 4 1 
0 D 510 0 1 
1 L 0 7 1 
1 L 0 2 1 
1 D 510 3 1 
2 L 0 6 1 
2 L 0 8 1 
2 L 0 5 1 
2 L 0 1 1 
2 L 0 11 1 
2 D 684 4 1 
3 L 0 0 1 
3 L 0 7 1 
3 D 684 2 1 
4 L 0 10 1 
4 L 0 9 1 
4 D 684 3 1 
5 L 0 5 1 
5 L 0 1 1 
5 L 0 4 1 
5 D 102 0 1 
6 L 0 2 1 
6 D 102 3 1 
7 L 0 6 1 
7 L 0 8 1 
7 L 0 5 1 
7 L 0 1 1 
7 L 0 11 1 
7 D 82 4 1 
8 L 0 0 1 
8 L 0 7 1 
8 D 82 2 1 
9 L 0 10 1 
9 L 0 9 1 
9 D 82 3 1 
10 L 0 1 1 
10 D 552 0 1 
11 L 0 1 1 
11 D 53 0 1 
12 L 0 6 1 
12 L 0 5 1 
12 L 0 8 1 
12 L 0 1 1 
12 L 0 11 1 
12 D 130 4 1 
13 L 0 0 1 
13 L 0 7 1 
13 D 130 2 1 
14 L 0 10 1 
14 L 0 9 1 
14 D 130 3 1 
15 D 130 12 1 
16 L 0 5 1 
16 L 0 1 1 
16 L 0 4 1 
16 D 421 0 1 
17 L 0 2 1 
17 D 421 3 1 
18 L 0 1 1 
18 L 0 0 1 
18 L 0 2 1 
18 D 42 3 1 
19 L 0 1 1 
19 L 0 4 1 
19 L 0 0 1 
19 D 641 2 1 
0 D 641 3 1 
1 L 0 1 1 
1 L 0 0 1 
1 L 0 2 1 
1 D 432 3 1 
2 L 0 1 1 
2 L 0 0 1 
2 L 0 2 1 
2 D 279 3 1 
3 L 0 6 1 
3 L 0 5 1 
3 L 0 1 1 
3 L 0 4 1 
3 D 95 0 1 
4 L 0 7 1 
4 L 0 2 1 
4 D 95 3 1 
5 L 0 6 1 
5 L 0 8 1 
5 L 0 5 1 
5 L 0 1 1 
5 L 0 4 1 
5 D 485 0 1 
6 L 0 7 1 
6 L 0 2 1 
6 D 485 9 1 
7 D 485 3 1 
8 L 0 6 1 
8 L 0 8 1 
8 L 0 5 1 
8 L 0 1 1 
8 L 0 4 1 
8 D 719 0 1 
9 L 0 7 1 
9 L 0 2 1 
9 D 719 10 1 
10 L 0 9 1 
10 D 719 3 1 
11 L 0 6 1 
11 L 0 5 1 
11 L 0 1 1 
11 L 0 4 1 
11 D 627 0 1 
12 L 0 7 1 
12 L 0 2 1 
12 D 627 3 1 
13 L 0 6 1 
13 L 0 8 1 
13 L 0 5 1 
13 L 0 1 1 
13 L 0 11 1 
13 D 661 4 1 
14 L 0 0 1 
14 L 0 7 1 
14 D 661 2 1 
15 L 0 10 1 
15 L 0 9 1 
15 D 661 3 1 
16 L 0 6 1 
16 L 0 5 1 
16 L 0 8 1 
16 L 0 1 1 
16 L 0 11 1 
16 D 763 4 1 
17 L 0 0 1 
17 L 0 7 1 
17 D 763 2 1 
18 L 0 10 1 
18 L 0 9 1 
18 D 763 3 1 
19 D 763 12 1 
0 L 0 6 1 
0 L 0 5 1 
0 L 0 8 1 
0 L 0 1 1 
0 L 0 11 1 
0 D 527 4 1 
1 L 0 0 1 
1 L 0 7 1 
1 D 527 2 1 
2 L 0 10 1 
2 L 0 9 1 
2 D 527 3 1 
3 D 527 12 1 
4 L 0 6 1 
4 L 0 13 1 
4 L 0 5 1 
4 L 0 8 1 
4 L 0 1 1 
4 L 0 11 1 
4 D 678 4 1 
5 L 0 16 1 
5 L 0 0 1 
5 D 678 7 1 
6 L 0 2 1 
6 L 0 15 1 
6 D 678 10 1 
7 L 0 9 1 
7 L 0 14 1 
7 D 678 3 1 
8 D 678 12 1 
9 L 0 1 1 
9 L 0 0 1 
9 L 0 2 1 
9 D 199 3 1 
10 L 0 1 1 
10 L 0 0 1 
10 L 0 2 1 
10 D 374 3 1 
11 L 0 1 1 
11 L 0 4 1 
11 L 0 0 1 
11 D 640 2 1 
12 D 640 3 1 
13 L 0 6 1 
13 L 0 5 1 
13 L 0 1 1 
13 L 0 4 1 
13 D 408 0 1 
14 L 0 2 1 
14 D 408 3 1 
15 L 0 6 1 
15 L 0 13 1 
15 L 0 5 1 
15 L 0 8 1 
15 L 0 1 1 
15 L 0 11 1 
15 D 154 4 1 
16 L 0 0 1 
16 L 0 7 1 
16 D 154 2 1 
17 L 0 10 1 
17 L 0 9 1 
17 D 154 3 1 
18 D 154 12 1 
19 L 0 6 1 
19 L 0 5 1 
19 L 0 8 1 
19 L 0 1 1 
19 L 0 11 1 
19 D 584 4 1 
0 L 0 0 1 
0 L 0 7 1 
0 D 584 2 1 
1 L 0 10 1 
1 L 0 9 1 
1 D 584 3 1 
2 D 584 12 1 
3 L 0 6 1 
3 L 0 5 1 
3 L 0 8 1 
3 L 0 1 1 
3 L 0 11 1 
3 D 193 4 1 
4 L 0 0 1 
4 L 0 7 1 
4 D 193 2 1 
5 L 0 10 1 
5 L 0 9 1 
5 D 193 3 1 
6 D 193 12 1 
7 L 0 1 1 
7 L 0 4 1 
7 L 0 0 1 
7 D 258 2 1 
8 D 258 3 1 
9 L 0 6 1 
9 L 0 13 1 
9 L 0 5 1 
9 L 0 8 1 
9 L 0 1 1 
9 L 0 11 1 
9 D 548 4 1 
10 L 0 16 1 
10 L 0 0 1 
10 D 548 7 1 
11 L 0 2 1 
11 L 0 15 1 
11 D 548 10 1 
12 L 0 9 1 
12 L 0 14 1 
12 D 548 3 1 
13 D 548 12 1 
14 L 0 6 1 
14 L 0 5 1 
14 L 0 1 1 
14 L 0 4 1 
14 D 390 0 1 
15 L 0 2 1 
15 D 390 3 1 
16 L 0 6 1 
16 L 0 8 1 
16 L 0 5 1 
16 L 0 1 1 
16 L 0 4 1 
16 D 269 0 1 
17 L 0 7 1 
17 L 0 2 1 
17 D 269 9 1 
18 D 269 3 1 
19 L 0 6 1 
19 L 0 8 1 
19 L 0 5 1 
19 L 0 1 1 
19 L 0 4 1 
19 D 178 0 1 
0 L 0 7 1 
0 L 0 2 1 
0 D 178 9 1 
1 D 178 3 1 
2 L 0 6 1 
2 L 0 13 1 
2 L 0 5 1 
2 L 0 8 1 
2 L 0 1 1 
2 L 0 11 1 
2 D 689 4 1 
3 L 0 0 1 
3 L 0 7 1 
3 D 689 2 1 
4 L 0 10 1 
4 L 0 9 1 
4 D 689 14 1 
5 L 0 3 1 
5 D 689 12 1 
6 L 0 6 1 
6 L 0 5 1 
6 L 0 1 1 
6 L 0 4 1 
6 D 556 0 1 
7 L 0 2 1 
7 D 556 3 1 
8 L 0 6 1 
8 L 0 5 1 
8 L 0 8 1 
8 L 0 1 1 
8 L 0 11 1 
8 D 748 4 1 
9 L 0 0 1 
9 L 0 7 1 
9 D 748 2 1 
10 L 0 10 1 
10 L 0 9 1 
10 D 748 3 1 
11 D 748 12 1 
12 L 0 6 1 
12 L 0 5 1 
12 L 0 8 1 
12 L 0 1 1 
12 L 0 11 1 
12 D 385 4 1 
13 L 0 0 1 
13 L 0 7 1 
13 D 385 2 1 
14 L 0 10 1 
14 L 0 9 1 
14 D 385 3 1 
15 D 385 12 1 
16 L 0 1 1 
16 L 0 4 1 
16 L 0 0 1 
16 D 271 2 1 
17 D 271 3 1 
18 L 0 1 1 
18 L 0 0 1 
18 D 429 2 1 
19 L 0 1 1 
19 L 0 4 1 
19 L 0 0 1 
19 D 41 2 1 
0 D 41 3 1 
1 D 297 0 1 
2 L 0 6 1 
2 L 0 13 1 
2 L 0 5 1 
2 L 0 8 1 
2 L 0 1 1 
2 L 0 11 1 
2 D 364 4 1 
3 L 0 0 1 
3 L 0 7 1 
3 D 364 2 1 
4 L 0 10 1 
4 L 0 9 1 
4 D 364 14 1 
5 L 0 3 1 
5 D 364 12 1 
6 L 0 1 1 
6 L 0 0 1 
6 L 0 2 1 
6 D 519 3 1 
7 L 0 1 1 
7 D 587 0 1 
8 L 0 1 1 
8 D 156 0 1 
9 L 0 1 1 
9 L 0 0 1 
9 L 0 2 1 
9 D 603 3 1 
10 L 0 6 1 
10 L 0 5 1 
10 L 0 1 1 
10 L 0 4 1 
10 D 602 0 1 
11 L 0 7 1 
11 L 0 2 1 
11 D 602 3 1 
12 L 0 1 1 
12 L 0 4 1 
12 L 0 0 1 
12 D 86 2 1 
13 D 86 3 1 
14 L 0 6 1 
14 L 0 13 1 
14 L 0 5 1 
14 L 0 8 1 
14 L 0 1 1 
14 L 0 11 1 
14 D 598 4 1 
15 L 0 0 1 
15 L 0 7 1 
15 D 598 2 1 
16 L 0 10 1 
16 L 0 9 1 
16 D 598 14 1 
17 L 0 3 1 
17 D 598 12 1 
18 L 0 6 1 
18 L 0 13 1 
18 L 0 5 1 
18 L 0 8 1 
18 L 0 1 1 
18 L 0 11 1 
18 D 616 4 1 
19 L 0 0 1 
19 L 0 7 1 
19 D 616 2 1 
0 L 0 10 1 
0 L 0 9 1 
0 D 616 14 1 
1 L 0 3 1 
1 D 616 12 1 
2 L 0 6 1 
2 L 0 8 1 
2 L 0 5 1 
2 L 0 1 1 
2 L 0 4 1 
2 D 623 0 1 
3 L 0 7 1 
3 L 0 2 1 
3 D 623 10 1 
4 L 0 9 1 
4 D 623 3 1 
5 L 0 6 1 
5 L 0 5 1 
5 L 0 1 1 
5 L 0 4 1 
5 D 105 0 1 
6 L 0 7 1 
6 L 0 2 1 
6 D 105 3 1 
7 L 0 6 1 
7 L 0 13 1 
7 L 0 5 1 
7 L 0 8 1 
7 L 0 1 1 
7 L 0 11 1 
7 D 404 4 1 
8 L 0 0 1 
8 L 0 7 1 
8 D 404 2 1 
9 L 0 10 1 
9 L 0 9 1 
9 D 404 14 1 
10 L 0 3 1 
10 D 404 12 1 
11 L 0 1 1 
11 L 0 0 1 
11 L 0 2 1 
11 D 346 3 1 
12 L 0 1 1 
12 L 0 0 1 
12 D 419 2 1 
13 L 0 1 1 
13 L 0 4 1 
13 L 0 0 1 
13 D 174 2 1 
14 D 174 3 1 
15 L 0 1 1 
15 L 0 0 1 
15 D 644 2 1 
16 L 0 6 1 
16 L 0 13 1 
16 L 0 5 1 
16 L 0 8 1 
16 L 0 1 1 
16 L 0 11 1 
16 D 272 4 1 
17 L 0 16 1 
17 L 0 0 1 
17 D 272 7 1 
18 L 0 2 1 
18 L 0 15 1 
18 D 272 10 1 
19 L 0 9 1 
19 L 0 14 1 
19 D 272 3 1 
0 D 272 12 1 
1 L 0 6 1 
1 L 0 13 1 
1 L 0 5 1 
1 L 0 8 1 
1 L 0 1 1 
1 L 0 11 1 
1 D 181 4 1 
2 L 0 0 1 
2 L 0 7 1 
2 D 181 2 1 
3 L 0 10 1 
3 L 0 9 1 
3 D 181 14 1 
4 L 0 3 1 
4 D 181 12 1 
5 L 0 1 1 
5 L 0 0 1 
5 L 0 2 1 
5 D 234 3 1 
6 L 0 6 1 
6 L 0 8 1 
6 L 0 5 1 
6 L 0 1 1 
6 L 0 4 1 
6 D 300 0 1 
7 L 0 7 1 
7 L 0 2 1 
7 D 300 3 1 
8 L 0 1 1 
8 L 0 0 1 
8 D 129 2 1 
9 L 0 6 1 
9 L 0 8 1 
9 L 0 5 1 
9 L 0 1 1 
9 L 0 4 1 
9 D 384 0 1 
10 L 0 7 1 
10 L 0 2 1 
10 D 384 9 1 
11 D 384 3 1 
12 L 0 6 1 
12 L 0 8 1 
12 L 0 5 1 
12 L 0 1 1 
12 L 0 4 1 
12 D 179 0 1 
13 L 0 7 1 
13 L 0 2 1 
13 D 179 3 1 
14 L 0 5 1 
14 L 0 1 1 
14 L 0 4 1 
14 D 68 0 1 
15 L 0 2 1 
15 D 68 3 1 
16 L 0 6 1 
16 L 0 5 1 
16 L 0 1 1 
16 L 0 4 1 
16 D 206 0 1 
17 L 0 7 1 
17 L 0 2 1 
17 D 206 3 1 
18 L 0 5 1 
18 L 0 1 1 
18 L 0 4 1 
18 D 434 0 1 
19 L 0 2 1 
19 D 434 3 1 
0 L 0 1 1 
0 L 0 4 1 
0 L 0 0 1 
0 D 477 2 1 
1 D 477 3 1 
2 L 0 6 1 
2 L 0 8 1 
2 L 0 5 1 
2 L 0 1 1 
2 L 0 11 1 
2 D 725 4 1 
3 L 0 0 1 
3 L 0 7 1 
3 D 725 2 1 
4 L 0 10 1 
4 L 0 9 1 
4 D 725 3 1 
5 L 0 1 1 
5 D 747 0 1 
6 L 0 6 1 
6 L 0 5 1 
6 L 0 1 1 
6 L 0 4 1 
6 D 560 0 1 
7 L 0 7 1 
7 L 0 2 1 
7 D 560 3 1 
8 L 0 6 1 
8 L 0 8 1 
8 L 0 5 1 
8 L 0 1 1 
8 L 0 4 1 
8 D 245 0 1 
9 L 0 7 1 
9 L 0 2 1 
9 D 245 3 1 
10 L 0 1 1 
10 D 470 0 1 
11 L 0 6 1 
11 L 0 5 1 
11 L 0 1 1 
11 L 0 4 1 
11 D 500 0 1 
12 L 0 2 1 
12 D 500 3 1 
13 L 0 5 1 
13 L 0 1 1 
13 L 0 4 1 
13 D 482 0 1 
14 L 0 2 1 
14 D 482 3 1 
15 L 0 1 1 
15 L 0 0 1 
15 L 0 2 1 
15 D 288 3 1 
16 L 0 6 1 
16 L 0 8 1 
16 L 0 5 1 
16 L 0 1 1 
16 L 0 4 1 
16 D 84 0 1 
17 L 0 7 1 
17 L 0 2 1 
17 D 84 9 1 
18 D 84 3 1 
19 L 0 1 1 
19 L 0 0 1 
19 D 785 2 1 
0 L 0 6 1 
0 L 0 8 1 
0 L 0 5 1 
0 L 0 1 1 
0 L 0 4 1 
0 D 336 0 1 
1 L 0 7 1 
1 L 0 2 1 
1 D 336 3 1 
2 L 0 6 1 
2 L 0 8 1 
2 L 0 5 1 
2 L 0 1 1 
2 L 0 4 1 
2 D 104 0 1 
3 L 0 7 1 
3 L 0 2 1 
3 D 104 9 1 
4 D 104 3 1 
5 L 0 6 1 
5 L 0 13 1 
5 L 0 5 1 
5 L 0 8 1 
5 L 0 1 1 
5 L 0 11 1 
5 D 165 4 1 
6 L 0 0 1 
6 L 0 7 1 
6 D 165 2 1 
7 L 0 10 1 
7 L 0 9 1 
7 D 165 3 1 
8 D 165 12 1 
9 L 0 1 1 
9 D 268 0 1 
10 L 0 5 1 
10 L 0 1 1 
10 L 0 4 1 
10 D 5 0 1 
11 L 0 2 1 
11 D 5 3 1 
12 L 0 1 1 
12 L 0 0 1 
12 L 0 2 1 
12 D 94 3 1 
13 L 0 6 1 
13 L 0 13 1 
13 L 0 5 1 
13 L 0 8 1 
13 L 0 1 1 
13 L 0 11 1 
13 D 498 4 1 
14 L 0 0 1 
14 L 0 7 1 
14 D 498 2 1 
15 L 0 10 1 
15 L 0 9 1 
15 D 498 3 1 
16 D 498 12 1 
17 L 0 6 1 
17 L 0 5 1 
17 L 0 8 1 
17 L 0 1 1 
17 L 0 11 1 
17 D 219 4 1 
18 L 0 0 1 
18 L 0 7 1 
18 D 219 2 1 
19 L 0 10 1 
19 L 0 9 1 
19 D 219 3 1 
0 D 219 12 1 
1 L 0 1 1 
1 L 0 4 1 
1 L 0 0 1 
1 D 24 2 1 
2 D 24 3 1 
3 L 0 6 1 
3 L 0 8 1 
3 L 0 5 1 
3 L 0 1 1 
3 L 0 4 1 
3 D 738 0 1 
4 L 0 7 1 
4 L 0 2 1 
4 D 738 9 1 
5 D 738 3 1 
6 L 0 1 1 
6 L 0 4 1 
6 L 0 0 1 
6 D 0 2 1 
7 D 0 3 1 
8 L 0 6 1 
8 L 0 5 1 
8 L 0 1 1 
8 L 0 4 1 
8 D 724 0 1 
9 L 0 2 1 
9 D 724 3 1 
10 L 0 6 1 
10 L 0 8 1 
10 L 0 5 1 
10 L 0 1 1 
10 L 0 4 1 
10 D 344 0 1 
11 L 0 7 1 
11 L 0 2 1 
11 D 344 3 1 
12 L 0 1 1 
12 D 328 0 1 
13 L 0 6 1 
13 L 0 5 1 
13 L 0 1 1 
13 L 0 4 1 
13 D 389 0 1 
14 L 0 7 1 
14 L 0 2 1 
14 D 389 3 1 
15 L 0 1 1 
15 L 0 0 1 
15 L 0 2 1 
15 D 306 3 1 
16 L 0 6 1 
16 L 0 13 1 
16 L 0 5 1 
16 L 0 8 1 
16 L 0 1 1 
16 L 0 11 1 
16 D 317 4 1 
17 L 0 16 1 
17 L 0 0 1 
17 D 317 7 1 
18 L 0 2 1 
18 L 0 15 1 
18 D 317 10 1 
19 L 0 9 1 
19 L 0 14 1 
19 D 317 3 1 
0 D 317 12 1 
1 L 0 5 1 
1 L 0 1 1 
1 L 0 4 1 
1 D 720 0 1 
2 L 0 2 1 
2 D 720 3 1 
3 L 0 1 1 
3 L 0 0 1 
3 D 238 2 1 
4 L 0 6 1 
4 L 0 5 1 
4 L 0 1 1 
4 L 0 4 1 
4 D 692 0 1 
5 L 0 2 1 
5 D 692 3 1 
6 L 0 6 1 
6 L 0 5 1 
6 L 0 1 1 
6 L 0 4 1 
6 D 196 0 1 
7 L 0 2 1 
7 D 196 3 1 
8 L 0 6 1 
8 L 0 5 1 
8 L 0 1 1 
8 L 0 4 1 
8 D 697 0 1 
9 L 0 7 1 
9 L 0 2 1 
9 D 697 3 1 
10 L 0 5 1 
10 L 0 1 1 
10 L 0 4 1 
10 D 564 0 1 
11 L 0 2 1 
11 D 564 3 1 
12 L 0 6 1 
12 L 0 5 1 
12 L 0 1 1 
12 L 0 4 1 
12 D 575 0 1 
13 L 0 7 1 
13 L 0 2 1 
13 D 575 3 1 
14 D 73 0 1 
15 D 706 0 1 
16 L 0 6 1 
16 L 0 5 1 
16 L 0 1 1 
16 L 0 4 1 
16 D 582 0 1 
17 L 0 2 1 
17 D 582 3 1 
18 L 0 1 1 
18 L 0 0 1 
18 D 92 2 1 
19 L 0 6 1 
19 L 0 13 1 
19 L 0 8 1 
19 L 0 5 1 
19 L 0 1 1 
19 L 0 11 1 
19 D 145 17 1 
0 L 0 4 1 
0 L 0 16 1 
0 L 0 0 1 
0 D 145 7 1 
1 L 0 2 1 
1 L 0 15 1 
1 D 145 10 1 
2 L 0 9 1 
2 L 0 18 1 
2 D 145 14 1 
3 L 0 3 1 
3 D 145 12 1 
4 L 0 1 1 
4 L 0 0 1 
4 D 537 2 1 
5 L 0 6 1 
5 L 0 13 1 
5 L 0 5 1 
5 L 0 8 1 
5 L 0 1 1 
5 L 0 11 1 
5 D 745 4 1 
6 L 0 0 1 
6 L 0 7 1 
6 D 745 2 1 
7 L 0 10 1 
7 L 0 9 1 
7 D 745 3 1 
8 D 745 12 1 
9 L 0 1 1 
9 L 0 4 1 
9 L 0 0 1 
9 D 414 2 1 
10 D 414 3 1 
11 L 0 6 1 
11 L 0 8 1 
11 L 0 5 1 
11 L 0 1 1 
11 L 0 4 1 
11 D 10 0 1 
12 L 0 7 1 
12 L 0 2 1 
12 D 10 9 1 
13 D 10 3 1 
14 L 0 6 1 
14 L 0 5 1 
14 L 0 1 1 
14 L 0 4 1 
14 D 204 0 1 
15 L 0 7 1 
15 L 0 2 1 
15 D 204 3 1 
16 L 0 6 1 
16 L 0 8 1 
16 L 0 5 1 
16 L 0 1 1 
16 L 0 11 1 
16 D 14 4 1 
17 L 0 0 1 
17 L 0 7 1 
17 D 14 2 1 
18 L 0 10 1 
18 L 0 9 1 
18 D 14 3 1 
19 L 0 1 1 
19 L 0 4 1 
19 L 0 0 1 
19 D 113 2 1 
0 D 113 3 1 
1 L 0 6 1 
1 L 0 13 1 
1 L 0 5 1 
1 L 0 8 1 
1 L 0 1 1 
1 L 0 11 1 
1 D 570 4 1 
2 L 0 16 1 
2 L 0 0 1 
2 D 570 7 1 
3 L 0 2 1 
3 L 0 15 1 
3 D 570 10 1 
4 L 0 9 1 
4 L 0 14 1 
4 D 570 3 1 
5 D 570 12 1 
6 L 0 6 1 
6 L 0 13 1 
6 L 0 5 1 
6 L 0 8 1 
6 L 0 1 1 
6 L 0 11 1 
6 D 35 4 1 
7 L 0 0 1 
7 L 0 7 1 
7 D 35 2 1 
8 L 0 10 1 
8 L 0 9 1 
8 D 35 14 1 
9 L 0 3 1 
9 D 35 12 1 
10 L 0 6 1 
10 L 0 5 1 
10 L 0 1 1 
10 L 0 4 1 
10 D 77 0 1 
11 L 0 7 1 
11 L 0 2 1 
11 D 77 3 1 
12 L 0 1 1 
12 D 499 0 1 
13 L 0 1 1 
13 L 0 0 1 
13 L 0 2 1 
13 D 61 3 1 
14 L 0 1 1 
14 L 0 4 1 
14 L 0 0 1 
14 D 451 2 1 
15 D 451 3 1 
16 L 0 5 1 
16 L 0 1 1 
16 L 0 4 1 
16 D 440 0 1 
17 L 0 2 1 
17 D 440 3 1 
18 L 0 5 1 
18 L 0 1 1 
18 L 0 4 1 
18 D 282 0 1 
19 L 0 2 1 
19 D 282 3 1 
0 L 0 6 1 
0 L 0 8 1 
0 L 0 5 1 
0 L 0 1 1 
0 L 0 4 1 
0 D 290 0 1 
1 L 0 7 1 
1 L 0 2 1 
1 D 290 9 1 
2 D 290 3 1 
3 L 0 1 1 
3 L 0 4 1 
3 L 0 0 1 
3 D 488 2 1 
4 D 488 3 1 
5 L 0 6 1 
5 L 0 8 1 
5 L 0 5 1 
5 L 0 1 1 
5 L 0 4 1 
5 D 114 0 1 
6 L 0 7 1 
6 L 0 2 1 
6 D 114 3 1 
7 L 0 6 1 
7 L 0 8 1 
7 L 0 5 1 
7 L 0 1 1 
7 L 0 4 1 
7 D 608 0 1 
8 L 0 7 1 
8 L 0 2 1 
8 D 608 9 1 
9 D 608 3 1 
10 L 0 6 1 
10 L 0 5 1 
10 L 0 1 1 
10 L 0 4 1 
10 D 406 0 1 
11 L 0 7 1 
11 L 0 2 1 
11 D 406 3 1 
12 L 0 6 1 
12 L 0 5 1 
12 L 0 1 1 
12 L 0 4 1 
12 D 576 0 1 
13 L 0 7 1 
13 L 0 2 1 
13 D 576 3 1 
14 L 0 6 1 
14 L 0 13 1 
14 L 0 5 1 
14 L 0 8 1 
14 L 0 1 1 
14 L 0 11 1 
14 D 521 4 1 
15 L 0 0 1 
15 L 0 7 1 
15 D 521 2 1 
16 L 0 10 1 
16 L 0 9 1 
16 D 521 14 1 
17 L 0 3 1 
17 D 521 12 1 
18 L 0 1 1 
18 L 0 0 1 
18 L 0 2 1 
18 D 515 3 1 
19 L 0 6 1 
19 L 0 13 1 
19 L 0 5 1 
19 L 0 8 1 
19 L 0 1 1 
19 L 0 11 1 
19 D 546 4 1 
0 L 0 0 1 
0 L 0 7 1 
0 D 546 2 1 
1 L 0 15 1 
1 L 0 10 1 
1 D 546 9 1 
2 L 0 14 1 
2 D 546 3 1 
3 D 546 12 1 
4 L 0 6 1 
4 L 0 8 1 
4 L 0 5 1 
4 L 0 1 1 
4 L 0 4 1 
4 D 733 0 1 
5 L 0 7 1 
5 L 0 2 1 
5 D 733 3 1 
6 L 0 6 1 
6 L 0 8 1 
6 L 0 5 1 
6 L 0 1 1 
6 L 0 4 1 
6 D 424 0 1 
7 L 0 7 1 
7 L 0 2 1 
7 D 424 3 1 
8 L 0 6 1 
8 L 0 13 1 
8 L 0 5 1 
8 L 0 8 1 
8 L 0 1 1 
8 L 0 11 1 
8 D 246 4 1 
9 L 0 0 1 
9 L 0 7 1 
9 D 246 2 1 
10 L 0 10 1 
10 L 0 9 1 
10 D 246 3 1 
11 D 246 12 1 
12 L 0 6 1 
12 L 0 8 1 
12 L 0 5 1 
12 L 0 1 1 
12 L 0 4 1 
12 D 435 0 1 
13 L 0 7 1 
13 L 0 2 1 
13 D 435 10 1 
14 L 0 9 1 
14 D 435 3 1 
15 L 0 1 1 
15 L 0 0 1 
15 D 173 2 1 
16 L 0 6 1 
16 L 0 8 1 
16 L 0 5 1 
16 L 0 1 1 
16 L 0 4 1 
16 D 391 0 1 
17 L 0 7 1 
17 L 0 2 1 
17 D 391 3 1 
18 L 0 6 1 
18 L 0 8 1 
18 L 0 5 1 
18 L 0 1 1 
18 L 0 4 1 
18 D 208 0 1 
19 L 0 7 1 
19 L 0 2 1 
19 D 208 10 1 
0 L 0 9 1 
0 D 208 3 1 
1 L 0 6 1 
1 L 0 8 1 
1 L 0 5 1 
1 L 0 1 1 
1 L 0 4 1 
1 D 254 0 1 
2 L 0 7 1 
2 L 0 2 1 
2 D 254 3 1 
3 L 0 6 1 
3 L 0 5 1 
3 L 0 1 1 
3 L 0 4 1 
3 D 461 0 1 
4 L 0 2 1 
4 D 461 3 1 
5 L 0 6 1 
5 L 0 8 1 
5 L 0 5 1 
5 L 0 1 1 
5 L 0 4 1 
5 D 267 0 1 
6 L 0 7 1 
6 L 0 2 1 
6 D 267 3 1 
7 L 0 5 1 
7 L 0 1 1 
7 L 0 4 1 
7 D 376 0 1 
8 L 0 2 1 
8 D 376 3 1 
9 L 0 6 1 
9 L 0 8 1 
9 L 0 5 1 
9 L 0 1 1 
9 L 0 4 1 
9 D 468 0 1 
10 L 0 7 1 
10 L 0 2 1 
10 D 468 9 1 
11 D 468 3 1 
12 L 0 5 1 
12 L 0 1 1 
12 L 0 4 1 
12 D 281 0 1 
13 L 0 2 1 
13 D 281 3 1 
14 L 0 6 1 
14 L 0 8 1 
14 L 0 5 1 
14 L 0 1 1 
14 L 0 11 1 
14 D 592 4 1 
15 L 0 0 1 
15 L 0 7 1 
15 D 592 2 1 
16 L 0 10 1 
16 L 0 9 1 
16 D 592 3 1 
17 L 0 6 1 
17 L 0 13 1 
17 L 0 5 1 
17 L 0 8 1 
17 L 0 1 1 
17 L 0 11 1 
17 D 443 4 1 
18 L 0 0 1 
18 L 0 7 1 
18 D 443 2 1 
19 L 0 10 1 
19 L 0 9 1 
19 D 443 3 1 
0 D 443 12 1 
1 L 0 6 1 
1 L 0 13 1 
1 L 0 5 1 
1 L 0 8 1 
1 L 0 1 1 
1 L 0 11 1 
1 D 340 4 1 
2 L 0 0 1 
2 L 0 7 1 
2 D 340 2 1 
3 L 0 10 1 
3 L 0 9 1 
3 D 340 3 1 
4 D 340 12 1 
5 L 0 6 1 
5 L 0 8 1 
5 L 0 5 1 
5 L 0 1 1 
5 L 0 11 1 
5 D 60 4 1 
6 L 0 0 1 
6 L 0 7 1 
6 D 60 2 1 
7 L 0 10 1 
7 L 0 9 1 
7 D 60 3 1 
8 L 0 1 1 
8 L 0 4 1 
8 L 0 0 1 
8 D 309 2 1 
9 D 309 3 1 
10 L 0 5 1 
10 L 0 1 1 
10 L 0 4 1 
10 D 730 0 1 
11 L 0 2 1 
11 D 730 3 1 
12 L 0 6 1 
12 L 0 8 1 
12 L 0 5 1 
12 L 0 1 1 
12 L 0 4 1 
12 D 101 0 1 
13 L 0 7 1 
13 L 0 2 1 
13 D 101 9 1 
14 D 101 3 1 
15 L 0 6 1 
15 L 0 13 1 
15 L 0 5 1 
15 L 0 8 1 
15 L 0 1 1 
15 L 0 11 1 
15 D 15 4 1 
16 L 0 0 1 
16 L 0 7 1 
16 D 15 2 1 
17 L 0 10 1 
17 L 0 9 1 
17 D 15 14 1 
18 L 0 3 1 
18 D 15 12 1 
19 L 0 6 1 
19 L 0 8 1 
19 L 0 5 1 
19 L 0 1 1 
19 L 0 11 1 
19 D 648 4 1 
0 L 0 0 1 
0 L 0 7 1 
0 D 648 2 1 
1 L 0 10 1 
1 L 0 9 1 
1 D 648 3 1 
2 L 0 1 1 
2 L 0 0 1 
2 L 0 2 1 
2 D 633 3 1 
3 L 0 1 1 
3 D 455 0 1 
4 L 0 6 1 
4 L 0 5 1 
4 L 0 1 1 
4 L 0 4 1 
4 D 736 0 1 
5 L 0 2 1 
5 D 736 3 1 
6 L 0 6 1 
6 L 0 8 1 
6 L 0 5 1 
6 L 0 1 1 
6 L 0 4 1 
6 D 475 0 1 
7 L 0 7 1 
7 L 0 2 1 
7 D 475 9 1 
8 D 475 3 1 
9 L 0 1 1 
9 L 0 0 1 
9 D 751 2 1 
10 L 0 6 1 
10 L 0 5 1 
10 L 0 8 1 
10 L 0 1 1 
10 L 0 11 1 
10 D 202 4 1 
11 L 0 0 1 
11 L 0 7 1 
11 D 202 2 1 
12 L 0 10 1 
12 L 0 9 1 
12 D 202 3 1 
13 D 202 12 1 
14 L 0 6 1 
14 L 0 5 1 
14 L 0 1 1 
14 L 0 4 1 
14 D 752 0 1 
15 L 0 2 1 
15 D 752 3 1 
16 L 0 1 1 
16 D 185 0 1 
17 L 0 6 1 
17 L 0 5 1 
17 L 0 1 1 
17 L 0 4 1 
17 D 337 0 1 
18 L 0 2 1 
18 D 337 3 1 
19 D 504 0 1 
0 L 0 6 1 
0 L 0 8 1 
0 L 0 5 1 
0 L 0 1 1 
0 L 0 11 1 
0 D 398 4 1 
1 L 0 0 1 
1 L 0 7 1 
1 D 398 2 1 
2 L 0 10 1 
2 L 0 9 1 
2 D 398 3 1 
3 L 0 6 1 
3 L 0 8 1 
3 L 0 5 1 
3 L 0 1 1 
3 L 0 4 1 
3 D 307 0 1 
4 L 0 7 1 
4 L 0 2 1 
4 D 307 9 1 
5 D 307 3 1 
6 L 0 1 1 
6 L 0 4 1 
6 L 0 0 1 
6 D 489 2 1 
7 D 489 3 1 
8 L 0 1 1 
8 D 213 0 1 
9 D 559 0 1 
10 L 0 6 1 
10 L 0 8 1 
10 L 0 5 1 
10 L 0 1 1 
10 L 0 4 1 
10 D 573 0 1 
11 L 0 7 1 
11 L 0 2 1 
11 D 573 9 1 
12 D 573 3 1 
13 L 0 6 1 
13 L 0 5 1 
13 L 0 1 1 
13 L 0 4 1 
13 D 226 0 1 
14 L 0 7 1 
14 L 0 2 1 
14 D 226 3 1 
15 L 0 6 1 
15 L 0 13 1 
15 L 0 5 1 
15 L 0 8 1 
15 L 0 1 1 
15 L 0 11 1 
15 D 287 4 1 
16 L 0 0 1 
16 L 0 7 1 
16 D 287 2 1 
17 L 0 10 1 
17 L 0 9 1 
17 D 287 3 1 
18 D 287 12 1 
19 L 0 1 1 
19 D 80 0 1 
0 L 0 1 1 
0 L 0 4 1 
0 L 0 0 1 
0 D 683 2 1 
1 D 683 3 1 
2 L 0 6 1 
2 L 0 8 1 
2 L 0 5 1 
2 L 0 1 1 
2 L 0 4 1 
2 D 555 0 1 
3 L 0 7 1 
3 L 0 2 1 
3 D 555 3 1 
4 L 0 1 1 
4 D 16 0 1 
5 L 0 6 1 
5 L 0 8 1 
5 L 0 5 1 
5 L 0 1 1 
5 L 0 4 1 
5 D 225 0 1 
6 L 0 7 1 
6 L 0 2 1 
6 D 225 9 1 
7 D 225 3 1 
8 L 0 5 1 
8 L 0 1 1 
8 L 0 4 1 
8 D 388 0 1 
9 L 0 2 1 
9 D 388 3 1 
10 L 0 6 1 
10 L 0 5 1 
10 L 0 8 1 
10 L 0 1 1 
10 L 0 11 1 
10 D 605 4 1 
11 L 0 0 1 
11 L 0 7 1 
11 D 605 2 1 
12 L 0 10 1 
12 L 0 9 1 
12 D 605 3 1 
13 D 605 12 1 
14 L 0 6 1 
14 L 0 13 1 
14 L 0 8 1 
14 L 0 5 1 
14 L 0 1 1 
14 L 0 11 1 
14 D 538 17 1 
15 L 0 4 1 
15 L 0 16 1 
15 L 0 0 1 
15 D 538 7 1 
16 L 0 2 1 
16 L 0 15 1 
16 D 538 10 1 
17 L 0 9 1 
17 L 0 18 1 
17 D 538 14 1 
18 L 0 3 1 
18 D 538 12 1 
19 D 799 0 1 
0 L 0 1 1 
0 L 0 0 1 
0 L 0 2 1 
0 D 721 3 1 
1 L 0 1 1 
1 L 0 0 1 
1 D 671 2 1 
2 L 0 6 1 
2 L 0 5 1 
2 L 0 1 1 
2 L 0 4 1 
2 D 667 0 1 
3 L 0 7 1 
3 L 0 2 1 
3 D 667 3 1 
4 L 0 6 1 
4 L 0 8 1 
4 L 0 5 1 
4 L 0 1 1 
4 L 0 4 1 
4 D 140 0 1 
5 L 0 7 1 
5 L 0 2 1 
5 D 140 3 1 
6 L 0 1 1 
6 L 0 4 1 
6 L 0 0 1 
6 D 524 2 1 
7 D 524 3 1 
8 L 0 6 1 
8 L 0 13 1 
8 L 0 8 1 
8 L 0 5 1 
8 L 0 1 1 
8 L 0 11 1 
8 D 349 17 1 
9 L 0 4 1 
9 L 0 16 1 
9 L 0 0 1 
9 D 349 7 1 
10 L 0 2 1 
10 L 0 15 1 
10 D 349 10 1 
11 L 0 9 1 
11 L 0 18 1 
11 D 349 14 1 
12 L 0 3 1 
12 D 349 12 1 
13 L 0 1 1 
13 L 0 4 1 
13 L 0 0 1 
13 D 253 2 1 
14 D 253 3 1 
15 L 0 6 1 
15 L 0 8 1 
15 L 0 5 1 
15 L 0 1 1 
15 L 0 4 1 
15 D 762 0 1 
16 L 0 7 1 
16 L 0 2 1 
16 D 762 9 1 
17 D 762 3 1 
18 L 0 6 1 
18 L 0 8 1 
18 L 0 5 1 
18 L 0 1 1 
18 L 0 4 1 
18 D 629 0 1 
19 L 0 7 1 
19 L 0 2 1 
19 D 629 9 1 
0 D 629 3 1 
1 L 0 5 1 
1 L 0 1 1 
1 L 0 4 1 
1 D 642 0 1 
2 L 0 2 1 
2 D 642 3 1 
3 L 0 1 1 
3 L 0 0 1 
3 L 0 2 1 
3 D 176 3 1 
4 L 0 6 1 
4 L 0 13 1 
4 L 0 5 1 
4 L 0 8 1 
4 L 0 1 1 
4 L 0 11 1 
4 D 595 4 1 
5 L 0 0 1 
5 L 0 7 1 
5 D 595 2 1 
6 L 0 10 1 
6 L 0 9 1 
6 D 595 3 1 
7 D 595 12 1 
8 L 0 1 1 
8 L 0 0 1 
8 L 0 2 1 
8 D 474 3 1 
9 L 0 6 1 
9 L 0 13 1 
9 L 0 5 1 
9 L 0 8 1 
9 L 0 1 1 
9 L 0 11 1 
9 D 734 4 1 
10 L 0 0 1 
10 L 0 7 1 
10 D 734 2 1 
11 L 0 10 1 
11 L 0 9 1 
11 D 734 3 1 
12 D 734 12 1 
13 L 0 1 1 
13 L 0 4 1 
13 L 0 0 1 
13 D 239 2 1 
14 D 239 3 1 
15 L 0 1 1 
15 L 0 4 1 
15 L 0 0 1 
15 D 665 2 1 
16 D 665 3 1 
17 L 0 5 1 
17 L 0 1 1 
17 L 0 4 1 
17 D 749 0 1 
18 L 0 2 1 
18 D 749 3 1 
19 L 0 1 1 
19 L 0 0 1 
19 D 579 2 1 
0 L 0 6 1 
0 L 0 13 1 
0 L 0 5 1 
0 L 0 8 1 
0 L 0 1 1 
0 L 0 11 1 
0 D 335 4 1 
1 L 0 0 1 
1 L 0 7 1 
1 D 335 2 1 
2 L 0 15 1 
2 L 0 10 1 
2 D 335 9 1 
3 L 0 14 1 
3 D 335 3 1 
4 D 335 12 1 
5 L 0 1 1 
5 L 0 0 1 
5 L 0 2 1 
5 D 796 3 1 
6 L 0 6 1 
6 L 0 13 1 
6 L 0 8 1 
6 L 0 5 1 
6 L 0 1 1 
6 L 0 11 1 
6 D 361 17 1 
7 L 0 4 1 
7 L 0 16 1 
7 L 0 0 1 
7 D 361 7 1 
8 L 0 2 1 
8 L 0 15 1 
8 D 361 10 1 
9 L 0 9 1 
9 L 0 18 1 
9 D 361 14 1 
10 L 0 3 1 
10 D 361 12 1 
11 L 0 6 1 
11 L 0 13 1 
11 L 0 5 1 
11 L 0 8 1 
11 L 0 1 1 
11 L 0 11 1 
11 D 663 4 1 
12 L 0 0 1 
12 L 0 7 1 
12 D 663 2 1 
13 L 0 15 1 
13 L 0 10 1 
13 D 663 9 1 
14 L 0 14 1 
14 D 663 3 1 
15 D 663 12 1 
16 L 0 5 1 
16 L 0 1 1 
16 L 0 4 1 
16 D 399 0 1 
17 L 0 2 1 
17 D 399 3 1 
18 L 0 1 1 
18 L 0 4 1 
18 L 0 0 1 
18 D 85 2 1 
19 D 85 3 1 
0 L 0 1 1 
0 L 0 0 1 
0 D 222 2 1 
1 L 0 1 1 
1 L 0 0 1 
1 D 121 2 1 
2 L 0 6 1 
2 L 0 8 1 
2 L 0 5 1 
2 L 0 1 1 
2 L 0 4 1 
2 D 401 0 1 
3 L 0 7 1 
3 L 0 2 1 
3 D 401 10 1 
4 L 0 9 1 
4 D 401 3 1 
5 D 231 0 1 
6 D 731 0 1 
7 L 0 6 1 
7 L 0 8 1 
7 L 0 5 1 
7 L 0 1 1 
7 L 0 4 1 
7 D 690 0 1 
8 L 0 7 1 
8 L 0 2 1 
8 D 690 9 1 
9 D 690 3 1 
10 L 0 1 1 
10 L 0 0 1 
10 D 379 2 1 
11 L 0 1 1 
11 L 0 0 1 
11 L 0 2 1 
11 D 4 3 1 
12 L 0 6 1 
12 L 0 13 1 
12 L 0 5 1 
12 L 0 8 1 
12 L 0 1 1 
12 L 0 11 1 
12 D 615 17 1 
13 L 0 4 1 
13 L 0 16 1 
13 L 0 0 1 
13 D 615 7 1 
14 L 0 2 1 
14 L 0 15 1 
14 D 615 10 1 
15 L 0 9 1 
15 L 0 14 1 
15 D 615 3 1 
16 D 615 12 1 
17 L 0 6 1 
17 L 0 5 1 
17 L 0 1 1 
17 L 0 4 1 
17 D 108 0 1 
18 L 0 2 1 
18 D 108 3 1 
19 L 0 1 1 
19 L 0 0 1 
19 L 0 2 1 
19 D 699 3 1 
0 L 0 6 1 
0 L 0 13 1 
0 L 0 5 1 
0 L 0 8 1 
0 L 0 1 1 
0 L 0 11 1 
0 D 98 4 1 
1 L 0 0 1 
1 L 0 7 1 
1 D 98 2 1 
2 L 0 10 1 
2 L 0 9 1 
2 D 98 3 1 
3 D 98 12 1 
4 L 0 1 1 
4 L 0 0 1 
4 L 0 2 1 
4 D 540 3 1 
5 L 0 6 1 
5 L 0 5 1 
5 L 0 1 1 
5 L 0 4 1 
5 D 580 0 1 
6 L 0 2 1 
6 D 580 3 1 
7 L 0 5 1 
7 L 0 1 1 
7 L 0 4 1 
7 D 183 0 1 
8 L 0 2 1 
8 D 183 3 1 
9 L 0 6 1 
9 L 0 5 1 
9 L 0 1 1 
9 L 0 4 1 
9 D 144 0 1 
10 L 0 2 1 
10 D 144 3 1 
11 L 0 6 1 
11 L 0 8 1 
11 L 0 5 1 
11 L 0 1 1 
11 L 0 4 1 
11 D 792 0 1 
12 L 0 7 1 
12 L 0 2 1 
12 D 792 10 1 
13 L 0 9 1 
13 D 792 3 1 
14 L 0 6 1 
14 L 0 13 1 
14 L 0 5 1 
14 L 0 8 1 
14 L 0 1 1 
14 L 0 11 1 
14 D 481 4 1 
15 L 0 0 1 
15 L 0 7 1 
15 D 481 2 1 
16 L 0 10 1 
16 L 0 9 1 
16 D 481 14 1 
17 L 0 3 1 
17 D 481 12 1 
18 L 0 6 1 
18 L 0 13 1 
18 L 0 8 1 
18 L 0 5 1 
18 L 0 1 1 
18 L 0 11 1 
18 D 293 17 1 
19 L 0 4 1 
19 L 0 16 1 
19 L 0 0 1 
19 D 293 7 1 
0 L 0 2 1 
0 L 0 15 1 
0 D 293 10 1 
1 L 0 9 1 
1 L 0 18 1 
1 D 293 14 1 
2 L 0 3 1 
2 D 293 12 1 
3 L 0 6 1 
3 L 0 13 1 
3 L 0 5 1 
3 L 0 8 1 
3 L 0 1 1 
3 L 0 11 1 
3 D 478 4 1 
4 L 0 0 1 
4 L 0 7 1 
4 D 478 2 1 
5 L 0 10 1 
5 L 0 9 1 
5 D 478 14 1 
6 L 0 3 1 
6 D 478 12 1 
7 L 0 5 1 
7 L 0 1 1 
7 L 0 4 1 
7 D 310 0 1 
8 L 0 2 1 
8 D 310 3 1 
9 L 0 6 1 
9 L 0 8 1 
9 L 0 5 1 
9 L 0 1 1 
9 L 0 4 1 
9 D 235 0 1 
10 L 0 7 1 
10 L 0 2 1 
10 D 235 10 1 
11 L 0 9 1 
11 D 235 3 1 
12 L 0 1 1 
12 L 0 4 1 
12 L 0 0 1 
12 D 557 2 1 
13 D 557 3 1 
14 L 0 5 1 
14 L 0 1 1 
14 L 0 4 1 
14 D 363 0 1 
15 L 0 2 1 
15 D 363 3 1 
16 L 0 6 1 
16 L 0 13 1 
16 L 0 5 1 
16 L 0 8 1 
16 L 0 1 1 
16 L 0 11 1 
16 D 614 4 1 
17 L 0 0 1 
17 L 0 7 1 
17 D 614 2 1 
18 L 0 10 1 
18 L 0 9 1 
18 D 614 3 1 
19 D 614 12 1 
0 D 735 0 1 
1 L 0 6 1 
1 L 0 5 1 
1 L 0 1 1 
1 L 0 4 1 
1 D 609 0 1 
2 L 0 2 1 
2 D 609 3 1 
3 L 0 1 1 
3 L 0 4 1 
3 L 0 0 1 
3 D 47 2 1 
4 D 47 3 1 
5 L 0 1 1 
5 L 0 4 1 
5 L 0 0 1 
5 D 426 2 1 
6 D 426 3 1 
7 L 0 1 1 
7 D 646 0 1 
8 L 0 1 1 
8 L 0 0 1 
8 L 0 2 1 
8 D 322 3 1 
9 L 0 6 1 
9 L 0 5 1 
9 L 0 1 1 
9 L 0 4 1 
9 D 256 0 1 
10 L 0 2 1 
10 D 256 3 1 
11 L 0 1 1 
11 L 0 0 1 
11 L 0 2 1 
11 D 530 3 1 
12 L 0 6 1 
12 L 0 5 1 
12 L 0 1 1 
12 L 0 4 1 
12 D 497 0 1 
13 L 0 2 1 
13 D 497 3 1 
14 L 0 1 1 
14 D 367 0 1 
15 L 0 6 1 
15 L 0 5 1 
15 L 0 8 1 
15 L 0 1 1 
15 L 0 11 1 
15 D 565 4 1 
16 L 0 0 1 
16 L 0 7 1 
16 D 565 2 1 
17 L 0 10 1 
17 L 0 9 1 
17 D 565 3 1 
18 D 565 12 1 
19 L 0 1 1 
19 L 0 4 1 
19 L 0 0 1 
19 D 32 2 1 
0 D 32 3 1 
1 L 0 1 1 
1 L 0 0 1 
1 D 544 2 1 
2 L 0 5 1 
2 L 0 1 1 
2 L 0 4 1 
2 D 542 0 1 
3 L 0 2 1 
3 D 542 3 1 
4 D 20 0 1 
5 L 0 6 1 
5 L 0 13 1 
5 L 0 5 1 
5 L 0 8 1 
5 L 0 1 1 
5 L 0 11 1 
5 D 626 17 1 
6 L 0 4 1 
6 L 0 16 1 
6 L 0 0 1 
6 D 626 7 1 
7 L 0 2 1 
7 L 0 15 1 
7 D 626 10 1 
8 L 0 9 1 
8 L 0 14 1 
8 D 626 3 1 
9 D 626 12 1 
10 L 0 5 1 
10 L 0 1 1 
10 L 0 4 1 
10 D 218 0 1 
11 L 0 2 1 
11 D 218 3 1 
12 L 0 6 1 
12 L 0 8 1 
12 L 0 5 1 
12 L 0 1 1 
12 L 0 4 1 
12 D 761 0 1 
13 L 0 7 1 
13 L 0 2 1 
13 D 761 10 1 
14 L 0 9 1 
14 D 761 3 1 
15 L 0 1 1 
15 L 0 4 1 
15 L 0 0 1 
15 D 704 2 1 
16 D 704 3 1 
17 L 0 6 1 
17 L 0 8 1 
17 L 0 5 1 
17 L 0 1 1 
17 L 0 4 1 
17 D 777 0 1 
18 L 0 7 1 
18 L 0 2 1 
18 D 777 3 1 
19 L 0 5 1 
19 L 0 1 1 
19 L 0 4 1 
19 D 420 0 1 
0 L 0 2 1 
0 D 420 3 1 
1 L 0 1 1 
1 L 0 0 1 
1 L 0 2 1 
1 D 170 3 1 
2 L 0 6 1 
2 L 0 13 1 
2 L 0 5 1 
2 L 0 8 1 
2 L 0 1 1 
2 L 0 11 1 
2 D 378 4 1 
3 L 0 0 1 
3 L 0 7 1 
3 D 378 2 1 
4 L 0 10 1 
4 L 0 9 1 
4 D 378 3 1 
5 D 378 12 1 
6 L 0 6 1 
6 L 0 5 1 
6 L 0 1 1 
6 L 0 4 1 
6 D 301 0 1 
7 L 0 2 1 
7 D 301 3 1 
8 L 0 1 1 
8 L 0 4 1 
8 L 0 0 1 
8 D 106 2 1 
9 D 106 3 1 
10 L 0 1 1 
10 D 323 0 1 
11 L 0 6 1 
11 L 0 8 1 
11 L 0 5 1 
11 L 0 1 1 
11 L 0 4 1 
11 D 649 0 1 
12 L 0 7 1 
12 L 0 2 1 
12 D 649 3 1 
13 L 0 6 1 
13 L 0 5 1 
13 L 0 8 1 
13 L 0 1 1 
13 L 0 11 1 
13 D 373 4 1 
14 L 0 0 1 
14 L 0 7 1 
14 D 373 2 1 
15 L 0 10 1 
15 L 0 9 1 
15 D 373 3 1 
16 D 373 12 1 
17 L 0 6 1 
17 L 0 13 1 
17 L 0 5 1 
17 L 0 8 1 
17 L 0 1 1 
17 L 0 11 1 
17 D 286 4 1 
18 L 0 0 1 
18 L 0 7 1 
18 D 286 2 1 
19 L 0 10 1 
19 L 0 9 1 
19 D 286 14 1 
0 L 0 3 1 
0 D 286 12 1 
1 L 0 6 1 
1 L 0 13 1 
1 L 0 5 1 
1 L 0 8 1 
1 L 0 1 1 
1 L 0 11 1 
1 D 214 4 1 
2 L 0 0 1 
2 L 0 7 1 
2 D 214 2 1 
3 L 0 10 1 
3 L 0 9 1 
3 D 214 14 1 
4 L 0 3 1 
4 D 214 12 1 
5 L 0 5 1 
5 L 0 1 1 
5 L 0 4 1 
5 D 13 0 1 
6 L 0 2 1 
6 D 13 3 1 
7 L 0 5 1 
7 L 0 1 1 
7 L 0 4 1 
7 D 643 0 1 
8 L 0 2 1 
8 D 643 3 1 
9 L 0 6 1 
9 L 0 5 1 
9 L 0 1 1 
9 L 0 4 1 
9 D 774 0 1 
10 L 0 2 1 
10 D 774 3 1 
11 L 0 6 1 
11 L 0 8 1 
11 L 0 5 1 
11 L 0 1 1 
11 L 0 11 1 
11 D 171 4 1 
12 L 0 0 1 
12 L 0 7 1 
12 D 171 2 1 
13 L 0 10 1 
13 L 0 9 1 
13 D 171 3 1 
14 L 0 6 1 
14 L 0 13 1 
14 L 0 5 1 
14 L 0 8 1 
14 L 0 1 1 
14 L 0 11 1 
14 D 103 4 1 
15 L 0 0 1 
15 L 0 7 1 
15 D 103 2 1 
16 L 0 15 1 
16 L 0 10 1 
16 D 103 9 1 
17 L 0 14 1 
17 D 103 3 1 
18 D 103 12 1 
19 L 0 6 1 
19 L 0 5 1 
19 L 0 1 1 
19 L 0 4 1 
19 D 483 0 1 
0 L 0 7 1 
0 L 0 2 1 
0 D 483 3 1 
1 L 0 6 1 
1 L 0 8 1 
1 L 0 5 1 
1 L 0 1 1 
1 L 0 11 1 
1 D 275 4 1 
2 L 0 0 1 
2 L 0 7 1 
2 D 275 2 1 
3 L 0 10 1 
3 L 0 9 1 
3 D 275 3 1 
4 L 0 6 1 
4 L 0 8 1 
4 L 0 5 1 
4 L 0 1 1 
4 L 0 11 1 
4 D 744 4 1 
5 L 0 0 1 
5 L 0 7 1 
5 D 744 2 1 
6 L 0 10 1 
6 L 0 9 1 
6 D 744 3 1 
7 L 0 5 1 
7 L 0 1 1 
7 L 0 4 1 
7 D 285 0 1 
8 L 0 2 1 
8 D 285 3 1 
9 L 0 5 1 
9 L 0 1 1 
9 L 0 4 1 
9 D 198 0 1 
10 L 0 2 1 
10 D 198 3 1 
11 L 0 5 1 
11 L 0 1 1 
11 L 0 4 1 
11 D 109 0 1 
12 L 0 2 1 
12 D 109 3 1 
13 L 0 1 1 
13 D 487 0 1 
14 L 0 6 1 
14 L 0 5 1 
14 L 0 1 1 
14 L 0 4 1 
14 D 523 0 1 
15 L 0 2 1 
15 D 523 3 1 
16 L 0 1 1 
16 L 0 4 1 
16 L 0 0 1 
16 D 318 2 1 
17 D 318 3 1 
18 L 0 1 1 
18 D 262 0 1 
19 L 0 6 1 
19 L 0 8 1 
19 L 0 5 1 
19 L 0 1 1 
19 L 0 4 1 
19 D 463 0 1 
0 L 0 7 1 
0 L 0 2 1 
0 D 463 10 1 
1 L 0 9 1 
1 D 463 3 1 
2 L 0 6 1 
2 L 0 8 1 
2 L 0 5 1 
2 L 0 1 1 
2 L 0 11 1 
2 D 111 4 1 
3 L 0 0 1 
3 L 0 7 1 
3 D 111 2 1 
4 L 0 10 1 
4 L 0 9 1 
4 D 111 3 1 
5 L 0 6 1 
5 L 0 8 1 
5 L 0 5 1 
5 L 0 1 1 
5 L 0 4 1 
5 D 672 0 1 
6 L 0 7 1 
6 L 0 2 1 
6 D 672 9 1 
7 D 672 3 1 
8 L 0 6 1 
8 L 0 8 1 
8 L 0 5 1 
8 L 0 1 1 
8 L 0 4 1 
8 D 705 0 1 
9 L 0 7 1 
9 L 0 2 1 
9 D 705 3 1 
10 L 0 1 1 
10 L 0 4 1 
10 L 0 0 1 
10 D 87 2 1 
11 D 87 3 1 
12 L 0 6 1 
12 L 0 13 1 
12 L 0 5 1 
12 L 0 8 1 
12 L 0 1 1 
12 L 0 11 1 
12 D 243 17 1 
13 L 0 4 1 
13 L 0 16 1 
13 L 0 0 1 
13 D 243 7 1 
14 L 0 2 1 
14 L 0 15 1 
14 D 243 10 1 
15 L 0 9 1 
15 L 0 14 1 
15 D 243 3 1 
16 D 243 12 1 
17 L 0 6 1 
17 L 0 8 1 
17 L 0 5 1 
17 L 0 1 1 
17 L 0 11 1 
17 D 658 4 1 
18 L 0 0 1 
18 L 0 7 1 
18 D 658 2 1 
19 L 0 10 1 
19 L 0 9 1 
19 D 658 3 1 
0 L 0 6 1 
0 L 0 5 1 
0 L 0 1 1 
0 L 0 4 1 
0 D 729 0 1 
1 L 0 2 1 
1 D 729 3 1 
2 L 0 1 1 
2 L 0 4 1 
2 L 0 0 1 
2 D 27 2 1 
3 D 27 3 1 
4 L 0 6 1 
4 L 0 5 1 
4 L 0 1 1 
4 L 0 4 1 
4 D 270 0 1 
5 L 0 7 1 
5 L 0 2 1 
5 D 270 3 1 
6 L 0 6 1 
6 L 0 5 1 
6 L 0 1 1 
6 L 0 4 1 
6 D 78 0 1 
7 L 0 7 1 
7 L 0 2 1 
7 D 78 3 1 
8 L 0 6 1 
8 L 0 13 1 
8 L 0 5 1 
8 L 0 8 1 
8 L 0 1 1 
8 L 0 11 1 
8 D 754 4 1 
9 L 0 0 1 
9 L 0 7 1 
9 D 754 2 1 
10 L 0 15 1 
10 L 0 10 1 
10 D 754 9 1 
11 L 0 14 1 
11 D 754 3 1 
12 D 754 12 1 
13 L 0 6 1 
13 L 0 8 1 
13 L 0 5 1 
13 L 0 1 1 
13 L 0 4 1 
13 D 539 0 1 
14 L 0 7 1 
14 L 0 2 1 
14 D 539 3 1 
15 L 0 1 1 
15 L 0 0 1 
15 L 0 2 1 
15 D 359 3 1 
16 L 0 6 1 
16 L 0 5 1 
16 L 0 1 1 
16 L 0 4 1 
16 D 666 0 1 
17 L 0 2 1 
17 D 666 3 1 
18 L 0 1 1 
18 D 600 0 1 
19 L 0 1 1 
19 D 589 0 1 
0 L 0 6 1 
0 L 0 8 1 
0 L 0 5 1 
0 L 0 1 1 
0 L 0 4 1 
0 D 789 0 1 
1 L 0 7 1 
1 L 0 2 1 
1 D 789 3 1 
2 L 0 5 1 
2 L 0 1 1 
2 L 0 4 1 
2 D 533 0 1 
3 L 0 2 1 
3 D 533 3 1 
4 L 0 6 1 
4 L 0 5 1 
4 L 0 1 1 
4 L 0 4 1 
4 D 793 0 1 
5 L 0 7 1 
5 L 0 2 1 
5 D 793 3 1 
6 L 0 1 1 
6 D 703 0 1 
7 L 0 5 1 
7 L 0 1 1 
7 L 0 4 1 
7 D 118 0 1 
8 L 0 2 1 
8 D 118 3 1 
9 L 0 6 1 
9 L 0 5 1 
9 L 0 1 1 
9 L 0 4 1 
9 D 79 0 1 
10 L 0 2 1 
10 D 79 3 1 
11 L 0 1 1 
11 L 0 4 1 
11 L 0 0 1 
11 D 63 2 1 
12 D 63 3 1 
13 L 0 1 1 
13 L 0 0 1 
13 L 0 2 1 
13 D 96 3 1 
14 L 0 1 1 
14 D 415 0 1 
15 L 0 6 1 
15 L 0 5 1 
15 L 0 1 1 
15 L 0 4 1 
15 D 505 0 1 
16 L 0 2 1 
16 D 505 3 1 
17 L 0 1 1 
17 L 0 4 1 
17 L 0 0 1 
17 D 331 2 1 
18 D 331 3 1 
19 L 0 6 1 
19 L 0 8 1 
19 L 0 5 1 
19 L 0 1 1 
19 L 0 4 1 
19 D 650 0 1 
0 L 0 7 1 
0 L 0 2 1 
0 D 650 9 1 
1 D 650 3 1 
2 L 0 6 1 
2 L 0 8 1 
2 L 0 5 1 
2 L 0 1 1 
2 L 0 4 1 
2 D 99 0 1 
3 L 0 7 1 
3 L 0 2 1 
3 D 99 9 1 
4 D 99 3 1 
5 L 0 1 1 
5 L 0 4 1 
5 L 0 0 1 
5 D 263 2 1 
6 D 263 3 1 
7 L 0 6 1 
7 L 0 5 1 
7 L 0 1 1 
7 L 0 4 1 
7 D 395 0 1 
8 L 0 2 1 
8 D 395 3 1 
9 L 0 6 1 
9 L 0 13 1 
9 L 0 5 1 
9 L 0 8 1 
9 L 0 1 1 
9 L 0 11 1 
9 D 535 4 1 
10 L 0 0 1 
10 L 0 7 1 
10 D 535 2 1 
11 L 0 10 1 
11 L 0 9 1 
11 D 535 14 1 
12 L 0 3 1 
12 D 535 12 1 
13 L 0 1 1 
13 L 0 0 1 
13 D 639 2 1 
14 L 0 1 1 
14 L 0 4 1 
14 L 0 0 1 
14 D 355 2 1 
15 D 355 3 1 
16 L 0 6 1 
16 L 0 13 1 
16 L 0 5 1 
16 L 0 8 1 
16 L 0 1 1 
16 L 0 11 1 
16 D 776 4 1 
17 L 0 0 1 
17 L 0 7 1 
17 D 776 2 1 
18 L 0 10 1 
18 L 0 9 1 
18 D 776 3 1 
19 D 776 12 1 
0 L 0 6 1 
0 L 0 13 1 
0 L 0 5 1 
0 L 0 8 1 
0 L 0 1 1 
0 L 0 11 1 
0 D 611 17 1 
1 L 0 4 1 
1 L 0 16 1 
1 L 0 0 1 
1 D 611 7 1 
2 L 0 2 1 
2 L 0 15 1 
2 D 611 10 1 
3 L 0 9 1 
3 L 0 14 1 
3 D 611 3 1 
4 D 611 12 1 
5 L 0 6 1 
5 L 0 5 1 
5 L 0 1 1 
5 L 0 4 1 
5 D 606 0 1 
6 L 0 7 1 
6 L 0 2 1 
6 D 606 3 1 
7 L 0 6 1 
7 L 0 8 1 
7 L 0 5 1 
7 L 0 1 1 
7 L 0 4 1 
7 D 569 0 1 
8 L 0 7 1 
8 L 0 2 1 
8 D 569 9 1 
9 D 569 3 1 
10 L 0 1 1 
10 L 0 0 1 
10 D 712 2 1 
11 L 0 1 1 
11 L 0 4 1 
11 L 0 0 1 
11 D 126 2 1 
12 D 126 3 1 
13 L 0 6 1 
13 L 0 8 1 
13 L 0 5 1 
13 L 0 1 1 
13 L 0 11 1 
13 D 517 4 1 
14 L 0 0 1 
14 L 0 7 1 
14 D 517 2 1 
15 L 0 10 1 
15 L 0 9 1 
15 D 517 3 1 
16 L 0 6 1 
16 L 0 8 1 
16 L 0 5 1 
16 L 0 1 1 
16 L 0 4 1 
16 D 518 0 1 
17 L 0 7 1 
17 L 0 2 1 
17 D 518 3 1 
18 L 0 6 1 
18 L 0 5 1 
18 L 0 1 1 
18 L 0 4 1 
18 D 512 0 1 
19 L 0 2 1 
19 D 512 3 1 
0 L 0 6 1 
0 L 0 5 1 
0 L 0 1 1 
0 L 0 4 1 
0 D 350 0 1 
1 L 0 2 1 
1 D 350 3 1 
2 L 0 6 1 
2 L 0 5 1 
2 L 0 1 1 
2 L 0 4 1 
2 D 635 0 1 
3 L 0 7 1 
3 L 0 2 1 
3 D 635 3 1 
4 L 0 1 1 
4 D 664 0 1 
5 D 191 0 1 
6 L 0 6 1 
6 L 0 13 1 
6 L 0 5 1 
6 L 0 8 1 
6 L 0 1 1 
6 L 0 11 1 
6 D 686 4 1 
7 L 0 0 1 
7 L 0 7 1 
7 D 686 2 1 
8 L 0 10 1 
8 L 0 9 1 
8 D 686 3 1 
9 D 686 12 1 
10 L 0 6 1 
10 L 0 5 1 
10 L 0 1 1 
10 L 0 4 1 
10 D 612 0 1 
11 L 0 7 1 
11 L 0 2 1 
11 D 612 3 1 
12 L 0 6 1 
12 L 0 5 1 
12 L 0 1 1 
12 L 0 4 1 
12 D 93 0 1 
13 L 0 2 1 
13 D 93 3 1 
14 L 0 6 1 
14 L 0 8 1 
14 L 0 5 1 
14 L 0 1 1 
14 L 0 4 1 
14 D 324 0 1 
15 L 0 7 1 
15 L 0 2 1 
15 D 324 3 1 
16 L 0 6 1 
16 L 0 8 1 
16 L 0 5 1 
16 L 0 1 1 
16 L 0 4 1 
16 D 707 0 1 
17 L 0 7 1 
17 L 0 2 1 
17 D 707 3 1 
18 L 0 1 1 
18 L 0 0 1 
18 D 581 2 1 
19 L 0 1 1 
19 L 0 4 1 
19 L 0 0 1 
19 D 511 2 1 
0 D 511 3 1 
1 L 0 6 1 
1 L 0 5 1 
1 L 0 1 1 
1 L 0 4 1 
1 D 334 0 1 
2 L 0 7 1 
2 L 0 2 1 
2 D 334 3 1 
3 L 0 6 1 
3 L 0 13 1 
3 L 0 5 1 
3 L 0 8 1 
3 L 0 1 1 
3 L 0 11 1 
3 D 186 4 1 
4 L 0 16 1 
4 L 0 0 1 
4 D 186 7 1 
5 L 0 2 1 
5 L 0 15 1 
5 D 186 10 1 
6 L 0 9 1 
6 L 0 14 1 
6 D 186 3 1 
7 D 186 12 1 
8 L 0 1 1 
8 L 0 0 1 
8 L 0 2 1 
8 D 210 3 1 
9 L 0 1 1 
9 L 0 0 1 
9 L 0 2 1 
9 D 392 3 1 
10 L 0 1 1 
10 L 0 0 1 
10 L 0 2 1 
10 D 133 3 1 
11 L 0 6 1 
11 L 0 8 1 
11 L 0 5 1 
11 L 0 1 1 
11 L 0 4 1 
11 D 280 0 1 
12 L 0 7 1 
12 L 0 2 1 
12 D 280 3 1 
13 L 0 1 1 
13 D 200 0 1 
14 L 0 6 1 
14 L 0 8 1 
14 L 0 5 1 
14 L 0 1 1 
14 L 0 4 1 
14 D 116 0 1 
15 L 0 7 1 
15 L 0 2 1 
15 D 116 10 1 
16 L 0 9 1 
16 D 116 3 1 
17 L 0 1 1 
17 D 758 0 1 
18 L 0 1 1 
18 L 0 4 1 
18 L 0 0 1 
18 D 100 2 1 
19 D 100 3 1 
0 L 0 6 1 
0 L 0 8 1 
0 L 0 5 1 
0 L 0 1 1 
0 L 0 4 1 
0 D 423 0 1 
1 L 0 7 1 
1 L 0 2 1 
1 D 423 9 1 
2 D 423 3 1 
3 L 0 1 1 
3 L 0 4 1 
3 L 0 0 1 
3 D 655 2 1 
4 D 655 3 1 
5 L 0 6 1 
5 L 0 5 1 
5 L 0 1 1 
5 L 0 4 1 
5 D 779 0 1 
6 L 0 2 1 
6 D 779 3 1 
7 L 0 5 1 
7 L 0 1 1 
7 L 0 4 1 
7 D 316 0 1 
8 L 0 2 1 
8 D 316 3 1 
9 L 0 5 1 
9 L 0 1 1 
9 L 0 4 1 
9 D 756 0 1 
10 L 0 2 1 
10 D 756 3 1 
11 L 0 1 1 
11 D 352 0 1 
12 L 0 1 1 
12 L 0 4 1 
12 L 0 0 1 
12 D 430 2 1 
13 D 430 3 1 
14 L 0 1 1 
14 L 0 4 1 
14 L 0 0 1 
14 D 319 2 1 
15 D 319 3 1 
16 L 0 6 1 
16 L 0 5 1 
16 L 0 1 1 
16 L 0 4 1 
16 D 618 0 1 
17 L 0 7 1 
17 L 0 2 1 
17 D 618 3 1 
18 L 0 1 1 
18 L 0 4 1 
18 L 0 0 1 
18 D 536 2 1 
19 D 536 3 1 
0 L 0 6 1 
0 L 0 5 1 
0 L 0 8 1 
0 L 0 1 1 
0 L 0 11 1 
0 D 142 4 1 
1 L 0 0 1 
1 L 0 7 1 
1 D 142 2 1 
2 L 0 10 1 
2 L 0 9 1 
2 D 142 3 1 
3 D 142 12 1 
4 L 0 6 1 
4 L 0 13 1 
4 L 0 5 1 
4 L 0 8 1 
4 L 0 1 1 
4 L 0 11 1 
4 D 48 4 1 
5 L 0 16 1 
5 L 0 0 1 
5 D 48 7 1 
6 L 0 2 1 
6 L 0 15 1 
6 D 48 10 1 
7 L 0 9 1 
7 L 0 14 1 
7 D 48 3 1 
8 D 48 12 1 
9 L 0 6 1 
9 L 0 8 1 
9 L 0 5 1 
9 L 0 1 1 
9 L 0 11 1 
9 D 315 4 1 
10 L 0 0 1 
10 L 0 7 1 
10 D 315 2 1 
11 L 0 10 1 
11 L 0 9 1 
11 D 315 3 1 
12 L 0 6 1 
12 L 0 13 1 
12 L 0 5 1 
12 L 0 8 1 
12 L 0 1 1 
12 L 0 11 1 
12 D 502 4 1 
13 L 0 0 1 
13 L 0 7 1 
13 D 502 2 1 
14 L 0 10 1 
14 L 0 9 1 
14 D 502 3 1 
15 D 502 12 1 
16 L 0 6 1 
16 L 0 8 1 
16 L 0 5 1 
16 L 0 1 1 
16 L 0 4 1 
16 D 291 0 1 
17 L 0 7 1 
17 L 0 2 1 
17 D 291 3 1 
18 D 531 0 1 
19 L 0 1 1 
19 L 0 0 1 
19 D 251 2 1 
0 L 0 1 1 
0 D 320 0 1 
1 L 0 6 1 
1 L 0 5 1 
1 L 0 1 1 
1 L 0 4 1 
1 D 662 0 1 
2 L 0 7 1 
2 L 0 2 1 
2 D 662 3 1 
3 L 0 6 1 
3 L 0 5 1 
3 L 0 1 1 
3 L 0 4 1 
3 D 44 0 1 
4 L 0 7 1 
4 L 0 2 1 
4 D 44 3 1 
5 L 0 1 1 
5 D 550 0 1 
6 L 0 6 1 
6 L 0 13 1 
6 L 0 8 1 
6 L 0 5 1 
6 L 0 1 1 
6 L 0 11 1 
6 D 714 17 1 
7 L 0 4 1 
7 L 0 16 1 
7 L 0 0 1 
7 D 714 7 1 
8 L 0 2 1 
8 L 0 15 1 
8 D 714 10 1 
9 L 0 9 1 
9 L 0 18 1 
9 D 714 14 1 
10 L 0 3 1 
10 D 714 12 1 
11 L 0 6 1 
11 L 0 13 1 
11 L 0 8 1 
11 L 0 5 1 
11 L 0 1 1 
11 L 0 11 1 
11 D 257 17 1 
12 L 0 4 1 
12 L 0 16 1 
12 L 0 0 1 
12 D 257 7 1 
13 L 0 2 1 
13 L 0 15 1 
13 D 257 10 1 
14 L 0 9 1 
14 L 0 18 1 
14 D 257 14 1 
15 L 0 3 1 
15 D 257 12 1 
16 L 0 1 1 
16 L 0 0 1 
16 L 0 2 1 
16 D 795 3 1 
17 L 0 6 1 
17 L 0 8 1 
17 L 0 5 1 
17 L 0 1 1 
17 L 0 4 1 
17 D 588 0 1 
18 L 0 7 1 
18 L 0 2 1 
18 D 588 3 1 
19 L 0 1 1 
19 L 0 0 1 
19 L 0 2 1 
19 D 448 3 1 
0 L 0 6 1 
0 L 0 5 1 
0 L 0 8 1 
0 L 0 1 1 
0 L 0 11 1 
0 D 409 4 1 
1 L 0 0 1 
1 L 0 7 1 
1 D 409 2 1 
2 L 0 10 1 
2 L 0 9 1 
2 D 409 3 1 
3 D 409 12 1 
4 L 0 1 1 
4 L 0 0 1 
4 D 746 2 1 
5 L 0 1 1 
5 L 0 0 1 
5 D 562 2 1 
6 L 0 5 1 
6 L 0 1 1 
6 L 0 4 1 
6 D 737 0 1 
7 L 0 2 1 
7 D 737 3 1 
8 L 0 1 1 
8 D 305 0 1 
9 L 0 1 1 
9 L 0 0 1 
9 D 46 2 1 
10 L 0 1 1 
10 L 0 0 1 
10 L 0 2 1 
10 D 59 3 1 
11 D 233 0 1 
12 L 0 6 1 
12 L 0 13 1 
12 L 0 5 1 
12 L 0 8 1 
12 L 0 1 1 
12 L 0 11 1 
12 D 358 4 1 
13 L 0 0 1 
13 L 0 7 1 
13 D 358 2 1 
14 L 0 10 1 
14 L 0 9 1 
14 D 358 3 1 
15 D 358 12 1 
16 L 0 1 1 
16 L 0 0 1 
16 L 0 2 1 
16 D 383 3 1 
17 L 0 6 1 
17 L 0 8 1 
17 L 0 5 1 
17 L 0 1 1 
17 L 0 4 1 
17 D 39 0 1 
18 L 0 7 1 
18 L 0 2 1 
18 D 39 3 1 
19 L 0 1 1 
19 L 0 0 1 
19 D 571 2 1 
0 L 0 6 1 
0 L 0 8 1 
0 L 0 5 1 
0 L 0 1 1 
0 L 0 4 1 
0 D 628 0 1 
1 L 0 7 1 
1 L 0 2 1 
1 D 628 3 1 
2 L 0 6 1 
2 L 0 5 1 
2 L 0 8 1 
2 L 0 1 1 
2 L 0 11 1 
2 D 28 4 1 
3 L 0 0 1 
3 L 0 7 1 
3 D 28 2 1 
4 L 0 10 1 
4 L 0 9 1 
4 D 28 3 1 
5 D 28 12 1 
6 L 0 6 1 
6 L 0 13 1 
6 L 0 5 1 
6 L 0 8 1 
6 L 0 1 1 
6 L 0 11 1 
6 D 56 4 1 
7 L 0 16 1 
7 L 0 0 1 
7 D 56 7 1 
8 L 0 2 1 
8 L 0 15 1 
8 D 56 10 1 
9 L 0 9 1 
9 L 0 14 1 
9 D 56 3 1 
10 D 56 12 1 
11 L 0 6 1 
11 L 0 13 1 
11 L 0 5 1 
11 L 0 8 1 
11 L 0 1 1 
11 L 0 11 1 
11 D 445 4 1 
12 L 0 16 1 
12 L 0 0 1 
12 D 445 7 1 
13 L 0 2 1 
13 L 0 15 1 
13 D 445 10 1 
14 L 0 9 1 
14 L 0 14 1 
14 D 445 3 1 
15 D 445 12 1 
16 L 0 6 1 
16 L 0 5 1 
16 L 0 1 1 
16 L 0 4 1 
16 D 773 0 1 
17 L 0 7 1 
17 L 0 2 1 
17 D 773 3 1 
18 L 0 1 1 
18 D 545 0 1 
19 L 0 1 1 
19 D 194 0 1 
0 L 0 6 1 
0 L 0 13 1 
0 L 0 5 1 
0 L 0 8 1 
0 L 0 1 1 
0 L 0 11 1 
0 D 151 4 1 
1 L 0 16 1 
1 L 0 0 1 
1 D 151 7 1 
2 L 0 2 1 
2 L 0 15 1 
2 D 151 10 1 
3 L 0 9 1 
3 L 0 14 1 
3 D 151 3 1 
4 D 151 12 1 
5 L 0 6 1 
5 L 0 5 1 
5 L 0 1 1 
5 L 0 4 1 
5 D 91 0 1 
6 L 0 2 1 
6 D 91 3 1 
7 L 0 6 1 
7 L 0 13 1 
7 L 0 5 1 
7 L 0 8 1 
7 L 0 1 1 
7 L 0 11 1 
7 D 437 4 1 
8 L 0 16 1 
8 L 0 0 1 
8 D 437 7 1 
9 L 0 2 1 
9 L 0 15 1 
9 D 437 10 1 
10 L 0 9 1 
10 L 0 14 1 
10 D 437 3 1 
11 D 437 12 1 
12 L 0 5 1 
12 L 0 1 1 
12 L 0 4 1 
12 D 403 0 1 
13 L 0 2 1 
13 D 403 3 1 
14 L 0 6 1 
14 L 0 8 1 
14 L 0 5 1 
14 L 0 1 1 
14 L 0 4 1 
14 D 250 0 1 
15 L 0 7 1 
15 L 0 2 1 
15 D 250 3 1 
16 L 0 1 1 
16 L 0 0 1 
16 L 0 2 1 
16 D 341 3 1 
17 L 0 1 1 
17 L 0 4 1 
17 L 0 0 1 
17 D 480 2 1 
18 D 480 3 1 
19 L 0 5 1 
19 L 0 1 1 
19 L 0 4 1 
19 D 83 0 1 
0 L 0 2 1 
0 D 83 3 1 
1 L 0 6 1 
1 L 0 5 1 
1 L 0 1 1 
1 L 0 4 1 
1 D 654 0 1 
2 L 0 7 1 
2 L 0 2 1 
2 D 654 3 1 
3 L 0 1 1 
3 L 0 0 1 
3 L 0 2 1 
3 D 8 3 1 
4 L 0 5 1 
4 L 0 1 1 
4 L 0 4 1 
4 D 167 0 1 
5 L 0 2 1 
5 D 167 3 1 
6 L 0 6 1 
6 L 0 8 1 
6 L 0 5 1 
6 L 0 1 1 
6 L 0 4 1 
6 D 177 0 1 
7 L 0 7 1 
7 L 0 2 1 
7 D 177 10 1 
8 L 0 9 1 
8 D 177 3 1 
9 L 0 6 1 
9 L 0 5 1 
9 L 0 1 1 
9 L 0 4 1 
9 D 7 0 1 
10 L 0 7 1 
10 L 0 2 1 
10 D 7 3 1 
11 L 0 6 1 
11 L 0 8 1 
11 L 0 5 1 
11 L 0 1 1 
11 L 0 4 1 
11 D 260 0 1 
12 L 0 7 1 
12 L 0 2 1 
12 D 260 9 1 
13 D 260 3 1 
14 L 0 1 1 
14 L 0 0 1 
14 D 155 2 1 
15 L 0 6 1 
15 L 0 13 1 
15 L 0 5 1 
15 L 0 8 1 
15 L 0 1 1 
15 L 0 11 1 
15 D 122 17 1 
16 L 0 4 1 
16 L 0 16 1 
16 L 0 0 1 
16 D 122 7 1 
17 L 0 2 1 
17 L 0 15 1 
17 D 122 10 1 
18 L 0 9 1 
18 L 0 14 1 
18 D 122 3 1 
19 D 122 12 1 
0 L 0 5 1 
0 L 0 1 1 
0 L 0 4 1 
0 D 476 0 1 
1 L 0 2 1 
1 D 476 3 1 
2 L 0 1 1 
2 D 188 0 1 
3 L 0 1 1 
3 L 0 4 1 
3 L 0 0 1 
3 D 182 2 1 
4 D 182 3 1 
5 L 0 6 1 
5 L 0 8 1 
5 L 0 5 1 
5 L 0 1 1 
5 L 0 11 1 
5 D 65 4 1 
6 L 0 0 1 
6 L 0 7 1 
6 D 65 2 1 
7 L 0 10 1 
7 L 0 9 1 
7 D 65 3 1 
8 L 0 1 1 
8 L 0 0 1 
8 D 495 2 1 
9 L 0 6 1 
9 L 0 13 1 
9 L 0 5 1 
9 L 0 8 1 
9 L 0 1 1 
9 L 0 11 1 
9 D 295 4 1 
10 L 0 0 1 
10 L 0 7 1 
10 D 295 2 1 
11 L 0 10 1 
11 L 0 9 1 
11 D 295 14 1 
12 L 0 3 1 
12 D 295 12 1 
13 L 0 6 1 
13 L 0 8 1 
13 L 0 5 1 
13 L 0 1 1 
13 L 0 11 1 
13 D 702 4 1 
14 L 0 0 1 
14 L 0 7 1 
14 D 702 2 1 
15 L 0 10 1 
15 L 0 9 1 
15 D 702 3 1 
16 L 0 1 1 
16 L 0 0 1 
16 L 0 2 1 
16 D 64 3 1 
17 L 0 5 1 
17 L 0 1 1 
17 L 0 4 1 
17 D 682 0 1 
18 L 0 2 1 
18 D 682 3 1 
19 L 0 6 1 
19 L 0 5 1 
19 L 0 8 1 
19 L 0 1 1 
19 L 0 11 1 
19 D 501 4 1 
0 L 0 0 1 
0 L 0 7 1 
0 D 501 2 1 
1 L 0 10 1 
1 L 0 9 1 
1 D 501 3 1 
2 D 501 12 1 
3 L 0 6 1 
3 L 0 13 1 
3 L 0 5 1 
3 L 0 8 1 
3 L 0 1 1 
3 L 0 11 1 
3 D 119 4 1 
4 L 0 0 1 
4 L 0 7 1 
4 D 119 2 1 
5 L 0 10 1 
5 L 0 9 1 
5 D 119 14 1 
6 L 0 3 1 
6 D 119 12 1 
7 L 0 5 1 
7 L 0 1 1 
7 L 0 4 1 
7 D 410 0 1 
8 L 0 2 1 
8 D 410 3 1 
9 L 0 6 1 
9 L 0 8 1 
9 L 0 5 1 
9 L 0 1 1 
9 L 0 4 1 
9 D 431 0 1 
10 L 0 7 1 
10 L 0 2 1 
10 D 431 10 1 
11 L 0 9 1 
11 D 431 3 1 
12 L 0 1 1 
12 L 0 0 1 
12 D 351 2 1 
13 L 0 6 1 
13 L 0 13 1 
13 L 0 5 1 
13 L 0 8 1 
13 L 0 1 1 
13 L 0 11 1 
13 D 567 4 1 
14 L 0 0 1 
14 L 0 7 1 
14 D 567 2 1 
15 L 0 10 1 
15 L 0 9 1 
15 D 567 3 1 
16 D 567 12 1 
17 L 0 6 1 
17 L 0 13 1 
17 L 0 5 1 
17 L 0 8 1 
17 L 0 1 1 
17 L 0 11 1 
17 D 141 17 1 
18 L 0 4 1 
18 L 0 16 1 
18 L 0 0 1 
18 D 141 7 1 
19 L 0 2 1 
19 L 0 15 1 
19 D 141 10 1 
0 L 0 9 1 
0 L 0 14 1 
0 D 141 3 1 
1 D 141 12 1 
2 L 0 6 1 
2 L 0 5 1 
2 L 0 1 1 
2 L 0 4 1 
2 D 532 0 1 
3 L 0 7 1 
3 L 0 2 1 
3 D 532 3 1 
4 L 0 1 1 
4 L 0 0 1 
4 D 439 2 1 
5 L 0 6 1 
5 L 0 8 1 
5 L 0 5 1 
5 L 0 1 1 
5 L 0 4 1 
5 D 236 0 1 
6 L 0 7 1 
6 L 0 2 1 
6 D 236 10 1 
7 L 0 9 1 
7 D 236 3 1 
8 L 0 1 1 
8 D 742 0 1 
9 L 0 1 1 
9 L 0 0 1 
9 L 0 2 1 
9 D 197 3 1 
10 L 0 1 1 
10 L 0 0 1 
10 L 0 2 1 
10 D 107 3 1 
11 L 0 1 1 
11 L 0 0 1 
11 D 491 2 1 
12 L 0 6 1 
12 L 0 13 1 
12 L 0 5 1 
12 L 0 8 1 
12 L 0 1 1 
12 L 0 11 1 
12 D 43 4 1 
13 L 0 0 1 
13 L 0 7 1 
13 D 43 2 1 
14 L 0 10 1 
14 L 0 9 1 
14 D 43 14 1 
15 L 0 3 1 
15 D 43 12 1 
16 L 0 6 1 
16 L 0 13 1 
16 L 0 5 1 
16 L 0 8 1 
16 L 0 1 1 
16 L 0 11 1 
16 D 484 4 1 
17 L 0 0 1 
17 L 0 7 1 
17 D 484 2 1 
18 L 0 10 1 
18 L 0 9 1 
18 D 484 3 1 
19 D 484 12 1 
0 D 503 0 1 
1 L 0 1 1 
1 L 0 0 1 
1 D 74 2 1 
2 L 0 1 1 
2 L 0 0 1 
2 D 184 2 1 
3 L 0 6 1 
3 L 0 13 1 
3 L 0 5 1 
3 L 0 8 1 
3 L 0 1 1 
3 L 0 11 1 
3 D 604 4 1 
4 L 0 0 1 
4 L 0 7 1 
4 D 604 2 1 
5 L 0 10 1 
5 L 0 9 1 
5 D 604 14 1 
6 L 0 3 1 
6 D 604 12 1 
7 L 0 6 1 
7 L 0 13 1 
7 L 0 5 1 
7 L 0 8 1 
7 L 0 1 1 
7 L 0 11 1 
7 D 769 4 1 
8 L 0 0 1 
8 L 0 7 1 
8 D 769 2 1 
9 L 0 10 1 
9 L 0 9 1 
9 D 769 3 1 
10 D 769 12 1 
11 L 0 1 1 
11 L 0 0 1 
11 D 427 2 1 
12 L 0 1 1 
12 L 0 0 1 
12 L 0 2 1 
12 D 772 3 1 
13 L 0 5 1 
13 L 0 1 1 
13 L 0 4 1 
13 D 563 0 1 
14 L 0 2 1 
14 D 563 3 1 
15 L 0 6 1 
15 L 0 8 1 
15 L 0 5 1 
15 L 0 1 1 
15 L 0 4 1 
15 D 283 0 1 
16 L 0 7 1 
16 L 0 2 1 
16 D 283 9 1 
17 D 283 3 1 
18 D 568 0 1 
19 L 0 6 1 
19 L 0 13 1 
19 L 0 5 1 
19 L 0 8 1 
19 L 0 1 1 
19 L 0 11 1 
19 D 26 4 1 
0 L 0 0 1 
0 L 0 7 1 
0 D 26 2 1 
1 L 0 10 1 
1 L 0 9 1 
1 D 26 3 1 
2 D 26 12 1 
3 L 0 6 1 
3 L 0 8 1 
3 L 0 5 1 
3 L 0 1 1 
3 L 0 11 1 
3 D 296 4 1 
4 L 0 0 1 
4 L 0 7 1 
4 D 296 2 1 
5 L 0 10 1 
5 L 0 9 1 
5 D 296 3 1 
6 L 0 6 1 
6 L 0 5 1 
6 L 0 1 1 
6 L 0 4 1 
6 D 590 0 1 
7 L 0 2 1 
7 D 590 3 1 
8 L 0 6 1 
8 L 0 5 1 
8 L 0 1 1 
8 L 0 4 1 
8 D 29 0 1 
9 L 0 2 1 
9 D 29 3 1 
10 L 0 6 1 
10 L 0 13 1 
10 L 0 5 1 
10 L 0 8 1 
10 L 0 1 1 
10 L 0 11 1 
10 D 651 4 1 
11 L 0 0 1 
11 L 0 7 1 
11 D 651 2 1 
12 L 0 10 1 
12 L 0 9 1 
12 D 651 14 1 
13 L 0 3 1 
13 D 651 12 1 
14 L 0 6 1 
14 L 0 5 1 
14 L 0 1 1 
14 L 0 4 1 
14 D 215 0 1 
15 L 0 7 1 
15 L 0 2 1 
15 D 215 3 1 
16 L 0 1 1 
16 L 0 0 1 
16 L 0 2 1 
16 D 493 3 1 
17 L 0 6 1 
17 L 0 13 1 
17 L 0 5 1 
17 L 0 8 1 
17 L 0 1 1 
17 L 0 11 1 
17 D 760 4 1 
18 L 0 0 1 
18 L 0 7 1 
18 D 760 2 1 
19 L 0 10 1 
19 L 0 9 1 
19 D 760 3 1 
0 D 760 12 1 
1 L 0 5 1 
1 L 0 1 1 
1 L 0 4 1 
1 D 416 0 1 
2 L 0 2 1 
2 D 416 3 1 
3 L 0 1 1 
3 L 0 0 1 
3 L 0 2 1 
3 D 201 3 1 
4 L 0 5 1 
4 L 0 1 1 
4 L 0 4 1 
4 D 31 0 1 
5 L 0 2 1 
5 D 31 3 1 
6 L 0 6 1 
6 L 0 5 1 
6 L 0 1 1 
6 L 0 4 1 
6 D 229 0 1 
7 L 0 2 1 
7 D 229 3 1 
8 L 0 6 1 
8 L 0 5 1 
8 L 0 1 1 
8 L 0 4 1 
8 D 397 0 1 
9 L 0 7 1 
9 L 0 2 1 
9 D 397 3 1 
10 L 0 1 1 
10 L 0 0 1 
10 D 366 2 1 
11 L 0 1 1 
11 L 0 0 1 
11 L 0 2 1 
11 D 242 3 1 
12 L 0 1 1 
12 D 38 0 1 
13 L 0 5 1 
13 L 0 1 1 
13 L 0 4 1 
13 D 377 0 1 
14 L 0 2 1 
14 D 377 3 1 
15 L 0 6 1 
15 L 0 5 1 
15 L 0 8 1 
15 L 0 1 1 
15 L 0 11 1 
15 D 669 4 1 
16 L 0 0 1 
16 L 0 7 1 
16 D 669 2 1 
17 L 0 10 1 
17 L 0 9 1 
17 D 669 3 1 
18 D 669 12 1 
19 L 0 6 1 
19 L 0 8 1 
19 L 0 5 1 
19 L 0 1 1 
19 L 0 11 1 
19 D 675 4 1 
0 L 0 0 1 
0 L 0 7 1 
0 D 675 2 1 
1 L 0 10 1 
1 L 0 9 1 
1 D 675 3 1 
2 L 0 1 1 
2 L 0 0 1 
2 L 0 2 1 
2 D 624 3 1 
3 L 0 6 1 
3 L 0 13 1 
3 L 0 5 1 
3 L 0 8 1 
3 L 0 1 1 
3 L 0 11 1 
3 D 381 4 1 
4 L 0 0 1 
4 L 0 7 1 
4 D 381 2 1 
5 L 0 10 1 
5 L 0 9 1 
5 D 381 14 1 
6 L 0 3 1 
6 D 381 12 1 
7 L 0 6 1 
7 L 0 8 1 
7 L 0 5 1 
7 L 0 1 1 
7 L 0 4 1 
7 D 522 0 1 
8 L 0 7 1 
8 L 0 2 1 
8 D 522 10 1 
9 L 0 9 1 
9 D 522 3 1 
10 L 0 6 1 
10 L 0 8 1 
10 L 0 5 1 
10 L 0 1 1 
10 L 0 4 1 
10 D 69 0 1 
11 L 0 7 1 
11 L 0 2 1 
11 D 69 10 1 
12 L 0 9 1 
12 D 69 3 1 
13 L 0 6 1 
13 L 0 5 1 
13 L 0 8 1 
13 L 0 1 1 
13 L 0 11 1 
13 D 551 4 1 
14 L 0 0 1 
14 L 0 7 1 
14 D 551 2 1 
15 L 0 10 1 
15 L 0 9 1 
15 D 551 3 1 
16 D 551 12 1 
17 L 0 6 1 
17 L 0 8 1 
17 L 0 5 1 
17 L 0 1 1 
17 L 0 4 1 
17 D 467 0 1 
18 L 0 7 1 
18 L 0 2 1 
18 D 467 10 1 
19 L 0 9 1 
19 D 467 3 1 
0 L 0 1 1 
0 L 0 0 1 
0 L 0 2 1 
0 D 232 3 1 
1 L 0 1 1 
1 L 0 0 1 
1 D 136 2 1 
2 L 0 6 1 
2 L 0 13 1 
2 L 0 5 1 
2 L 0 8 1 
2 L 0 1 1 
2 L 0 11 1 
2 D 347 4 1 
3 L 0 16 1 
3 L 0 0 1 
3 D 347 7 1 
4 L 0 2 1 
4 L 0 15 1 
4 D 347 10 1 
5 L 0 9 1 
5 L 0 14 1 
5 D 347 3 1 
6 D 347 12 1 
7 L 0 1 1 
7 D 441 0 1 
8 L 0 6 1 
8 L 0 8 1 
8 L 0 5 1 
8 L 0 1 1 
8 L 0 4 1 
8 D 726 0 1 
9 L 0 7 1 
9 L 0 2 1 
9 D 726 10 1 
10 L 0 9 1 
10 D 726 3 1 
11 L 0 6 1 
11 L 0 8 1 
11 L 0 5 1 
11 L 0 1 1 
11 L 0 4 1 
11 D 433 0 1 
12 L 0 7 1 
12 L 0 2 1 
12 D 433 10 1 
13 L 0 9 1 
13 D 433 3 1 
14 L 0 6 1 
14 L 0 13 1 
14 L 0 5 1 
14 L 0 8 1 
14 L 0 1 1 
14 L 0 11 1 
14 D 187 4 1 
15 L 0 0 1 
15 L 0 7 1 
15 D 187 2 1 
16 L 0 10 1 
16 L 0 9 1 
16 D 187 14 1 
17 L 0 3 1 
17 D 187 12 1 
18 L 0 1 1 
18 L 0 0 1 
18 L 0 2 1 
18 D 496 3 1 
19 L 0 1 1 
19 L 0 4 1 
19 L 0 0 1 
19 D 299 2 1 
0 D 299 3 1 
1 L 0 1 1 
1 L 0 0 1 
1 L 0 2 1 
1 D 716 3 1 
2 L 0 6 1 
2 L 0 5 1 
2 L 0 8 1 
2 L 0 1 1 
2 L 0 11 1 
2 D 753 4 1 
3 L 0 0 1 
3 L 0 7 1 
3 D 753 2 1 
4 L 0 10 1 
4 L 0 9 1 
4 D 753 3 1 
5 D 753 12 1 
6 L 0 6 1 
6 L 0 8 1 
6 L 0 5 1 
6 L 0 1 1 
6 L 0 4 1 
6 D 252 0 1 
7 L 0 7 1 
7 L 0 2 1 
7 D 252 10 1 
8 L 0 9 1 
8 D 252 3 1 
9 L 0 1 1 
9 L 0 0 1 
9 L 0 2 1 
9 D 446 3 1 
10 L 0 6 1 
10 L 0 8 1 
10 L 0 5 1 
10 L 0 1 1 
10 L 0 4 1 
10 D 62 0 1 
11 L 0 7 1 
11 L 0 2 1 
11 D 62 9 1 
12 D 62 3 1 
13 L 0 6 1 
13 L 0 8 1 
13 L 0 5 1 
13 L 0 1 1 
13 L 0 4 1 
13 D 369 0 1 
14 L 0 7 1 
14 L 0 2 1 
14 D 369 3 1 
15 L 0 1 1 
15 L 0 4 1 
15 L 0 0 1 
15 D 741 2 1 
16 D 741 3 1 
17 L 0 6 1 
17 L 0 8 1 
17 L 0 5 1 
17 L 0 1 1 
17 L 0 11 1 
17 D 786 4 1 
18 L 0 0 1 
18 L 0 7 1 
18 D 786 2 1 
19 L 0 10 1 
19 L 0 9 1 
19 D 786 3 1 
0 L 0 6 1 
0 L 0 5 1 
0 L 0 1 1 
0 L 0 4 1 
0 D 553 0 1 
1 L 0 2 1 
1 D 553 3 1 
2 L 0 6 1 
2 L 0 13 1 
2 L 0 5 1 
2 L 0 8 1 
2 L 0 1 1 
2 L 0 11 1 
2 D 685 4 1 
3 L 0 0 1 
3 L 0 7 1 
3 D 685 2 1 
4 L 0 10 1 
4 L 0 9 1 
4 D 685 14 1 
5 L 0 3 1 
5 D 685 12 1 
6 L 0 1 1 
6 L 0 0 1 
6 D 636 2 1 
7 L 0 1 1 
7 L 0 0 1 
7 L 0 2 1 
7 D 764 3 1 
8 L 0 6 1 
8 L 0 5 1 
8 L 0 8 1 
8 L 0 1 1 
8 L 0 11 1 
8 D 75 4 1 
9 L 0 0 1 
9 L 0 7 1 
9 D 75 2 1 
10 L 0 10 1 
10 L 0 9 1 
10 D 75 3 1 
11 D 75 12 1 
12 L 0 6 1 
12 L 0 8 1 
12 L 0 5 1 
12 L 0 1 1 
12 L 0 4 1 
12 D 195 0 1 
13 L 0 7 1 
13 L 0 2 1 
13 D 195 9 1 
14 D 195 3 1 
15 L 0 6 1 
15 L 0 13 1 
15 L 0 5 1 
15 L 0 8 1 
15 L 0 1 1 
15 L 0 11 1 
15 D 771 4 1 
16 L 0 0 1 
16 L 0 7 1 
16 D 771 2 1 
17 L 0 15 1 
17 L 0 10 1 
17 D 771 9 1 
18 L 0 14 1 
18 D 771 3 1 
19 D 771 12 1 
0 L 0 6 1 
0 L 0 13 1 
0 L 0 5 1 
0 L 0 8 1 
0 L 0 1 1 
0 L 0 11 1 
0 D 58 4 1 
1 L 0 0 1 
1 L 0 7 1 
1 D 58 2 1 
2 L 0 10 1 
2 L 0 9 1 
2 D 58 3 1 
3 D 58 12 1 
4 L 0 5 1 
4 L 0 1 1 
4 L 0 4 1 
4 D 459 0 1 
5 L 0 2 1 
5 D 459 3 1 
6 L 0 1 1 
6 D 680 0 1 
7 L 0 5 1 
7 L 0 1 1 
7 L 0 4 1 
7 D 224 0 1 
8 L 0 2 1 
8 D 224 3 1 
9 L 0 5 1 
9 L 0 1 1 
9 L 0 4 1 
9 D 212 0 1 
10 L 0 2 1 
10 D 212 3 1 
11 L 0 5 1 
11 L 0 1 1 
11 L 0 4 1 
11 D 143 0 1 
12 L 0 2 1 
12 D 143 3 1 
13 L 0 1 1 
13 D 137 0 1 
14 L 0 6 1 
14 L 0 5 1 
14 L 0 1 1 
14 L 0 4 1 
14 D 147 0 1 
15 L 0 7 1 
15 L 0 2 1 
15 D 147 3 1 
16 L 0 6 1 
16 L 0 8 1 
16 L 0 5 1 
16 L 0 1 1 
16 L 0 4 1 
16 D 418 0 1 
17 L 0 7 1 
17 L 0 2 1 
17 D 418 3 1 
18 L 0 6 1 
18 L 0 8 1 
18 L 0 5 1 
18 L 0 1 1 
18 L 0 4 1 
18 D 574 0 1 
19 L 0 7 1 
19 L 0 2 1 
19 D 574 9 1 
0 D 574 3 1 
1 L 0 1 1 
1 L 0 4 1 
1 L 0 0 1 
1 D 304 2 1 
2 D 304 3 1 
3 L 0 6 1 
3 L 0 5 1 
3 L 0 1 1 
3 L 0 4 1 
3 D 54 0 1 
4 L 0 2 1 
4 D 54 3 1 
5 L 0 6 1 
5 L 0 13 1 
5 L 0 5 1 
5 L 0 8 1 
5 L 0 1 1 
5 L 0 11 1 
5 D 132 4 1 
6 L 0 0 1 
6 L 0 7 1 
6 D 132 2 1 
7 L 0 10 1 
7 L 0 9 1 
7 D 132 3 1 
8 D 132 12 1 
9 L 0 1 1 
9 L 0 0 1 
9 D 490 2 1 
10 L 0 1 1 
10 L 0 0 1 
10 D 264 2 1 
11 L 0 6 1 
11 L 0 8 1 
11 L 0 5 1 
11 L 0 1 1 
11 L 0 11 1 
11 D 486 4 1 
12 L 0 0 1 
12 L 0 7 1 
12 D 486 2 1 
13 L 0 10 1 
13 L 0 9 1 
13 D 486 3 1 
14 L 0 6 1 
14 L 0 13 1 
14 L 0 5 1 
14 L 0 8 1 
14 L 0 1 1 
14 L 0 11 1 
14 D 227 4 1 
15 L 0 0 1 
15 L 0 7 1 
15 D 227 2 1 
16 L 0 10 1 
16 L 0 9 1 
16 D 227 14 1 
17 L 0 3 1 
17 D 227 12 1 
18 L 0 6 1 
18 L 0 8 1 
18 L 0 5 1 
18 L 0 1 1 
18 L 0 4 1 
18 D 492 0 1 
19 L 0 7 1 
19 L 0 2 1 
19 D 492 3 1 
0 L 0 5 1 
0 L 0 1 1 
0 L 0 4 1 
0 D 739 0 1 
1 L 0 2 1 
1 D 739 3 1 
2 L 0 1 1 
2 D 466 0 1 
3 L 0 6 1 
3 L 0 8 1 
3 L 0 5 1 
3 L 0 1 1 
3 L 0 11 1 
3 D 632 4 1 
4 L 0 0 1 
4 L 0 7 1 
4 D 632 2 1 
5 L 0 10 1 
5 L 0 9 1 
5 D 632 3 1 
6 L 0 5 1 
6 L 0 1 1 
6 L 0 4 1 
6 D 755 0 1 
7 L 0 2 1 
7 D 755 3 1 
8 L 0 6 1 
8 L 0 13 1 
8 L 0 5 1 
8 L 0 8 1 
8 L 0 1 1 
8 L 0 11 1 
8 D 81 4 1 
9 L 0 0 1 
9 L 0 7 1 
9 D 81 2 1 
10 L 0 10 1 
10 L 0 9 1 
10 D 81 14 1 
11 L 0 3 1 
11 D 81 12 1 
12 L 0 1 1 
12 L 0 4 1 
12 L 0 0 1 
12 D 360 2 1 
13 D 360 3 1 
14 L 0 6 1 
14 L 0 8 1 
14 L 0 5 1 
14 L 0 1 1 
14 L 0 4 1 
14 D 158 0 1 
15 L 0 7 1 
15 L 0 2 1 
15 D 158 3 1 
16 L 0 6 1 
16 L 0 13 1 
16 L 0 5 1 
16 L 0 8 1 
16 L 0 1 1 
16 L 0 11 1 
16 D 146 4 1 
17 L 0 16 1 
17 L 0 0 1 
17 D 146 7 1 
18 L 0 2 1 
18 L 0 15 1 
18 D 146 10 1 
19 L 0 9 1 
19 L 0 14 1 
19 D 146 3 1 
0 D 146 12 1 
1 L 0 1 1 
1 L 0 0 1 
1 D 528 2 1 
2 L 0 6 1 
2 L 0 8 1 
2 L 0 5 1 
2 L 0 1 1 
2 L 0 4 1 
2 D 180 0 1 
3 L 0 7 1 
3 L 0 2 1 
3 D 180 3 1 
4 L 0 1 1 
4 D 387 0 1 
5 L 0 6 1 
5 L 0 5 1 
5 L 0 1 1 
5 L 0 4 1 
5 D 345 0 1 
6 L 0 7 1 
6 L 0 2 1 
6 D 345 3 1 
7 L 0 6 1 
7 L 0 5 1 
7 L 0 1 1 
7 L 0 4 1 
7 D 223 0 1 
8 L 0 7 1 
8 L 0 2 1 
8 D 223 3 1 
9 L 0 6 1 
9 L 0 8 1 
9 L 0 5 1 
9 L 0 1 1 
9 L 0 11 1 
9 D 529 4 1 
10 L 0 0 1 
10 L 0 7 1 
10 D 529 2 1 
11 L 0 10 1 
11 L 0 9 1 
11 D 529 3 1 
12 L 0 6 1 
12 L 0 8 1 
12 L 0 5 1 
12 L 0 1 1 
12 L 0 11 1 
12 D 673 4 1 
13 L 0 0 1 
13 L 0 7 1 
13 D 673 2 1 
14 L 0 10 1 
14 L 0 9 1 
14 D 673 3 1 
15 L 0 5 1 
15 L 0 1 1 
15 L 0 4 1 
15 D 759 0 1 
16 L 0 2 1 
16 D 759 3 1 
17 L 0 1 1 
17 L 0 0 1 
17 L 0 2 1 
17 D 261 3 1 
18 L 0 6 1 
18 L 0 8 1 
18 L 0 5 1 
18 L 0 1 1 
18 L 0 4 1 
18 D 325 0 1 
19 L 0 7 1 
19 L 0 2 1 
19 D 325 9 1 
0 D 325 3 1 
1 L 0 5 1 
1 L 0 1 1 
1 L 0 4 1 
1 D 732 0 1 
2 L 0 2 1 
2 D 732 3 1 
3 L 0 6 1 
3 L 0 5 1 
3 L 0 1 1 
3 L 0 4 1 
3 D 765 0 1 
4 L 0 7 1 
4 L 0 2 1 
4 D 765 3 1 
5 L 0 1 1 
5 L 0 4 1 
5 L 0 0 1 
5 D 357 2 1 
6 D 357 3 1 
7 L 0 1 1 
7 L 0 0 1 
7 L 0 2 1 
7 D 407 3 1 
8 L 0 1 1 
8 D 289 0 1 
9 L 0 1 1 
9 L 0 4 1 
9 L 0 0 1 
9 D 694 2 1 
10 D 694 3 1 
11 L 0 1 1 
11 L 0 4 1 
11 L 0 0 1 
11 D 274 2 1 
12 D 274 3 1 
13 L 0 6 1 
13 L 0 8 1 
13 L 0 5 1 
13 L 0 1 1 
13 L 0 4 1 
13 D 230 0 1 
14 L 0 7 1 
14 L 0 2 1 
14 D 230 3 1 
15 L 0 6 1 
15 L 0 8 1 
15 L 0 5 1 
15 L 0 1 1 
15 L 0 11 1 
15 D 709 4 1 
16 L 0 0 1 
16 L 0 7 1 
16 D 709 2 1 
17 L 0 10 1 
17 L 0 9 1 
17 D 709 3 1 
18 L 0 5 1 
18 L 0 1 1 
18 L 0 4 1 
18 D 19 0 1 
19 L 0 2 1 
19 D 19 3 1 
0 D 371 0 1 
1 L 0 1 1 
1 L 0 4 1 
1 L 0 0 1 
1 D 472 2 1 
2 D 472 3 1 
3 L 0 6 1 
3 L 0 13 1 
3 L 0 5 1 
3 L 0 8 1 
3 L 0 1 1 
3 L 0 11 1 
3 D 368 4 1 
4 L 0 0 1 
4 L 0 7 1 
4 D 368 2 1 
5 L 0 10 1 
5 L 0 9 1 
5 D 368 3 1 
6 D 368 12 1 
7 L 0 5 1 
7 L 0 1 1 
7 L 0 4 1 
7 D 469 0 1 
8 L 0 2 1 
8 D 469 3 1 
9 L 0 6 1 
9 L 0 13 1 
9 L 0 5 1 
9 L 0 8 1 
9 L 0 1 1 
9 L 0 11 1 
9 D 2 4 1 
10 L 0 0 1 
10 L 0 7 1 
10 D 2 2 1 
11 L 0 10 1 
11 L 0 9 1 
11 D 2 14 1 
12 L 0 3 1 
12 D 2 12 1 
13 L 0 6 1 
13 L 0 13 1 
13 L 0 5 1 
13 L 0 8 1 
13 L 0 1 1 
13 L 0 11 1 
13 D 453 4 1 
14 L 0 16 1 
14 L 0 0 1 
14 D 453 7 1 
15 L 0 2 1 
15 L 0 15 1 
15 D 453 10 1 
16 L 0 9 1 
16 L 0 14 1 
16 D 453 3 1 
17 D 453 12 1 
18 L 0 6 1 
18 L 0 5 1 
18 L 0 1 1 
18 L 0 4 1 
18 D 112 0 1 
19 L 0 2 1 
19 D 112 3 1 
0 L 0 1 1 
0 L 0 0 1 
0 D 205 2 1 
1 L 0 5 1 
1 L 0 1 1 
1 L 0 4 1 
1 D 713 0 1 
2 L 0 2 1 
2 D 713 3 1 
3 L 0 1 1 
3 L 0 4 1 
3 L 0 0 1 
3 D 687 2 1 
4 D 687 3 1 
5 L 0 5 1 
5 L 0 1 1 
5 L 0 4 1 
5 D 718 0 1 
6 L 0 2 1 
6 D 718 3 1 
7 L 0 1 1 
7 L 0 0 1 
7 D 12 2 1 
8 L 0 6 1 
8 L 0 8 1 
8 L 0 5 1 
8 L 0 1 1 
8 L 0 4 1 
8 D 120 0 1 
9 L 0 7 1 
9 L 0 2 1 
9 D 120 3 1 
10 L 0 1 1 
10 L 0 4 1 
10 L 0 0 1 
10 D 34 2 1 
11 D 34 3 1 
12 L 0 6 1 
12 L 0 8 1 
12 L 0 5 1 
12 L 0 1 1 
12 L 0 4 1 
12 D 442 0 1 
13 L 0 7 1 
13 L 0 2 1 
13 D 442 3 1 
14 L 0 5 1 
14 L 0 1 1 
14 L 0 4 1 
14 D 169 0 1 
15 L 0 2 1 
15 D 169 3 1 
16 L 0 6 1 
16 L 0 8 1 
16 L 0 5 1 
16 L 0 1 1 
16 L 0 4 1 
16 D 701 0 1 
17 L 0 7 1 
17 L 0 2 1 
17 D 701 3 1 
18 L 0 5 1 
18 L 0 1 1 
18 L 0 4 1 
18 D 613 0 1 
19 L 0 2 1 
19 D 613 3 1 
0 L 0 1 1 
0 D 190 0 1 
1 L 0 6 1 
1 L 0 5 1 
1 L 0 1 1 
1 L 0 4 1 
1 D 610 0 1 
2 L 0 7 1 
2 L 0 2 1 
2 D 610 3 1 
3 L 0 1 1 
3 L 0 0 1 
3 D 597 2 1 
4 L 0 5 1 
4 L 0 1 1 
4 L 0 4 1 
4 D 417 0 1 
5 L 0 2 1 
5 D 417 3 1 
6 L 0 6 1 
6 L 0 5 1 
6 L 0 1 1 
6 L 0 4 1 
6 D 625 0 1 
7 L 0 2 1 
7 D 625 3 1 
8 L 0 6 1 
8 L 0 5 1 
8 L 0 1 1 
8 L 0 4 1 
8 D 247 0 1 
9 L 0 7 1 
9 L 0 2 1 
9 D 247 3 1 
10 L 0 5 1 
10 L 0 1 1 
10 L 0 4 1 
10 D 148 0 1 
11 L 0 2 1 
11 D 148 3 1 
12 L 0 6 1 
12 L 0 5 1 
12 L 0 1 1 
12 L 0 4 1 
12 D 586 0 1 
13 L 0 2 1 
13 D 586 3 1 
14 D 326 0 1 
15 L 0 6 1 
15 L 0 13 1 
15 L 0 5 1 
15 L 0 8 1 
15 L 0 1 1 
15 L 0 11 1 
15 D 354 4 1 
16 L 0 0 1 
16 L 0 7 1 
16 D 354 2 1 
17 L 0 10 1 
17 L 0 9 1 
17 D 354 3 1 
18 D 354 12 1 
19 L 0 6 1 
19 L 0 8 1 
19 L 0 5 1 
19 L 0 1 1 
19 L 0 4 1 
19 D 248 0 1 
0 L 0 7 1 
0 L 0 2 1 
0 D 248 10 1 
1 L 0 9 1 
1 D 248 3 1 
2 D 172 0 1 
3 L 0 5 1 
3 L 0 1 1 
3 L 0 4 1 
3 D 166 0 1 
4 L 0 2 1 
4 D 166 3 1 
5 L 0 6 1 
5 L 0 8 1 
5 L 0 5 1 
5 L 0 1 1 
5 L 0 11 1 
5 D 55 4 1 
6 L 0 0 1 
6 L 0 7 1 
6 D 55 2 1 
7 L 0 10 1 
7 L 0 9 1 
7 D 55 3 1 
8 L 0 6 1 
8 L 0 8 1 
8 L 0 5 1 
8 L 0 1 1 
8 L 0 4 1 
8 D 30 0 1 
9 L 0 7 1 
9 L 0 2 1 
9 D 30 3 1 
10 L 0 1 1 
10 L 0 0 1 
10 D 330 2 1 
11 L 0 6 1 
11 L 0 5 1 
11 L 0 1 1 
11 L 0 4 1 
11 D 117 0 1 
12 L 0 7 1 
12 L 0 2 1 
12 D 117 3 1 
13 L 0 5 1 
13 L 0 1 1 
13 L 0 4 1 
13 D 67 0 1 
14 L 0 2 1 
14 D 67 3 1 
15 L 0 1 1 
15 D 656 0 1 
16 L 0 5 1 
16 L 0 1 1 
16 L 0 4 1 
16 D 578 0 1 
17 L 0 2 1 
17 D 578 3 1 
18 L 0 6 1 
18 L 0 8 1 
18 L 0 5 1 
18 L 0 1 1 
18 L 0 11 1 
18 D 394 4 1 
19 L 0 0 1 
19 L 0 7 1 
19 D 394 2 1 
0 L 0 10 1 
0 L 0 9 1 
0 D 394 3 1 
1 L 0 6 1 
1 L 0 5 1 
1 L 0 1 1 
1 L 0 4 1 
1 D 622 0 1 
2 L 0 7 1 
2 L 0 2 1 
2 D 622 3 1 
3 L 0 5 1 
3 L 0 1 1 
3 L 0 4 1 
3 D 509 0 1 
4 L 0 2 1 
4 D 509 3 1 
5 L 0 1 1 
5 L 0 0 1 
5 D 638 2 1 
6 L 0 6 1 
6 L 0 13 1 
6 L 0 5 1 
6 L 0 8 1 
6 L 0 1 1 
6 L 0 11 1 
6 D 9 4 1 
7 L 0 16 1 
7 L 0 0 1 
7 D 9 7 1 
8 L 0 2 1 
8 L 0 15 1 
8 D 9 10 1 
9 L 0 9 1 
9 L 0 14 1 
9 D 9 3 1 
10 D 9 12 1 
11 L 0 1 1 
11 L 0 0 1 
11 L 0 2 1 
11 D 647 3 1 
12 L 0 1 1 
12 L 0 4 1 
12 L 0 0 1 
12 D 342 2 1 
13 D 342 3 1 
14 L 0 6 1 
14 L 0 13 1 
14 L 0 5 1 
14 L 0 8 1 
14 L 0 1 1 
14 L 0 11 1 
14 D 372 4 1 
15 L 0 0 1 
15 L 0 7 1 
15 D 372 2 1 
16 L 0 10 1 
16 L 0 9 1 
16 D 372 3 1 
17 D 372 12 1 
18 L 0 6 1 
18 L 0 5 1 
18 L 0 8 1 
18 L 0 1 1 
18 L 0 11 1 
18 D 657 4 1 
19 L 0 0 1 
19 L 0 7 1 
19 D 657 2 1 
0 L 0 10 1 
0 L 0 9 1 
0 D 657 3 1 
1 D 657 12 1 
2 L 0 6 1 
2 L 0 5 1 
2 L 0 1 1 
2 L 0 4 1 
2 D 473 0 1 
3 L 0 7 1 
3 L 0 2 1 
3 D 473 3 1 
4 L 0 6 1 
4 L 0 13 1 
4 L 0 5 1 
4 L 0 8 1 
4 L 0 1 1 
4 L 0 11 1 
4 D 572 17 1 
5 L 0 4 1 
5 L 0 16 1 
5 L 0 0 1 
5 D 572 7 1 
6 L 0 2 1 
6 L 0 15 1 
6 D 572 10 1 
7 L 0 9 1 
7 L 0 14 1 
7 D 572 3 1 
8 D 572 12 1 
9 L 0 6 1 
9 L 0 8 1 
9 L 0 5 1 
9 L 0 1 1 
9 L 0 11 1 
9 D 127 4 1 
10 L 0 0 1 
10 L 0 7 1 
10 D 127 2 1 
11 L 0 10 1 
11 L 0 9 1 
11 D 127 3 1 
12 L 0 6 1 
12 L 0 8 1 
12 L 0 5 1 
12 L 0 1 1 
12 L 0 4 1 
12 D 460 0 1 
13 L 0 7 1 
13 L 0 2 1 
13 D 460 10 1 
14 L 0 9 1 
14 D 460 3 1 
15 L 0 6 1 
15 L 0 5 1 
15 L 0 1 1 
15 L 0 4 1 
15 D 710 0 1 
16 L 0 2 1 
16 D 710 3 1 
17 L 0 6 1 
17 L 0 8 1 
17 L 0 5 1 
17 L 0 1 1 
17 L 0 4 1 
17 D 278 0 1 
18 L 0 7 1 
18 L 0 2 1 
18 D 278 3 1 
19 L 0 1 1 
19 L 0 0 1 
19 L 0 2 1 
19 D 768 3 1 
0 L 0 6 1 
0 L 0 5 1 
0 L 0 1 1 
0 L 0 4 1 
0 D 88 0 1 
1 L 0 7 1 
1 L 0 2 1 
1 D 88 3 1 
2 L 0 1 1 
2 L 0 4 1 
2 L 0 0 1 
2 D 620 2 1 
3 D 620 3 1 
4 L 0 6 1 
4 L 0 8 1 
4 L 0 5 1 
4 L 0 1 1 
4 L 0 11 1 
4 D 57 4 1 
5 L 0 0 1 
5 L 0 7 1 
5 D 57 2 1 
6 L 0 10 1 
6 L 0 9 1 
6 D 57 3 1 
7 L 0 6 1 
7 L 0 8 1 
7 L 0 5 1 
7 L 0 1 1 
7 L 0 11 1 
7 D 22 4 1 
8 L 0 0 1 
8 L 0 7 1 
8 D 22 2 1 
9 L 0 10 1 
9 L 0 9 1 
9 D 22 3 1 
10 L 0 1 1 
10 L 0 0 1 
10 D 255 2 1 
11 L 0 1 1 
11 L 0 4 1 
11 L 0 0 1 
11 D 797 2 1 
12 D 797 3 1 
13 L 0 6 1 
13 L 0 13 1 
13 L 0 5 1 
13 L 0 8 1 
13 L 0 1 1 
13 L 0 11 1 
13 D 329 4 1 
14 L 0 0 1 
14 L 0 7 1 
14 D 329 2 1 
15 L 0 10 1 
15 L 0 9 1 
15 D 329 14 1 
16 L 0 3 1 
16 D 329 12 1 
17 L 0 1 1 
17 L 0 0 1 
17 D 791 2 1 
18 L 0 1 1 
18 D 192 0 1 
19 L 0 6 1 
19 L 0 8 1 
19 L 0 5 1 
19 L 0 1 1 
19 L 0 4 1 
19 D 203 0 1 
0 L 0 7 1 
0 L 0 2 1 
0 D 203 10 1 
1 L 0 9 1 
1 D 203 3 1 
2 L 0 6 1 
2 L 0 5 1 
2 L 0 1 1 
2 L 0 4 1 
2 D 637 0 1 
3 L 0 7 1 
3 L 0 2 1 
3 D 637 3 1 
4 L 0 6 1 
4 L 0 13 1 
4 L 0 5 1 
4 L 0 8 1 
4 L 0 1 1 
4 L 0 11 1 
4 D 405 4 1 
5 L 0 0 1 
5 L 0 7 1 
5 D 405 2 1 
6 L 0 10 1 
6 L 0 9 1 
6 D 405 14 1 
7 L 0 3 1 
7 D 405 12 1 
8 L 0 1 1 
8 D 168 0 1 
9 L 0 6 1 
9 L 0 8 1 
9 L 0 5 1 
9 L 0 1 1 
9 L 0 11 1 
9 D 241 4 1 
10 L 0 0 1 
10 L 0 7 1 
10 D 241 2 1 
11 L 0 10 1 
11 L 0 9 1 
11 D 241 3 1 
12 L 0 6 1 
12 L 0 8 1 
12 L 0 5 1 
12 L 0 1 1 
12 L 0 4 1 
12 D 380 0 1 
13 L 0 7 1 
13 L 0 2 1 
13 D 380 3 1 
14 L 0 6 1 
14 L 0 8 1 
14 L 0 5 1 
14 L 0 1 1 
14 L 0 4 1 
14 D 135 0 1 
15 L 0 7 1 
15 L 0 2 1 
15 D 135 9 1 
16 D 135 3 1 
17 L 0 6 1 
17 L 0 5 1 
17 L 0 1 1 
17 L 0 4 1 
17 D 695 0 1 
18 L 0 7 1 
18 L 0 2 1 
18 D 695 3 1 
19 L 0 5 1 
19 L 0 1 1 
19 L 0 4 1 
19 D 51 0 1 
0 L 0 2 1 
0 D 51 3 1 
1 L 0 6 1 
1 L 0 5 1 
1 L 0 1 1 
1 L 0 4 1 
1 D 45 0 1 
2 L 0 2 1 
2 D 45 3 1 
3 L 0 5 1 
3 L 0 1 1 
3 L 0 4 1 
3 D 708 0 1 
4 L 0 2 1 
4 D 708 3 1 
5 L 0 6 1 
5 L 0 5 1 
5 L 0 1 1 
5 L 0 4 1 
5 D 72 0 1 
6 L 0 2 1 
6 D 72 3 1 
7 L 0 6 1 
7 L 0 8 1 
7 L 0 5 1 
7 L 0 1 1 
7 L 0 4 1 
7 D 516 0 1 
8 L 0 7 1 
8 L 0 2 1 
8 D 516 3 1 
9 L 0 6 1 
9 L 0 8 1 
9 L 0 5 1 
9 L 0 1 1 
9 L 0 11 1 
9 D 240 4 1 
10 L 0 0 1 
10 L 0 7 1 
10 D 240 2 1 
11 L 0 10 1 
11 L 0 9 1 
11 D 240 3 1 
12 L 0 6 1 
12 L 0 5 1 
12 L 0 1 1 
12 L 0 4 1 
12 D 161 0 1 
13 L 0 2 1 
13 D 161 3 1 
14 L 0 6 1 
14 L 0 8 1 
14 L 0 5 1 
14 L 0 1 1 
14 L 0 4 1 
14 D 125 0 1 
15 L 0 7 1 
15 L 0 2 1 
15 D 125 9 1 
16 D 125 3 1 
17 L 0 5 1 
17 L 0 1 1 
17 L 0 4 1 
17 D 599 0 1 
18 L 0 2 1 
18 D 599 3 1 
19 L 0 6 1 
19 L 0 8 1 
19 L 0 5 1 
19 L 0 1 1 
19 L 0 4 1 
19 D 163 0 1 
0 L 0 7 1 
0 L 0 2 1 
0 D 163 3 1 
1 L 0 1 1 
1 L 0 0 1 
1 L 0 2 1 
1 D 265 3 1 
2 L 0 5 1 
2 L 0 1 1 
2 L 0 4 1 
2 D 454 0 1 
3 L 0 2 1 
3 D 454 3 1 
4 L 0 6 1 
4 L 0 5 1 
4 L 0 1 1 
4 L 0 4 1 
4 D 189 0 1 
5 L 0 2 1 
5 D 189 3 1 
6 L 0 6 1 
6 L 0 13 1 
6 L 0 5 1 
6 L 0 8 1 
6 L 0 1 1 
6 L 0 11 1 
6 D 353 4 1 
7 L 0 0 1 
7 L 0 7 1 
7 D 353 2 1 
8 L 0 10 1 
8 L 0 9 1 
8 D 353 3 1 
9 D 353 12 1 
10 L 0 1 1 
10 L 0 4 1 
10 L 0 0 1 
10 D 722 2 1 
11 D 722 3 1 
12 L 0 5 1 
12 L 0 1 1 
12 L 0 4 1 
12 D 237 0 1 
13 L 0 2 1 
13 D 237 3 1 
14 L 0 1 1 
14 L 0 0 1 
14 L 0 2 1 
14 D 66 3 1 
15 L 0 6 1 
15 L 0 8 1 
15 L 0 5 1 
15 L 0 1 1 
15 L 0 4 1 
15 D 18 0 1 
16 L 0 7 1 
16 L 0 2 1 
16 D 18 9 1 
17 D 18 3 1 
18 L 0 1 1 
18 L 0 4 1 
18 L 0 0 1 
18 D 607 2 1 
19 D 607 3 1 
0 L 0 1 1 
0 L 0 0 1 
0 L 0 2 1 
0 D 131 3 1 
1 L 0 1 1 
1 D 479 0 1 
2 L 0 6 1 
2 L 0 8 1 
2 L 0 5 1 
2 L 0 1 1 
2 L 0 4 1 
2 D 221 0 1 
3 L 0 7 1 
3 L 0 2 1 
3 D 221 9 1 
4 D 221 3 1 
5 L 0 1 1 
5 L 0 4 1 
5 L 0 0 1 
5 D 311 2 1 
6 D 311 3 1 
7 L 0 1 1 
7 L 0 0 1 
7 D 266 2 1 
8 L 0 6 1 
8 L 0 5 1 
8 L 0 8 1 
8 L 0 1 1 
8 L 0 11 1 
8 D 558 4 1 
9 L 0 0 1 
9 L 0 7 1 
9 D 558 2 1 
10 L 0 10 1 
10 L 0 9 1 
10 D 558 3 1 
11 D 558 12 1 
