0 L 2 1 1 
0 L 0 0 1 
0 D 911 2 1 
1 L 0 6 1 
1 L 0 5 1 
1 L 2 1 1 
1 L 1 4 1 
1 D 905 0 1 
2 L 0 7 1 
2 L 0 2 1 
2 D 905 3 1 
3 L 0 6 1 
3 L 0 8 1 
3 L 0 5 1 
3 L 2 1 1 
3 L 0 11 1 
3 D 762 4 1 
4 L 0 0 1 
4 L 0 7 1 
4 D 762 2 1 
5 L 0 10 1 
5 L 2 9 1 
5 D 762 3 1 
6 L 0 6 1 
6 L 0 8 1 
6 L 0 5 1 
6 L 2 1 1 
6 L 1 4 1 
6 D 537 0 1 
7 L 0 7 1 
7 L 0 2 1 
7 D 537 3 1 
8 L 2 1 1 
8 L 0 0 1 
8 D 949 2 1 
9 L 0 6 1 
9 L 0 13 1 
9 L 0 5 1 
9 L 0 8 1 
9 L 2 1 1 
9 L 0 11 1 
9 D 944 4 1 
10 L 0 0 1 
10 L 0 7 1 
10 D 944 2 1 
11 L 0 10 1 
11 L 2 9 1 
11 D 944 14 1 
12 L 0 3 1 
12 D 944 12 1 
13 D 247 0 1 
14 L 0 6 1 
14 L 0 5 1 
14 L 2 1 1 
14 L 1 4 1 
14 D 237 0 1 
15 L 0 7 1 
15 L 0 2 1 
15 D 237 3 1 
16 L 0 6 1 
16 L 0 8 1 
16 L 0 5 1 
16 L 2 1 1 
16 L 1 4 1 
16 D 600 0 1 
17 L 0 7 1 
17 L 0 2 1 
17 D 600 3 1 
18 L 2 1 1 
18 L 1 4 1 
18 L 0 0 1 
18 D 664 2 1 
19 D 664 3 1 
20 L 2 1 1 
20 L 1 4 1 
20 L 0 0 1 
20 D 372 2 1 
21 D 372 3 1 
22 L 2 1 1 
22 L 0 0 1 
22 L 0 2 1 
22 D 34 3 1 
23 L 0 5 1 
23 L 2 1 1 
23 L 1 4 1 
23 D 778 0 1 
24 L 0 2 1 
24 D 778 3 1 
25 L 2 1 1 
25 L 0 0 1 
25 L 0 2 1 
25 D 552 3 1 
26 L 0 6 1 
26 L 0 13 1 
26 L 0 5 1 
26 L 0 8 1 
26 L 2 1 1 
26 L 0 11 1 
26 D 894 4 1 
27 L 0 0 1 
27 L 0 7 1 
27 D 894 2 1 
28 L 0 10 1 
28 L 2 9 1 
28 D 894 3 1 
29 D 894 12 1 
0 L 2 1 1 
0 L 0 0 1 
0 L 0 2 1 
0 D 656 3 1 
1 L 0 6 1 
1 L 0 5 1 
1 L 2 1 1 
1 L 1 4 1 
1 D 223 0 1 
2 L 0 7 1 
2 L 0 2 1 
2 D 223 3 1 
3 L 0 6 1 
3 L 0 8 1 
3 L 0 5 1 
3 L 2 1 1 
3 L 1 4 1 
3 D 547 0 1 
4 L 0 7 1 
4 L 0 2 1 
4 D 547 3 1 
5 L 0 5 1 
5 L 2 1 1 
5 L 1 4 1 
5 D 478 0 1 
6 L 0 2 1 
6 D 478 3 1 
7 L 2 1 1 
7 L 1 4 1 
7 L 0 0 1 
7 D 912 2 1 
8 D 912 3 1 
9 L 2 1 1 
9 L 0 0 1 
9 L 0 2 1 
9 D 660 3 1 
10 L 0 6 1 
10 L 0 13 1 
10 L 0 5 1 
10 L 0 8 1 
10 L 2 1 1 
10 L 0 11 1 
10 D 298 4 1 
11 L 0 16 1 
11 L 0 0 1 
11 D 298 7 1 
12 L 0 2 1 
12 L 0 15 1 
12 D 298 10 1 
13 L 2 9 1 
13 L 0 14 1 
13 D 298 3 1 
14 D 298 12 1 
15 L 2 1 1 
15 L 0 0 1 
15 D 112 2 1 
16 L 0 5 1 
16 L 2 1 1 
16 L 1 4 1 
16 D 834 0 1 
17 L 0 2 1 
17 D 834 3 1 
18 L 0 6 1 
18 L 0 8 1 
18 L 0 5 1 
18 L 2 1 1 
18 L 1 4 1 
18 D 9 0 1 
19 L 0 7 1 
19 L 0 2 1 
19 D 9 10 1 
20 L 2 9 1 
20 D 9 3 1 
21 L 2 1 1 
21 L 0 0 1 
21 L 0 2 1 
21 D 442 3 1 
22 L 0 6 1 
22 L 0 5 1 
22 L 2 1 1 
22 L 1 4 1 
22 D 426 0 1 
23 L 0 2 1 
23 D 426 3 1 
24 L 2 1 1 
24 L 0 0 1 
24 D 249 2 1 
25 L 2 1 1 
25 D 862 0 1 
26 L 2 1 1 
26 D 360 0 1 
27 L 2 1 1 
27 L 0 0 1 
27 D 141 2 1 
28 L 0 6 1 
28 L 0 5 1 
28 L 2 1 1 
28 L 1 4 1 
28 D 952 0 1 
29 L 0 2 1 
29 D 952 3 1 
0 L 2 1 1 
0 L 0 0 1 
0 L 0 2 1 
0 D 512 3 1 
1 D 934 0 1 
2 L 2 1 1 
2 L 1 4 1 
2 L 0 0 1 
2 D 203 2 1 
3 D 203 3 1 
4 L 0 6 1 
4 L 0 5 1 
4 L 2 1 1 
4 L 1 4 1 
4 D 98 0 1 
5 L 0 2 1 
5 D 98 3 1 
6 L 2 1 1 
6 D 823 0 1 
7 L 0 6 1 
7 L 0 5 1 
7 L 2 1 1 
7 L 1 4 1 
7 D 370 0 1 
8 L 0 2 1 
8 D 370 3 1 
9 L 0 6 1 
9 L 0 5 1 
9 L 2 1 1 
9 L 1 4 1 
9 D 622 0 1 
10 L 0 2 1 
10 D 622 3 1 
11 L 0 6 1 
11 L 0 8 1 
11 L 0 5 1 
11 L 2 1 1 
11 L 1 4 1 
11 D 779 0 1 
12 L 0 7 1 
12 L 0 2 1 
12 D 779 3 1 
13 L 0 6 1 
13 L 0 8 1 
13 L 0 5 1 
13 L 2 1 1 
13 L 0 11 1 
13 D 646 4 1 
14 L 0 0 1 
14 L 0 7 1 
14 D 646 2 1 
15 L 0 10 1 
15 L 2 9 1 
15 D 646 3 1 
16 L 0 6 1 
16 L 0 8 1 
16 L 0 5 1 
16 L 2 1 1 
16 L 1 4 1 
16 D 355 0 1 
17 L 0 7 1 
17 L 0 2 1 
17 D 355 3 1 
18 L 0 6 1 
18 L 0 8 1 
18 L 0 5 1 
18 L 2 1 1 
18 L 0 11 1 
18 D 151 4 1 
19 L 0 0 1 
19 L 0 7 1 
19 D 151 2 1 
20 L 0 10 1 
20 L 2 9 1 
20 D 151 3 1 
21 L 2 1 1 
21 D 560 0 1 
22 L 2 1 1 
22 D 831 0 1 
23 L 0 5 1 
23 L 2 1 1 
23 L 1 4 1 
23 D 895 0 1 
24 L 0 2 1 
24 D 895 3 1 
25 L 2 1 1 
25 D 58 0 1 
26 L 0 6 1 
26 L 0 8 1 
26 L 0 5 1 
26 L 2 1 1 
26 L 0 11 1 
26 D 375 4 1 
27 L 0 0 1 
27 L 0 7 1 
27 D 375 2 1 
28 L 0 10 1 
28 L 2 9 1 
28 D 375 3 1 
29 L 2 1 1 
29 L 0 0 1 
29 D 303 2 1 
0 D 863 0 1 
1 L 2 1 1 
1 L 0 0 1 
1 D 924 2 1 
2 D 761 0 1 
3 L 2 1 1 
3 D 107 0 1 
4 L 0 5 1 
4 L 2 1 1 
4 L 1 4 1 
4 D 350 0 1 
5 L 0 2 1 
5 D 350 3 1 
6 L 2 1 1 
6 D 205 0 1 
7 L 2 1 1 
7 L 0 0 1 
7 D 323 2 1 
8 L 2 1 1 
8 L 0 0 1 
8 D 943 2 1 
9 L 0 6 1 
9 L 0 13 1 
9 L 0 5 1 
9 L 0 8 1 
9 L 2 1 1 
9 L 0 11 1 
9 D 11 17 1 
10 L 1 4 1 
10 L 0 16 1 
10 L 0 0 1 
10 D 11 7 1 
11 L 0 2 1 
11 L 0 15 1 
11 D 11 10 1 
12 L 2 9 1 
12 L 0 14 1 
12 D 11 3 1 
13 D 11 12 1 
14 L 0 6 1 
14 L 0 5 1 
14 L 0 8 1 
14 L 2 1 1 
14 L 0 11 1 
14 D 818 4 1 
15 L 0 0 1 
15 L 0 7 1 
15 D 818 2 1 
16 L 0 10 1 
16 L 2 9 1 
16 D 818 3 1 
17 D 818 12 1 
18 L 2 1 1 
18 L 0 0 1 
18 L 0 2 1 
18 D 754 3 1 
19 L 0 6 1 
19 L 0 13 1 
19 L 0 5 1 
19 L 0 8 1 
19 L 2 1 1 
19 L 0 11 1 
19 D 142 4 1 
20 L 0 0 1 
20 L 0 7 1 
20 D 142 2 1 
21 L 0 15 1 
21 L 0 10 1 
21 D 142 9 1 
22 L 0 14 1 
22 D 142 3 1 
23 D 142 12 1 
24 L 0 6 1 
24 L 0 8 1 
24 L 0 5 1 
24 L 2 1 1 
24 L 1 4 1 
24 D 686 0 1 
25 L 0 7 1 
25 L 0 2 1 
25 D 686 10 1 
26 L 2 9 1 
26 D 686 3 1 
27 D 968 0 1 
28 L 2 1 1 
28 L 1 4 1 
28 L 0 0 1 
28 D 490 2 1 
29 D 490 3 1 
0 L 2 1 1 
0 L 0 0 1 
0 D 505 2 1 
1 L 0 6 1 
1 L 0 8 1 
1 L 0 5 1 
1 L 2 1 1 
1 L 1 4 1 
1 D 553 0 1 
2 L 0 7 1 
2 L 0 2 1 
2 D 553 10 1 
3 L 2 9 1 
3 D 553 3 1 
4 L 0 6 1 
4 L 0 5 1 
4 L 2 1 1 
4 L 1 4 1 
4 D 293 0 1 
5 L 0 2 1 
5 D 293 3 1 
6 L 2 1 1 
6 L 1 4 1 
6 L 0 0 1 
6 D 119 2 1 
7 D 119 3 1 
8 L 0 6 1 
8 L 0 8 1 
8 L 0 5 1 
8 L 2 1 1 
8 L 0 11 1 
8 D 669 4 1 
9 L 0 0 1 
9 L 0 7 1 
9 D 669 2 1 
10 L 0 10 1 
10 L 2 9 1 
10 D 669 3 1 
11 L 2 1 1 
11 L 0 0 1 
11 L 0 2 1 
11 D 913 3 1 
12 L 0 6 1 
12 L 0 5 1 
12 L 2 1 1 
12 L 1 4 1 
12 D 830 0 1 
13 L 0 7 1 
13 L 0 2 1 
13 D 830 3 1 
14 L 2 1 1 
14 L 0 0 1 
14 L 0 2 1 
14 D 172 3 1 
15 L 2 1 1 
15 L 1 4 1 
15 L 0 0 1 
15 D 653 2 1 
16 D 653 3 1 
17 L 0 6 1 
17 L 0 8 1 
17 L 0 5 1 
17 L 2 1 1 
17 L 1 4 1 
17 D 592 0 1 
18 L 0 7 1 
18 L 0 2 1 
18 D 592 9 1 
19 D 592 3 1 
20 L 0 6 1 
20 L 0 8 1 
20 L 0 5 1 
20 L 2 1 1 
20 L 1 4 1 
20 D 243 0 1 
21 L 0 7 1 
21 L 0 2 1 
21 D 243 3 1 
22 L 0 5 1 
22 L 2 1 1 
22 L 1 4 1 
22 D 772 0 1 
23 L 0 2 1 
23 D 772 3 1 
24 L 0 6 1 
24 L 0 8 1 
24 L 0 5 1 
24 L 2 1 1 
24 L 1 4 1 
24 D 22 0 1 
25 L 0 7 1 
25 L 0 2 1 
25 D 22 9 1 
26 D 22 3 1 
27 L 0 6 1 
27 L 0 8 1 
27 L 0 5 1 
27 L 2 1 1 
27 L 1 4 1 
27 D 819 0 1 
28 L 0 7 1 
28 L 0 2 1 
28 D 819 10 1 
29 L 2 9 1 
29 D 819 3 1 
0 L 0 5 1 
0 L 2 1 1 
0 L 1 4 1 
0 D 197 0 1 
1 L 0 2 1 
1 D 197 3 1 
2 L 2 1 1 
2 L 0 0 1 
2 L 0 2 1 
2 D 329 3 1 
3 L 0 6 1 
3 L 0 8 1 
3 L 0 5 1 
3 L 2 1 1 
3 L 1 4 1 
3 D 359 0 1 
4 L 0 7 1 
4 L 0 2 1 
4 D 359 3 1 
5 L 0 6 1 
5 L 0 5 1 
5 L 2 1 1 
5 L 1 4 1 
5 D 521 0 1 
6 L 0 7 1 
6 L 0 2 1 
6 D 521 3 1 
7 L 0 5 1 
7 L 2 1 1 
7 L 1 4 1 
7 D 2 0 1 
8 L 0 2 1 
8 D 2 3 1 
9 L 2 1 1 
9 L 1 4 1 
9 L 0 0 1 
9 D 730 2 1 
10 D 730 3 1 
11 L 2 1 1 
11 L 0 0 1 
11 D 955 2 1 
12 L 0 6 1 
12 L 0 8 1 
12 L 0 5 1 
12 L 2 1 1 
12 L 1 4 1 
12 D 617 0 1 
13 L 0 7 1 
13 L 0 2 1 
13 D 617 9 1 
14 D 617 3 1 
15 L 0 6 1 
15 L 0 5 1 
15 L 0 8 1 
15 L 2 1 1 
15 L 0 11 1 
15 D 388 4 1 
16 L 0 0 1 
16 L 0 7 1 
16 D 388 2 1 
17 L 0 10 1 
17 L 2 9 1 
17 D 388 3 1 
18 D 388 12 1 
19 L 0 6 1 
19 L 0 5 1 
19 L 2 1 1 
19 L 1 4 1 
19 D 756 0 1 
20 L 0 2 1 
20 D 756 3 1 
21 L 0 6 1 
21 L 0 8 1 
21 L 0 5 1 
21 L 2 1 1 
21 L 0 11 1 
21 D 153 4 1 
22 L 0 0 1 
22 L 0 7 1 
22 D 153 2 1 
23 L 0 10 1 
23 L 2 9 1 
23 D 153 3 1 
24 L 0 6 1 
24 L 0 13 1 
24 L 0 5 1 
24 L 0 8 1 
24 L 2 1 1 
24 L 0 11 1 
24 D 89 4 1 
25 L 0 16 1 
25 L 0 0 1 
25 D 89 7 1 
26 L 0 2 1 
26 L 0 15 1 
26 D 89 10 1 
27 L 2 9 1 
27 L 0 14 1 
27 D 89 3 1 
28 D 89 12 1 
29 L 2 1 1 
29 L 0 0 1 
29 L 0 2 1 
29 D 811 3 1 
0 L 0 6 1 
0 L 0 8 1 
0 L 0 5 1 
0 L 2 1 1 
0 L 1 4 1 
0 D 925 0 1 
1 L 0 7 1 
1 L 0 2 1 
1 D 925 10 1 
2 L 2 9 1 
2 D 925 3 1 
3 L 2 1 1 
3 L 0 0 1 
3 D 514 2 1 
4 L 2 1 1 
4 D 440 0 1 
5 L 2 1 1 
5 D 520 0 1 
6 L 2 1 1 
6 L 1 4 1 
6 L 0 0 1 
6 D 111 2 1 
7 D 111 3 1 
8 L 0 5 1 
8 L 2 1 1 
8 L 1 4 1 
8 D 30 0 1 
9 L 0 2 1 
9 D 30 3 1 
10 L 0 6 1 
10 L 0 8 1 
10 L 0 5 1 
10 L 2 1 1 
10 L 1 4 1 
10 D 218 0 1 
11 L 0 7 1 
11 L 0 2 1 
11 D 218 3 1 
12 L 2 1 1 
12 L 0 0 1 
12 L 0 2 1 
12 D 814 3 1 
13 L 0 6 1 
13 L 0 8 1 
13 L 0 5 1 
13 L 2 1 1 
13 L 0 11 1 
13 D 61 4 1 
14 L 0 0 1 
14 L 0 7 1 
14 D 61 2 1 
15 L 0 10 1 
15 L 2 9 1 
15 D 61 3 1 
16 L 0 6 1 
16 L 0 13 1 
16 L 0 5 1 
16 L 0 8 1 
16 L 2 1 1 
16 L 0 11 1 
16 D 498 4 1 
17 L 0 0 1 
17 L 0 7 1 
17 D 498 2 1 
18 L 0 15 1 
18 L 0 10 1 
18 D 498 9 1 
19 L 0 14 1 
19 D 498 3 1 
20 D 498 12 1 
21 L 2 1 1 
21 D 182 0 1 
22 L 2 1 1 
22 L 0 0 1 
22 D 522 2 1 
23 L 0 6 1 
23 L 0 5 1 
23 L 0 8 1 
23 L 2 1 1 
23 L 0 11 1 
23 D 531 4 1 
24 L 0 0 1 
24 L 0 7 1 
24 D 531 2 1 
25 L 0 10 1 
25 L 2 9 1 
25 D 531 3 1 
26 D 531 12 1 
27 L 2 1 1 
27 L 1 4 1 
27 L 0 0 1 
27 D 183 2 1 
28 D 183 3 1 
29 L 0 6 1 
29 L 0 8 1 
29 L 0 5 1 
29 L 2 1 1 
29 L 1 4 1 
29 D 584 0 1 
0 L 0 7 1 
0 L 0 2 1 
0 D 584 3 1 
1 L 2 1 1 
1 L 0 0 1 
1 L 0 2 1 
1 D 368 3 1 
2 L 2 1 1 
2 L 0 0 1 
2 L 0 2 1 
2 D 37 3 1 
3 L 2 1 1 
3 D 10 0 1 
4 L 2 1 1 
4 L 0 0 1 
4 L 0 2 1 
4 D 395 3 1 
5 L 0 6 1 
5 L 0 8 1 
5 L 0 5 1 
5 L 2 1 1 
5 L 1 4 1 
5 D 475 0 1 
6 L 0 7 1 
6 L 0 2 1 
6 D 475 3 1 
7 L 0 6 1 
7 L 0 8 1 
7 L 0 5 1 
7 L 2 1 1 
7 L 0 11 1 
7 D 226 4 1 
8 L 0 0 1 
8 L 0 7 1 
8 D 226 2 1 
9 L 0 10 1 
9 L 2 9 1 
9 D 226 3 1 
10 L 2 1 1 
10 L 0 0 1 
10 D 288 2 1 
11 L 0 6 1 
11 L 0 8 1 
11 L 0 5 1 
11 L 2 1 1 
11 L 1 4 1 
11 D 972 0 1 
12 L 0 7 1 
12 L 0 2 1 
12 D 972 3 1 
13 L 0 6 1 
13 L 0 8 1 
13 L 0 5 1 
13 L 2 1 1 
13 L 1 4 1 
13 D 728 0 1 
14 L 0 7 1 
14 L 0 2 1 
14 D 728 3 1 
15 L 2 1 1 
15 L 0 0 1 
15 D 655 2 1 
16 L 2 1 1 
16 L 1 4 1 
16 L 0 0 1 
16 D 227 2 1 
17 D 227 3 1 
18 L 0 6 1 
18 L 0 13 1 
18 L 0 5 1 
18 L 0 8 1 
18 L 2 1 1 
18 L 0 11 1 
18 D 52 4 1 
19 L 0 0 1 
19 L 0 7 1 
19 D 52 2 1 
20 L 0 10 1 
20 L 2 9 1 
20 D 52 14 1 
21 L 0 3 1 
21 D 52 12 1 
22 L 0 6 1 
22 L 0 8 1 
22 L 0 5 1 
22 L 2 1 1 
22 L 0 11 1 
22 D 523 4 1 
23 L 0 0 1 
23 L 0 7 1 
23 D 523 2 1 
24 L 0 10 1 
24 L 2 9 1 
24 D 523 3 1 
25 L 2 1 1 
25 L 0 0 1 
25 D 714 2 1 
26 L 0 6 1 
26 L 0 5 1 
26 L 0 8 1 
26 L 2 1 1 
26 L 0 11 1 
26 D 65 4 1 
27 L 0 0 1 
27 L 0 7 1 
27 D 65 2 1 
28 L 0 10 1 
28 L 2 9 1 
28 D 65 3 1 
29 D 65 12 1 
0 L 0 6 1 
0 L 0 8 1 
0 L 0 5 1 
0 L 2 1 1 
0 L 1 4 1 
0 D 231 0 1 
1 L 0 7 1 
1 L 0 2 1 
1 D 231 3 1 
2 L 2 1 1 
2 L 0 0 1 
2 L 0 2 1 
2 D 403 3 1 
3 L 0 6 1 
3 L 0 8 1 
3 L 0 5 1 
3 L 2 1 1 
3 L 0 11 1 
3 D 380 4 1 
4 L 0 0 1 
4 L 0 7 1 
4 D 380 2 1 
5 L 0 10 1 
5 L 2 9 1 
5 D 380 3 1 
6 L 2 1 1 
6 L 1 4 1 
6 L 0 0 1 
6 D 534 2 1 
7 D 534 3 1 
8 L 0 5 1 
8 L 2 1 1 
8 L 1 4 1 
8 D 260 0 1 
9 L 0 2 1 
9 D 260 3 1 
10 L 2 1 1 
10 L 0 0 1 
10 D 883 2 1 
11 L 2 1 1 
11 D 367 0 1 
12 L 0 6 1 
12 L 0 5 1 
12 L 2 1 1 
12 L 1 4 1 
12 D 576 0 1 
13 L 0 2 1 
13 D 576 3 1 
14 L 2 1 1 
14 D 572 0 1 
15 L 0 6 1 
15 L 0 5 1 
15 L 0 8 1 
15 L 2 1 1 
15 L 0 11 1 
15 D 338 4 1 
16 L 0 0 1 
16 L 0 7 1 
16 D 338 2 1 
17 L 0 10 1 
17 L 2 9 1 
17 D 338 3 1 
18 D 338 12 1 
19 L 0 6 1 
19 L 0 13 1 
19 L 0 5 1 
19 L 0 8 1 
19 L 2 1 1 
19 L 0 11 1 
19 D 630 4 1 
20 L 0 0 1 
20 L 0 7 1 
20 D 630 2 1 
21 L 0 10 1 
21 L 2 9 1 
21 D 630 14 1 
22 L 0 3 1 
22 D 630 12 1 
23 D 14 0 1 
24 L 2 1 1 
24 L 0 0 1 
24 D 144 2 1 
25 L 2 1 1 
25 D 768 0 1 
26 L 0 6 1 
26 L 0 13 1 
26 L 0 5 1 
26 L 0 8 1 
26 L 2 1 1 
26 L 0 11 1 
26 D 870 4 1 
27 L 0 0 1 
27 L 0 7 1 
27 D 870 2 1 
28 L 0 10 1 
28 L 2 9 1 
28 D 870 3 1 
29 D 870 12 1 
0 L 0 6 1 
0 L 0 8 1 
0 L 0 5 1 
0 L 2 1 1 
0 L 1 4 1 
0 D 408 0 1 
1 L 0 7 1 
1 L 0 2 1 
1 D 408 9 1 
2 D 408 3 1 
3 L 0 6 1 
3 L 0 8 1 
3 L 0 5 1 
3 L 2 1 1 
3 L 1 4 1 
3 D 0 0 1 
4 L 0 7 1 
4 L 0 2 1 
4 D 0 10 1 
5 L 2 9 1 
5 D 0 3 1 
6 L 2 1 1 
6 L 1 4 1 
6 L 0 0 1 
6 D 92 2 1 
7 D 92 3 1 
8 L 0 5 1 
8 L 2 1 1 
8 L 1 4 1 
8 D 178 0 1 
9 L 0 2 1 
9 D 178 3 1 
10 L 0 6 1 
10 L 0 13 1 
10 L 0 5 1 
10 L 0 8 1 
10 L 2 1 1 
10 L 0 11 1 
10 D 983 4 1 
11 L 0 0 1 
11 L 0 7 1 
11 D 983 2 1 
12 L 0 15 1 
12 L 0 10 1 
12 D 983 9 1 
13 L 0 14 1 
13 D 983 3 1 
14 D 983 12 1 
15 L 0 6 1 
15 L 0 8 1 
15 L 0 5 1 
15 L 2 1 1 
15 L 1 4 1 
15 D 462 0 1 
16 L 0 7 1 
16 L 0 2 1 
16 D 462 10 1 
17 L 2 9 1 
17 D 462 3 1 
18 L 0 6 1 
18 L 0 8 1 
18 L 0 5 1 
18 L 2 1 1 
18 L 1 4 1 
18 D 180 0 1 
19 L 0 7 1 
19 L 0 2 1 
19 D 180 9 1 
20 D 180 3 1 
21 L 0 6 1 
21 L 0 8 1 
21 L 0 5 1 
21 L 2 1 1 
21 L 1 4 1 
21 D 948 0 1 
22 L 0 7 1 
22 L 0 2 1 
22 D 948 9 1 
23 D 948 3 1 
24 L 0 6 1 
24 L 0 5 1 
24 L 0 8 1 
24 L 2 1 1 
24 L 0 11 1 
24 D 992 4 1 
25 L 0 0 1 
25 L 0 7 1 
25 D 992 2 1 
26 L 0 10 1 
26 L 2 9 1 
26 D 992 3 1 
27 D 992 12 1 
28 L 0 6 1 
28 L 0 5 1 
28 L 2 1 1 
28 L 1 4 1 
28 D 910 0 1 
29 L 0 7 1 
29 L 0 2 1 
29 D 910 3 1 
0 L 0 6 1 
0 L 0 8 1 
0 L 0 5 1 
0 L 2 1 1 
0 L 1 4 1 
0 D 876 0 1 
1 L 0 7 1 
1 L 0 2 1 
1 D 876 3 1 
2 L 2 1 1 
2 L 0 0 1 
2 D 906 2 1 
3 L 2 1 1 
3 L 0 0 1 
3 L 0 2 1 
3 D 802 3 1 
4 L 0 5 1 
4 L 2 1 1 
4 L 1 4 1 
4 D 773 0 1 
5 L 0 2 1 
5 D 773 3 1 
6 L 0 6 1 
6 L 0 5 1 
6 L 2 1 1 
6 L 1 4 1 
6 D 792 0 1 
7 L 0 7 1 
7 L 0 2 1 
7 D 792 3 1 
8 L 0 6 1 
8 L 0 8 1 
8 L 0 5 1 
8 L 2 1 1 
8 L 0 11 1 
8 D 334 4 1 
9 L 0 0 1 
9 L 0 7 1 
9 D 334 2 1 
10 L 0 10 1 
10 L 2 9 1 
10 D 334 3 1 
11 L 0 6 1 
11 L 0 8 1 
11 L 0 5 1 
11 L 2 1 1 
11 L 1 4 1 
11 D 917 0 1 
12 L 0 7 1 
12 L 0 2 1 
12 D 917 10 1 
13 L 2 9 1 
13 D 917 3 1 
14 L 0 6 1 
14 L 0 8 1 
14 L 0 5 1 
14 L 2 1 1 
14 L 1 4 1 
14 D 869 0 1 
15 L 0 7 1 
15 L 0 2 1 
15 D 869 3 1 
16 L 2 1 1 
16 D 530 0 1 
17 L 2 1 1 
17 L 0 0 1 
17 L 0 2 1 
17 D 389 3 1 
18 L 0 5 1 
18 L 2 1 1 
18 L 1 4 1 
18 D 45 0 1 
19 L 0 2 1 
19 D 45 3 1 
20 D 217 0 1 
21 L 0 6 1 
21 L 0 13 1 
21 L 0 5 1 
21 L 0 8 1 
21 L 2 1 1 
21 L 0 11 1 
21 D 116 4 1 
22 L 0 0 1 
22 L 0 7 1 
22 D 116 2 1 
23 L 0 10 1 
23 L 2 9 1 
23 D 116 14 1 
24 L 0 3 1 
24 D 116 12 1 
25 L 0 6 1 
25 L 0 5 1 
25 L 2 1 1 
25 L 1 4 1 
25 D 566 0 1 
26 L 0 7 1 
26 L 0 2 1 
26 D 566 3 1 
27 L 0 6 1 
27 L 0 5 1 
27 L 2 1 1 
27 L 1 4 1 
27 D 134 0 1 
28 L 0 7 1 
28 L 0 2 1 
28 D 134 3 1 
29 L 0 6 1 
29 L 0 5 1 
29 L 2 1 1 
29 L 1 4 1 
29 D 679 0 1 
0 L 0 7 1 
0 L 0 2 1 
0 D 679 3 1 
1 L 2 1 1 
1 L 0 0 1 
1 D 687 2 1 
2 L 0 6 1 
2 L 0 13 1 
2 L 0 5 1 
2 L 0 8 1 
2 L 2 1 1 
2 L 0 11 1 
2 D 544 17 1 
3 L 1 4 1 
3 L 0 16 1 
3 L 0 0 1 
3 D 544 7 1 
4 L 0 2 1 
4 L 0 15 1 
4 D 544 10 1 
5 L 2 9 1 
5 L 0 14 1 
5 D 544 3 1 
6 D 544 12 1 
7 L 0 6 1 
7 L 0 8 1 
7 L 0 5 1 
7 L 2 1 1 
7 L 1 4 1 
7 D 628 0 1 
8 L 0 7 1 
8 L 0 2 1 
8 D 628 3 1 
9 L 0 6 1 
9 L 0 8 1 
9 L 0 5 1 
9 L 2 1 1 
9 L 1 4 1 
9 D 889 0 1 
10 L 0 7 1 
10 L 0 2 1 
10 D 889 3 1 
11 L 2 1 1 
11 L 1 4 1 
11 L 0 0 1 
11 D 263 2 1 
12 D 263 3 1 
13 L 0 6 1 
13 L 0 8 1 
13 L 0 5 1 
13 L 2 1 1 
13 L 1 4 1 
13 D 47 0 1 
14 L 0 7 1 
14 L 0 2 1 
14 D 47 9 1 
15 D 47 3 1 
16 L 0 6 1 
16 L 0 13 1 
16 L 0 5 1 
16 L 0 8 1 
16 L 2 1 1 
16 L 0 11 1 
16 D 867 4 1 
17 L 0 16 1 
17 L 0 0 1 
17 D 867 7 1 
18 L 0 2 1 
18 L 0 15 1 
18 D 867 10 1 
19 L 2 9 1 
19 L 0 14 1 
19 D 867 3 1 
20 D 867 12 1 
21 L 0 6 1 
21 L 0 8 1 
21 L 0 5 1 
21 L 2 1 1 
21 L 1 4 1 
21 D 986 0 1 
22 L 0 7 1 
22 L 0 2 1 
22 D 986 9 1 
23 D 986 3 1 
24 L 0 6 1 
24 L 0 5 1 
24 L 2 1 1 
24 L 1 4 1 
24 D 73 0 1 
25 L 0 7 1 
25 L 0 2 1 
25 D 73 3 1 
26 L 0 6 1 
26 L 0 13 1 
26 L 0 5 1 
26 L 0 8 1 
26 L 2 1 1 
26 L 0 11 1 
26 D 715 4 1 
27 L 0 0 1 
27 L 0 7 1 
27 D 715 2 1 
28 L 0 10 1 
28 L 2 9 1 
28 D 715 3 1 
29 D 715 12 1 
0 L 2 1 1 
0 L 0 0 1 
0 L 0 2 1 
0 D 324 3 1 
1 L 0 6 1 
1 L 0 5 1 
1 L 2 1 1 
1 L 1 4 1 
1 D 596 0 1 
2 L 0 7 1 
2 L 0 2 1 
2 D 596 3 1 
3 L 2 1 1 
3 D 846 0 1 
4 L 0 6 1 
4 L 0 8 1 
4 L 0 5 1 
4 L 2 1 1 
4 L 1 4 1 
4 D 236 0 1 
5 L 0 7 1 
5 L 0 2 1 
5 D 236 9 1 
6 D 236 3 1 
7 L 2 1 1 
7 L 0 0 1 
7 L 0 2 1 
7 D 551 3 1 
8 L 0 6 1 
8 L 0 5 1 
8 L 2 1 1 
8 L 1 4 1 
8 D 397 0 1 
9 L 0 2 1 
9 D 397 3 1 
10 L 2 1 1 
10 D 649 0 1 
11 L 0 5 1 
11 L 2 1 1 
11 L 1 4 1 
11 D 109 0 1 
12 L 0 2 1 
12 D 109 3 1 
13 L 0 6 1 
13 L 0 8 1 
13 L 0 5 1 
13 L 2 1 1 
13 L 1 4 1 
13 D 696 0 1 
14 L 0 7 1 
14 L 0 2 1 
14 D 696 9 1 
15 D 696 3 1 
16 L 2 1 1 
16 L 0 0 1 
16 L 0 2 1 
16 D 935 3 1 
17 L 0 6 1 
17 L 0 8 1 
17 L 0 5 1 
17 L 2 1 1 
17 L 1 4 1 
17 D 358 0 1 
18 L 0 7 1 
18 L 0 2 1 
18 D 358 9 1 
19 D 358 3 1 
20 L 2 1 1 
20 L 0 0 1 
20 D 625 2 1 
21 L 2 1 1 
21 L 0 0 1 
21 D 435 2 1 
22 L 0 5 1 
22 L 2 1 1 
22 L 1 4 1 
22 D 485 0 1 
23 L 0 2 1 
23 D 485 3 1 
24 L 0 6 1 
24 L 0 5 1 
24 L 2 1 1 
24 L 1 4 1 
24 D 587 0 1 
25 L 0 7 1 
25 L 0 2 1 
25 D 587 3 1 
26 L 2 1 1 
26 L 1 4 1 
26 L 0 0 1 
26 D 159 2 1 
27 D 159 3 1 
28 L 2 1 1 
28 L 0 0 1 
28 L 0 2 1 
28 D 752 3 1 
29 L 0 6 1 
29 L 0 5 1 
29 L 2 1 1 
29 L 1 4 1 
29 D 837 0 1 
0 L 0 7 1 
0 L 0 2 1 
0 D 837 3 1 
1 L 2 1 1 
1 L 1 4 1 
1 L 0 0 1 
1 D 932 2 1 
2 D 932 3 1 
3 L 0 6 1 
3 L 0 8 1 
3 L 0 5 1 
3 L 2 1 1 
3 L 1 4 1 
3 D 688 0 1 
4 L 0 7 1 
4 L 0 2 1 
4 D 688 3 1 
5 L 2 1 1 
5 L 1 4 1 
5 L 0 0 1 
5 D 623 2 1 
6 D 623 3 1 
7 L 2 1 1 
7 L 0 0 1 
7 L 0 2 1 
7 D 311 3 1 
8 D 675 0 1 
9 L 2 1 1 
9 D 838 0 1 
10 L 2 1 1 
10 L 0 0 1 
10 L 0 2 1 
10 D 861 3 1 
11 L 0 6 1 
11 L 0 8 1 
11 L 0 5 1 
11 L 2 1 1 
11 L 0 11 1 
11 D 76 4 1 
12 L 0 0 1 
12 L 0 7 1 
12 D 76 2 1 
13 L 0 10 1 
13 L 2 9 1 
13 D 76 3 1 
14 L 2 1 1 
14 L 0 0 1 
14 L 0 2 1 
14 D 468 3 1 
15 L 0 6 1 
15 L 0 5 1 
15 L 2 1 1 
15 L 1 4 1 
15 D 287 0 1 
16 L 0 7 1 
16 L 0 2 1 
16 D 287 3 1 
17 L 0 6 1 
17 L 0 8 1 
17 L 0 5 1 
17 L 2 1 1 
17 L 1 4 1 
17 D 316 0 1 
18 L 0 7 1 
18 L 0 2 1 
18 D 316 9 1 
19 D 316 3 1 
20 L 0 6 1 
20 L 0 8 1 
20 L 0 5 1 
20 L 2 1 1 
20 L 1 4 1 
20 D 31 0 1 
21 L 0 7 1 
21 L 0 2 1 
21 D 31 9 1 
22 D 31 3 1 
23 L 0 5 1 
23 L 2 1 1 
23 L 1 4 1 
23 D 422 0 1 
24 L 0 2 1 
24 D 422 3 1 
25 L 2 1 1 
25 L 1 4 1 
25 L 0 0 1 
25 D 291 2 1 
26 D 291 3 1 
27 L 2 1 1 
27 L 1 4 1 
27 L 0 0 1 
27 D 272 2 1 
28 D 272 3 1 
29 L 2 1 1 
29 D 745 0 1 
0 L 2 1 1 
0 L 0 0 1 
0 L 0 2 1 
0 D 791 3 1 
1 L 0 6 1 
1 L 0 5 1 
1 L 2 1 1 
1 L 1 4 1 
1 D 702 0 1 
2 L 0 7 1 
2 L 0 2 1 
2 D 702 3 1 
3 L 0 6 1 
3 L 0 8 1 
3 L 0 5 1 
3 L 2 1 1 
3 L 1 4 1 
3 D 503 0 1 
4 L 0 7 1 
4 L 0 2 1 
4 D 503 10 1 
5 L 2 9 1 
5 D 503 3 1 
6 L 0 6 1 
6 L 0 8 1 
6 L 0 5 1 
6 L 2 1 1 
6 L 1 4 1 
6 D 125 0 1 
7 L 0 7 1 
7 L 0 2 1 
7 D 125 9 1 
8 D 125 3 1 
9 L 2 1 1 
9 L 0 0 1 
9 D 759 2 1 
10 L 0 6 1 
10 L 0 5 1 
10 L 2 1 1 
10 L 1 4 1 
10 D 994 0 1 
11 L 0 2 1 
11 D 994 3 1 
12 L 2 1 1 
12 L 0 0 1 
12 L 0 2 1 
12 D 411 3 1 
13 L 0 6 1 
13 L 0 5 1 
13 L 2 1 1 
13 L 1 4 1 
13 D 636 0 1 
14 L 0 7 1 
14 L 0 2 1 
14 D 636 3 1 
15 L 0 6 1 
15 L 0 13 1 
15 L 0 5 1 
15 L 0 8 1 
15 L 2 1 1 
15 L 0 11 1 
15 D 120 4 1 
16 L 0 16 1 
16 L 0 0 1 
16 D 120 7 1 
17 L 0 2 1 
17 L 0 15 1 
17 D 120 10 1 
18 L 2 9 1 
18 L 0 14 1 
18 D 120 3 1 
19 D 120 12 1 
20 L 2 1 1 
20 D 216 0 1 
21 L 0 6 1 
21 L 0 13 1 
21 L 0 5 1 
21 L 0 8 1 
21 L 2 1 1 
21 L 0 11 1 
21 D 561 17 1 
22 L 1 4 1 
22 L 0 16 1 
22 L 0 0 1 
22 D 561 7 1 
23 L 0 2 1 
23 L 0 15 1 
23 D 561 10 1 
24 L 2 9 1 
24 L 0 14 1 
24 D 561 3 1 
25 D 561 12 1 
26 L 2 1 1 
26 L 0 0 1 
26 D 282 2 1 
27 L 0 6 1 
27 L 0 8 1 
27 L 0 5 1 
27 L 2 1 1 
27 L 1 4 1 
27 D 88 0 1 
28 L 0 7 1 
28 L 0 2 1 
28 D 88 10 1 
29 L 2 9 1 
29 D 88 3 1 
0 L 2 1 1 
0 L 0 0 1 
0 L 0 2 1 
0 D 214 3 1 
1 L 0 6 1 
1 L 0 5 1 
1 L 0 8 1 
1 L 2 1 1 
1 L 0 11 1 
1 D 677 4 1 
2 L 0 0 1 
2 L 0 7 1 
2 D 677 2 1 
3 L 0 10 1 
3 L 2 9 1 
3 D 677 3 1 
4 D 677 12 1 
5 L 0 6 1 
5 L 0 5 1 
5 L 2 1 1 
5 L 1 4 1 
5 D 651 0 1 
6 L 0 2 1 
6 D 651 3 1 
7 L 0 6 1 
7 L 0 8 1 
7 L 0 5 1 
7 L 2 1 1 
7 L 0 11 1 
7 D 900 4 1 
8 L 0 0 1 
8 L 0 7 1 
8 D 900 2 1 
9 L 0 10 1 
9 L 2 9 1 
9 D 900 3 1 
10 L 2 1 1 
10 L 0 0 1 
10 D 336 2 1 
11 L 2 1 1 
11 L 0 0 1 
11 L 0 2 1 
11 D 707 3 1 
12 L 2 1 1 
12 L 0 0 1 
12 D 48 2 1 
13 L 0 6 1 
13 L 0 8 1 
13 L 0 5 1 
13 L 2 1 1 
13 L 1 4 1 
13 D 168 0 1 
14 L 0 7 1 
14 L 0 2 1 
14 D 168 9 1 
15 D 168 3 1 
16 L 0 6 1 
16 L 0 13 1 
16 L 0 5 1 
16 L 0 8 1 
16 L 2 1 1 
16 L 0 11 1 
16 D 605 4 1 
17 L 0 0 1 
17 L 0 7 1 
17 D 605 2 1 
18 L 0 10 1 
18 L 2 9 1 
18 D 605 3 1 
19 D 605 12 1 
20 L 0 6 1 
20 L 0 5 1 
20 L 2 1 1 
20 L 1 4 1 
20 D 930 0 1 
21 L 0 2 1 
21 D 930 3 1 
22 L 0 6 1 
22 L 0 8 1 
22 L 0 5 1 
22 L 2 1 1 
22 L 1 4 1 
22 D 102 0 1 
23 L 0 7 1 
23 L 0 2 1 
23 D 102 10 1 
24 L 2 9 1 
24 D 102 3 1 
25 L 2 1 1 
25 L 1 4 1 
25 L 0 0 1 
25 D 816 2 1 
26 D 816 3 1 
27 L 2 1 1 
27 L 0 0 1 
27 L 0 2 1 
27 D 726 3 1 
28 L 0 5 1 
28 L 2 1 1 
28 L 1 4 1 
28 D 685 0 1 
29 L 0 2 1 
29 D 685 3 1 
0 L 0 5 1 
0 L 2 1 1 
0 L 1 4 1 
0 D 747 0 1 
1 L 0 2 1 
1 D 747 3 1 
2 L 2 1 1 
2 L 0 0 1 
2 L 0 2 1 
2 D 50 3 1 
3 L 2 1 1 
3 L 0 0 1 
3 D 591 2 1 
4 L 2 1 1 
4 L 1 4 1 
4 L 0 0 1 
4 D 137 2 1 
5 D 137 3 1 
6 L 2 1 1 
6 L 1 4 1 
6 L 0 0 1 
6 D 663 2 1 
7 D 663 3 1 
8 L 0 6 1 
8 L 0 13 1 
8 L 0 5 1 
8 L 0 8 1 
8 L 2 1 1 
8 L 0 11 1 
8 D 32 4 1 
9 L 0 0 1 
9 L 0 7 1 
9 D 32 2 1 
10 L 0 10 1 
10 L 2 9 1 
10 D 32 3 1 
11 D 32 12 1 
12 L 0 5 1 
12 L 2 1 1 
12 L 1 4 1 
12 D 454 0 1 
13 L 0 2 1 
13 D 454 3 1 
14 L 0 6 1 
14 L 0 5 1 
14 L 2 1 1 
14 L 1 4 1 
14 D 793 0 1 
15 L 0 7 1 
15 L 0 2 1 
15 D 793 3 1 
16 L 2 1 1 
16 L 0 0 1 
16 D 604 2 1 
17 L 0 6 1 
17 L 0 8 1 
17 L 0 5 1 
17 L 2 1 1 
17 L 0 11 1 
17 D 848 4 1 
18 L 0 0 1 
18 L 0 7 1 
18 D 848 2 1 
19 L 0 10 1 
19 L 2 9 1 
19 D 848 3 1 
20 L 2 1 1 
20 L 0 0 1 
20 D 220 2 1 
21 L 2 1 1 
21 L 1 4 1 
21 L 0 0 1 
21 D 878 2 1 
22 D 878 3 1 
23 L 2 1 1 
23 L 1 4 1 
23 L 0 0 1 
23 D 598 2 1 
24 D 598 3 1 
25 L 2 1 1 
25 L 0 0 1 
25 D 984 2 1 
26 L 2 1 1 
26 L 0 0 1 
26 D 940 2 1 
27 L 2 1 1 
27 L 0 0 1 
27 D 412 2 1 
28 L 2 1 1 
28 L 0 0 1 
28 D 255 2 1 
29 L 0 5 1 
29 L 2 1 1 
29 L 1 4 1 
29 D 828 0 1 
0 L 0 2 1 
0 D 828 3 1 
1 L 0 6 1 
1 L 0 5 1 
1 L 2 1 1 
1 L 1 4 1 
1 D 75 0 1 
2 L 0 2 1 
2 D 75 3 1 
3 L 2 1 1 
3 L 1 4 1 
3 L 0 0 1 
3 D 890 2 1 
4 D 890 3 1 
5 L 0 6 1 
5 L 0 8 1 
5 L 0 5 1 
5 L 2 1 1 
5 L 1 4 1 
5 D 508 0 1 
6 L 0 7 1 
6 L 0 2 1 
6 D 508 3 1 
7 L 2 1 1 
7 L 0 0 1 
7 D 896 2 1 
8 L 2 1 1 
8 L 0 0 1 
8 D 744 2 1 
9 L 0 6 1 
9 L 0 13 1 
9 L 0 5 1 
9 L 0 8 1 
9 L 2 1 1 
9 L 0 11 1 
9 D 458 4 1 
10 L 0 0 1 
10 L 0 7 1 
10 D 458 2 1 
11 L 0 10 1 
11 L 2 9 1 
11 D 458 14 1 
12 L 0 3 1 
12 D 458 12 1 
13 L 0 6 1 
13 L 0 8 1 
13 L 0 5 1 
13 L 2 1 1 
13 L 1 4 1 
13 D 191 0 1 
14 L 0 7 1 
14 L 0 2 1 
14 D 191 9 1 
15 D 191 3 1 
16 L 2 1 1 
16 L 1 4 1 
16 L 0 0 1 
16 D 794 2 1 
17 D 794 3 1 
18 L 0 6 1 
18 L 0 5 1 
18 L 2 1 1 
18 L 1 4 1 
18 D 3 0 1 
19 L 0 2 1 
19 D 3 3 1 
20 D 996 0 1 
21 L 0 6 1 
21 L 0 5 1 
21 L 2 1 1 
21 L 1 4 1 
21 D 381 0 1 
22 L 0 2 1 
22 D 381 3 1 
23 L 2 1 1 
23 L 1 4 1 
23 L 0 0 1 
23 D 99 2 1 
24 D 99 3 1 
25 L 0 6 1 
25 L 0 8 1 
25 L 0 5 1 
25 L 2 1 1 
25 L 1 4 1 
25 D 749 0 1 
26 L 0 7 1 
26 L 0 2 1 
26 D 749 3 1 
27 L 2 1 1 
27 L 0 0 1 
27 L 0 2 1 
27 D 813 3 1 
28 L 2 1 1 
28 L 0 0 1 
28 L 0 2 1 
28 D 66 3 1 
29 L 0 6 1 
29 L 0 8 1 
29 L 0 5 1 
29 L 2 1 1 
29 L 1 4 1 
29 D 136 0 1 
0 L 0 7 1 
0 L 0 2 1 
0 D 136 9 1 
1 D 136 3 1 
2 L 2 1 1 
2 L 0 0 1 
2 D 91 2 1 
3 L 0 6 1 
3 L 0 8 1 
3 L 0 5 1 
3 L 2 1 1 
3 L 1 4 1 
3 D 431 0 1 
4 L 0 7 1 
4 L 0 2 1 
4 D 431 3 1 
5 L 2 1 1 
5 L 1 4 1 
5 L 0 0 1 
5 D 246 2 1 
6 D 246 3 1 
7 L 0 6 1 
7 L 0 5 1 
7 L 2 1 1 
7 L 1 4 1 
7 D 885 0 1 
8 L 0 2 1 
8 D 885 3 1 
9 L 2 1 1 
9 L 1 4 1 
9 L 0 0 1 
9 D 276 2 1 
10 D 276 3 1 
11 L 0 6 1 
11 L 0 13 1 
11 L 0 5 1 
11 L 0 8 1 
11 L 2 1 1 
11 L 0 11 1 
11 D 179 4 1 
12 L 0 0 1 
12 L 0 7 1 
12 D 179 2 1 
13 L 0 10 1 
13 L 2 9 1 
13 D 179 14 1 
14 L 0 3 1 
14 D 179 12 1 
15 L 2 1 1 
15 L 0 0 1 
15 L 0 2 1 
15 D 699 3 1 
16 L 0 6 1 
16 L 0 8 1 
16 L 0 5 1 
16 L 2 1 1 
16 L 0 11 1 
16 D 222 4 1 
17 L 0 0 1 
17 L 0 7 1 
17 D 222 2 1 
18 L 0 10 1 
18 L 2 9 1 
18 D 222 3 1 
19 L 0 6 1 
19 L 0 8 1 
19 L 0 5 1 
19 L 2 1 1 
19 L 0 11 1 
19 D 392 4 1 
20 L 0 0 1 
20 L 0 7 1 
20 D 392 2 1 
21 L 0 10 1 
21 L 2 9 1 
21 D 392 3 1 
22 L 2 1 1 
22 L 0 0 1 
22 L 0 2 1 
22 D 579 3 1 
23 L 2 1 1 
23 L 0 0 1 
23 L 0 2 1 
23 D 777 3 1 
24 L 0 6 1 
24 L 0 13 1 
24 L 0 5 1 
24 L 0 8 1 
24 L 2 1 1 
24 L 0 11 1 
24 D 746 4 1 
25 L 0 0 1 
25 L 0 7 1 
25 D 746 2 1 
26 L 0 10 1 
26 L 2 9 1 
26 D 746 3 1 
27 D 746 12 1 
28 L 0 6 1 
28 L 0 8 1 
28 L 0 5 1 
28 L 2 1 1 
28 L 1 4 1 
28 D 449 0 1 
29 L 0 7 1 
29 L 0 2 1 
29 D 449 3 1 
0 L 0 6 1 
0 L 0 13 1 
0 L 0 5 1 
0 L 0 8 1 
0 L 2 1 1 
0 L 0 11 1 
0 D 881 4 1 
1 L 0 16 1 
1 L 0 0 1 
1 D 881 7 1 
2 L 0 2 1 
2 L 0 15 1 
2 D 881 10 1 
3 L 2 9 1 
3 L 0 14 1 
3 D 881 3 1 
4 D 881 12 1 
5 L 2 1 1 
5 L 0 0 1 
5 D 215 2 1 
6 L 2 1 1 
6 D 731 0 1 
7 L 0 6 1 
7 L 0 5 1 
7 L 2 1 1 
7 L 1 4 1 
7 D 755 0 1 
8 L 0 2 1 
8 D 755 3 1 
9 L 2 1 1 
9 L 0 0 1 
9 L 0 2 1 
9 D 976 3 1 
10 L 0 6 1 
10 L 0 5 1 
10 L 0 8 1 
10 L 2 1 1 
10 L 0 11 1 
10 D 118 4 1 
11 L 0 0 1 
11 L 0 7 1 
11 D 118 2 1 
12 L 0 10 1 
12 L 2 9 1 
12 D 118 3 1 
13 D 118 12 1 
14 L 2 1 1 
14 L 1 4 1 
14 L 0 0 1 
14 D 277 2 1 
15 D 277 3 1 
16 L 2 1 1 
16 L 1 4 1 
16 L 0 0 1 
16 D 698 2 1 
17 D 698 3 1 
18 L 0 6 1 
18 L 0 5 1 
18 L 2 1 1 
18 L 1 4 1 
18 D 366 0 1 
19 L 0 2 1 
19 D 366 3 1 
20 L 0 6 1 
20 L 0 5 1 
20 L 2 1 1 
20 L 1 4 1 
20 D 785 0 1 
21 L 0 2 1 
21 D 785 3 1 
22 L 2 1 1 
22 D 849 0 1 
23 L 2 1 1 
23 L 0 0 1 
23 L 0 2 1 
23 D 269 3 1 
24 L 2 1 1 
24 L 0 0 1 
24 D 797 2 1 
25 L 0 5 1 
25 L 2 1 1 
25 L 1 4 1 
25 D 20 0 1 
26 L 0 2 1 
26 D 20 3 1 
27 L 0 6 1 
27 L 0 13 1 
27 L 0 5 1 
27 L 0 8 1 
27 L 2 1 1 
27 L 0 11 1 
27 D 83 4 1 
28 L 0 0 1 
28 L 0 7 1 
28 D 83 2 1 
29 L 0 15 1 
29 L 0 10 1 
29 D 83 9 1 
0 L 0 14 1 
0 D 83 3 1 
1 D 83 12 1 
2 L 2 1 1 
2 L 0 0 1 
2 L 0 2 1 
2 D 443 3 1 
3 L 0 6 1 
3 L 0 5 1 
3 L 0 8 1 
3 L 2 1 1 
3 L 0 11 1 
3 D 13 4 1 
4 L 0 0 1 
4 L 0 7 1 
4 D 13 2 1 
5 L 0 10 1 
5 L 2 9 1 
5 D 13 3 1 
6 D 13 12 1 
7 L 2 1 1 
7 L 0 0 1 
7 L 0 2 1 
7 D 982 3 1 
8 L 2 1 1 
8 D 429 0 1 
9 L 2 1 1 
9 D 295 0 1 
10 L 2 1 1 
10 L 0 0 1 
10 D 546 2 1 
11 L 0 6 1 
11 L 0 5 1 
11 L 2 1 1 
11 L 1 4 1 
11 D 739 0 1 
12 L 0 2 1 
12 D 739 3 1 
13 L 2 1 1 
13 L 0 0 1 
13 D 221 2 1 
14 L 2 1 1 
14 L 0 0 1 
14 L 0 2 1 
14 D 62 3 1 
15 L 0 6 1 
15 L 0 8 1 
15 L 0 5 1 
15 L 2 1 1 
15 L 1 4 1 
15 D 705 0 1 
16 L 0 7 1 
16 L 0 2 1 
16 D 705 10 1 
17 L 2 9 1 
17 D 705 3 1 
18 L 0 6 1 
18 L 0 8 1 
18 L 0 5 1 
18 L 2 1 1 
18 L 0 11 1 
18 D 806 4 1 
19 L 0 0 1 
19 L 0 7 1 
19 D 806 2 1 
20 L 0 10 1 
20 L 2 9 1 
20 D 806 3 1 
21 L 0 6 1 
21 L 0 8 1 
21 L 0 5 1 
21 L 2 1 1 
21 L 1 4 1 
21 D 915 0 1 
22 L 0 7 1 
22 L 0 2 1 
22 D 915 10 1 
23 L 2 9 1 
23 D 915 3 1 
24 L 0 5 1 
24 L 2 1 1 
24 L 1 4 1 
24 D 185 0 1 
25 L 0 2 1 
25 D 185 3 1 
26 L 2 1 1 
26 L 0 0 1 
26 D 723 2 1 
27 L 0 5 1 
27 L 2 1 1 
27 L 1 4 1 
27 D 721 0 1 
28 L 0 2 1 
28 D 721 3 1 
29 L 2 1 1 
29 L 1 4 1 
29 L 0 0 1 
29 D 121 2 1 
0 D 121 3 1 
1 L 0 6 1 
1 L 0 8 1 
1 L 0 5 1 
1 L 2 1 1 
1 L 1 4 1 
1 D 96 0 1 
2 L 0 7 1 
2 L 0 2 1 
2 D 96 10 1 
3 L 2 9 1 
3 D 96 3 1 
4 L 2 1 1 
4 L 1 4 1 
4 L 0 0 1 
4 D 516 2 1 
5 D 516 3 1 
6 L 2 1 1 
6 L 1 4 1 
6 L 0 0 1 
6 D 97 2 1 
7 D 97 3 1 
8 L 0 6 1 
8 L 0 8 1 
8 L 0 5 1 
8 L 2 1 1 
8 L 0 11 1 
8 D 872 4 1 
9 L 0 0 1 
9 L 0 7 1 
9 D 872 2 1 
10 L 0 10 1 
10 L 2 9 1 
10 D 872 3 1 
11 L 0 6 1 
11 L 0 8 1 
11 L 0 5 1 
11 L 2 1 1 
11 L 1 4 1 
11 D 427 0 1 
12 L 0 7 1 
12 L 0 2 1 
12 D 427 10 1 
13 L 2 9 1 
13 D 427 3 1 
14 L 2 1 1 
14 L 0 0 1 
14 L 0 2 1 
14 D 77 3 1 
15 L 0 6 1 
15 L 0 8 1 
15 L 0 5 1 
15 L 2 1 1 
15 L 1 4 1 
15 D 150 0 1 
16 L 0 7 1 
16 L 0 2 1 
16 D 150 9 1 
17 D 150 3 1 
18 L 0 6 1 
18 L 0 13 1 
18 L 0 5 1 
18 L 0 8 1 
18 L 2 1 1 
18 L 0 11 1 
18 D 662 4 1 
19 L 0 0 1 
19 L 0 7 1 
19 D 662 2 1 
20 L 0 15 1 
20 L 0 10 1 
20 D 662 9 1 
21 L 0 14 1 
21 D 662 3 1 
22 D 662 12 1 
23 L 0 6 1 
23 L 0 5 1 
23 L 2 1 1 
23 L 1 4 1 
23 D 344 0 1 
24 L 0 7 1 
24 L 0 2 1 
24 D 344 3 1 
25 L 0 6 1 
25 L 0 13 1 
25 L 0 5 1 
25 L 0 8 1 
25 L 2 1 1 
25 L 0 11 1 
25 D 809 4 1 
26 L 0 16 1 
26 L 0 0 1 
26 D 809 7 1 
27 L 0 2 1 
27 L 0 15 1 
27 D 809 10 1 
28 L 2 9 1 
28 L 0 14 1 
28 D 809 3 1 
29 D 809 12 1 
0 L 2 1 1 
0 L 1 4 1 
0 L 0 0 1 
0 D 189 2 1 
1 D 189 3 1 
2 L 0 6 1 
2 L 0 5 1 
2 L 2 1 1 
2 L 1 4 1 
2 D 320 0 1 
3 L 0 2 1 
3 D 320 3 1 
4 L 0 6 1 
4 L 0 13 1 
4 L 0 5 1 
4 L 0 8 1 
4 L 2 1 1 
4 L 0 11 1 
4 D 491 17 1 
5 L 1 4 1 
5 L 0 16 1 
5 L 0 0 1 
5 D 491 7 1 
6 L 0 2 1 
6 L 0 15 1 
6 D 491 10 1 
7 L 2 9 1 
7 L 0 14 1 
7 D 491 3 1 
8 D 491 12 1 
9 L 2 1 1 
9 L 0 0 1 
9 D 103 2 1 
10 L 0 6 1 
10 L 0 8 1 
10 L 0 5 1 
10 L 2 1 1 
10 L 1 4 1 
10 D 286 0 1 
11 L 0 7 1 
11 L 0 2 1 
11 D 286 10 1 
12 L 2 9 1 
12 D 286 3 1 
13 L 2 1 1 
13 L 0 0 1 
13 D 38 2 1 
14 L 0 6 1 
14 L 0 5 1 
14 L 2 1 1 
14 L 1 4 1 
14 D 416 0 1 
15 L 0 2 1 
15 D 416 3 1 
16 L 0 6 1 
16 L 0 8 1 
16 L 0 5 1 
16 L 2 1 1 
16 L 0 11 1 
16 D 542 4 1 
17 L 0 0 1 
17 L 0 7 1 
17 D 542 2 1 
18 L 0 10 1 
18 L 2 9 1 
18 D 542 3 1 
19 L 0 6 1 
19 L 0 5 1 
19 L 2 1 1 
19 L 1 4 1 
19 D 817 0 1 
20 L 0 7 1 
20 L 0 2 1 
20 D 817 3 1 
21 L 2 1 1 
21 L 0 0 1 
21 D 973 2 1 
22 L 0 6 1 
22 L 0 5 1 
22 L 2 1 1 
22 L 1 4 1 
22 D 526 0 1 
23 L 0 2 1 
23 D 526 3 1 
24 L 2 1 1 
24 L 1 4 1 
24 L 0 0 1 
24 D 432 2 1 
25 D 432 3 1 
26 L 0 6 1 
26 L 0 8 1 
26 L 0 5 1 
26 L 2 1 1 
26 L 1 4 1 
26 D 632 0 1 
27 L 0 7 1 
27 L 0 2 1 
27 D 632 9 1 
28 D 632 3 1 
29 L 2 1 1 
29 L 0 0 1 
29 D 595 2 1 
0 L 2 1 1 
0 L 0 0 1 
0 L 0 2 1 
0 D 507 3 1 
1 L 2 1 1 
1 L 1 4 1 
1 L 0 0 1 
1 D 64 2 1 
2 D 64 3 1 
3 L 0 6 1 
3 L 0 13 1 
3 L 0 5 1 
3 L 0 8 1 
3 L 2 1 1 
3 L 0 11 1 
3 D 71 4 1 
4 L 0 0 1 
4 L 0 7 1 
4 D 71 2 1 
5 L 0 10 1 
5 L 2 9 1 
5 D 71 14 1 
6 L 0 3 1 
6 D 71 12 1 
7 L 0 6 1 
7 L 0 5 1 
7 L 0 8 1 
7 L 2 1 1 
7 L 0 11 1 
7 D 149 4 1 
8 L 0 0 1 
8 L 0 7 1 
8 D 149 2 1 
9 L 0 10 1 
9 L 2 9 1 
9 D 149 3 1 
10 D 149 12 1 
11 L 2 1 1 
11 D 40 0 1 
12 L 0 6 1 
12 L 0 13 1 
12 L 0 5 1 
12 L 0 8 1 
12 L 2 1 1 
12 L 0 11 1 
12 D 578 4 1 
13 L 0 0 1 
13 L 0 7 1 
13 D 578 2 1 
14 L 0 10 1 
14 L 2 9 1 
14 D 578 3 1 
15 D 578 12 1 
16 D 82 0 1 
17 L 0 6 1 
17 L 0 13 1 
17 L 0 5 1 
17 L 0 8 1 
17 L 2 1 1 
17 L 0 11 1 
17 D 864 4 1 
18 L 0 0 1 
18 L 0 7 1 
18 D 864 2 1 
19 L 0 10 1 
19 L 2 9 1 
19 D 864 14 1 
20 L 0 3 1 
20 D 864 12 1 
21 D 400 0 1 
22 L 0 6 1 
22 L 0 8 1 
22 L 0 5 1 
22 L 2 1 1 
22 L 1 4 1 
22 D 589 0 1 
23 L 0 7 1 
23 L 0 2 1 
23 D 589 3 1 
24 L 2 1 1 
24 L 0 0 1 
24 D 729 2 1 
25 L 0 6 1 
25 L 0 5 1 
25 L 2 1 1 
25 L 1 4 1 
25 D 313 0 1 
26 L 0 2 1 
26 D 313 3 1 
27 L 2 1 1 
27 L 1 4 1 
27 L 0 0 1 
27 D 908 2 1 
28 D 908 3 1 
29 L 0 6 1 
29 L 0 5 1 
29 L 2 1 1 
29 L 1 4 1 
29 D 548 0 1 
0 L 0 7 1 
0 L 0 2 1 
0 D 548 3 1 
1 L 0 6 1 
1 L 0 5 1 
1 L 2 1 1 
1 L 1 4 1 
1 D 974 0 1 
2 L 0 2 1 
2 D 974 3 1 
3 L 0 6 1 
3 L 0 13 1 
3 L 0 5 1 
3 L 0 8 1 
3 L 2 1 1 
3 L 0 11 1 
3 D 701 17 1 
4 L 1 4 1 
4 L 0 16 1 
4 L 0 0 1 
4 D 701 7 1 
5 L 0 2 1 
5 L 0 15 1 
5 D 701 10 1 
6 L 2 9 1 
6 L 0 14 1 
6 D 701 3 1 
7 D 701 12 1 
8 L 0 6 1 
8 L 0 5 1 
8 L 2 1 1 
8 L 1 4 1 
8 D 340 0 1 
9 L 0 7 1 
9 L 0 2 1 
9 D 340 3 1 
10 L 2 1 1 
10 D 186 0 1 
11 L 2 1 1 
11 D 921 0 1 
12 L 0 6 1 
12 L 0 5 1 
12 L 2 1 1 
12 L 1 4 1 
12 D 767 0 1 
13 L 0 2 1 
13 D 767 3 1 
14 L 2 1 1 
14 L 0 0 1 
14 L 0 2 1 
14 D 775 3 1 
15 L 2 1 1 
15 L 1 4 1 
15 L 0 0 1 
15 D 302 2 1 
16 D 302 3 1 
17 L 0 6 1 
17 L 0 13 1 
17 L 0 5 1 
17 L 0 8 1 
17 L 2 1 1 
17 L 0 11 1 
17 D 808 17 1 
18 L 1 4 1 
18 L 0 16 1 
18 L 0 0 1 
18 D 808 7 1 
19 L 0 2 1 
19 L 0 15 1 
19 D 808 10 1 
20 L 2 9 1 
20 L 0 14 1 
20 D 808 3 1 
21 D 808 12 1 
22 L 0 6 1 
22 L 0 13 1 
22 L 0 5 1 
22 L 0 8 1 
22 L 2 1 1 
22 L 0 11 1 
22 D 399 4 1 
23 L 0 0 1 
23 L 0 7 1 
23 D 399 2 1 
24 L 0 10 1 
24 L 2 9 1 
24 D 399 14 1 
25 L 0 3 1 
25 D 399 12 1 
26 L 2 1 1 
26 L 1 4 1 
26 L 0 0 1 
26 D 676 2 1 
27 D 676 3 1 
28 L 0 6 1 
28 L 0 13 1 
28 L 0 5 1 
28 L 0 8 1 
28 L 2 1 1 
28 L 0 11 1 
28 D 394 4 1 
29 L 0 16 1 
29 L 0 0 1 
29 D 394 7 1 
0 L 0 2 1 
0 L 0 15 1 
0 D 394 10 1 
1 L 2 9 1 
1 L 0 14 1 
1 D 394 3 1 
2 D 394 12 1 
3 L 0 6 1 
3 L 0 13 1 
3 L 0 5 1 
3 L 0 8 1 
3 L 2 1 1 
3 L 0 11 1 
3 D 27 4 1 
4 L 0 0 1 
4 L 0 7 1 
4 D 27 2 1 
5 L 0 10 1 
5 L 2 9 1 
5 D 27 14 1 
6 L 0 3 1 
6 D 27 12 1 
7 L 0 6 1 
7 L 0 8 1 
7 L 0 5 1 
7 L 2 1 1 
7 L 0 11 1 
7 D 528 4 1 
8 L 0 0 1 
8 L 0 7 1 
8 D 528 2 1 
9 L 0 10 1 
9 L 2 9 1 
9 D 528 3 1 
10 L 2 1 1 
10 L 0 0 1 
10 L 0 2 1 
10 D 907 3 1 
11 L 0 6 1 
11 L 0 8 1 
11 L 0 5 1 
11 L 2 1 1 
11 L 1 4 1 
11 D 79 0 1 
12 L 0 7 1 
12 L 0 2 1 
12 D 79 10 1 
13 L 2 9 1 
13 D 79 3 1 
14 L 2 1 1 
14 L 0 0 1 
14 L 0 2 1 
14 D 750 3 1 
15 L 0 6 1 
15 L 0 13 1 
15 L 0 5 1 
15 L 0 8 1 
15 L 2 1 1 
15 L 0 11 1 
15 D 914 4 1 
16 L 0 0 1 
16 L 0 7 1 
16 D 914 2 1 
17 L 0 15 1 
17 L 0 10 1 
17 D 914 9 1 
18 L 0 14 1 
18 D 914 3 1 
19 D 914 12 1 
20 L 2 1 1 
20 L 1 4 1 
20 L 0 0 1 
20 D 936 2 1 
21 D 936 3 1 
22 L 2 1 1 
22 D 446 0 1 
23 L 0 5 1 
23 L 2 1 1 
23 L 1 4 1 
23 D 671 0 1 
24 L 0 2 1 
24 D 671 3 1 
25 L 0 6 1 
25 L 0 8 1 
25 L 0 5 1 
25 L 2 1 1 
25 L 1 4 1 
25 D 805 0 1 
26 L 0 7 1 
26 L 0 2 1 
26 D 805 10 1 
27 L 2 9 1 
27 D 805 3 1 
28 L 0 6 1 
28 L 0 13 1 
28 L 0 5 1 
28 L 0 8 1 
28 L 2 1 1 
28 L 0 11 1 
28 D 211 17 1 
29 L 1 4 1 
29 L 0 16 1 
29 L 0 0 1 
29 D 211 7 1 
0 L 0 2 1 
0 L 0 15 1 
0 D 211 10 1 
1 L 2 9 1 
1 L 0 14 1 
1 D 211 3 1 
2 D 211 12 1 
3 L 0 6 1 
3 L 0 5 1 
3 L 2 1 1 
3 L 1 4 1 
3 D 674 0 1 
4 L 0 7 1 
4 L 0 2 1 
4 D 674 3 1 
5 L 2 1 1 
5 D 85 0 1 
6 L 2 1 1 
6 L 0 0 1 
6 L 0 2 1 
6 D 17 3 1 
7 L 0 6 1 
7 L 0 5 1 
7 L 0 8 1 
7 L 2 1 1 
7 L 0 11 1 
7 D 946 4 1 
8 L 0 0 1 
8 L 0 7 1 
8 D 946 2 1 
9 L 0 10 1 
9 L 2 9 1 
9 D 946 3 1 
10 D 946 12 1 
11 L 0 6 1 
11 L 0 5 1 
11 L 2 1 1 
11 L 1 4 1 
11 D 327 0 1 
12 L 0 2 1 
12 D 327 3 1 
13 L 0 6 1 
13 L 0 5 1 
13 L 2 1 1 
13 L 1 4 1 
13 D 441 0 1 
14 L 0 2 1 
14 D 441 3 1 
15 L 2 1 1 
15 L 1 4 1 
15 L 0 0 1 
15 D 162 2 1 
16 D 162 3 1 
17 L 2 1 1 
17 D 858 0 1 
18 L 0 6 1 
18 L 0 5 1 
18 L 2 1 1 
18 L 1 4 1 
18 D 800 0 1 
19 L 0 2 1 
19 D 800 3 1 
20 L 0 5 1 
20 L 2 1 1 
20 L 1 4 1 
20 D 445 0 1 
21 L 0 2 1 
21 D 445 3 1 
22 L 2 1 1 
22 L 0 0 1 
22 D 979 2 1 
23 L 0 5 1 
23 L 2 1 1 
23 L 1 4 1 
23 D 978 0 1 
24 L 0 2 1 
24 D 978 3 1 
25 L 0 6 1 
25 L 0 13 1 
25 L 0 5 1 
25 L 0 8 1 
25 L 2 1 1 
25 L 0 11 1 
25 D 348 4 1 
26 L 0 0 1 
26 L 0 7 1 
26 D 348 2 1 
27 L 0 10 1 
27 L 2 9 1 
27 D 348 14 1 
28 L 0 3 1 
28 D 348 12 1 
29 L 0 6 1 
29 L 0 8 1 
29 L 0 5 1 
29 L 2 1 1 
29 L 1 4 1 
29 D 824 0 1 
0 L 0 7 1 
0 L 0 2 1 
0 D 824 9 1 
1 D 824 3 1 
2 L 0 5 1 
2 L 2 1 1 
2 L 1 4 1 
2 D 264 0 1 
3 L 0 2 1 
3 D 264 3 1 
4 L 2 1 1 
4 L 0 0 1 
4 D 482 2 1 
5 L 2 1 1 
5 L 1 4 1 
5 L 0 0 1 
5 D 843 2 1 
6 D 843 3 1 
7 L 0 6 1 
7 L 0 8 1 
7 L 0 5 1 
7 L 2 1 1 
7 L 0 11 1 
7 D 880 4 1 
8 L 0 0 1 
8 L 0 7 1 
8 D 880 2 1 
9 L 0 10 1 
9 L 2 9 1 
9 D 880 3 1 
10 L 0 6 1 
10 L 0 13 1 
10 L 0 5 1 
10 L 0 8 1 
10 L 2 1 1 
10 L 0 11 1 
10 D 384 4 1 
11 L 0 0 1 
11 L 0 7 1 
11 D 384 2 1 
12 L 0 10 1 
12 L 2 9 1 
12 D 384 14 1 
13 L 0 3 1 
13 D 384 12 1 
14 L 2 1 1 
14 L 0 0 1 
14 D 798 2 1 
15 L 0 5 1 
15 L 2 1 1 
15 L 1 4 1 
15 D 815 0 1 
16 L 0 2 1 
16 D 815 3 1 
17 D 539 0 1 
18 L 0 6 1 
18 L 0 8 1 
18 L 0 5 1 
18 L 2 1 1 
18 L 0 11 1 
18 D 430 4 1 
19 L 0 0 1 
19 L 0 7 1 
19 D 430 2 1 
20 L 0 10 1 
20 L 2 9 1 
20 D 430 3 1 
21 L 2 1 1 
21 L 0 0 1 
21 D 361 2 1 
22 L 0 6 1 
22 L 0 5 1 
22 L 0 8 1 
22 L 2 1 1 
22 L 0 11 1 
22 D 280 4 1 
23 L 0 0 1 
23 L 0 7 1 
23 D 280 2 1 
24 L 0 10 1 
24 L 2 9 1 
24 D 280 3 1 
25 D 280 12 1 
26 L 2 1 1 
26 L 0 0 1 
26 D 106 2 1 
27 L 2 1 1 
27 L 0 0 1 
27 L 0 2 1 
27 D 146 3 1 
28 L 2 1 1 
28 L 1 4 1 
28 L 0 0 1 
28 D 693 2 1 
29 D 693 3 1 
0 L 2 1 1 
0 L 0 0 1 
0 D 769 2 1 
1 L 0 6 1 
1 L 0 5 1 
1 L 2 1 1 
1 L 1 4 1 
1 D 810 0 1 
2 L 0 2 1 
2 D 810 3 1 
3 L 0 6 1 
3 L 0 5 1 
3 L 0 8 1 
3 L 2 1 1 
3 L 0 11 1 
3 D 937 4 1 
4 L 0 0 1 
4 L 0 7 1 
4 D 937 2 1 
5 L 0 10 1 
5 L 2 9 1 
5 D 937 3 1 
6 D 937 12 1 
7 L 2 1 1 
7 D 682 0 1 
8 L 0 6 1 
8 L 0 8 1 
8 L 0 5 1 
8 L 2 1 1 
8 L 1 4 1 
8 D 279 0 1 
9 L 0 7 1 
9 L 0 2 1 
9 D 279 9 1 
10 D 279 3 1 
11 L 0 6 1 
11 L 0 5 1 
11 L 2 1 1 
11 L 1 4 1 
11 D 856 0 1 
12 L 0 2 1 
12 D 856 3 1 
13 L 0 6 1 
13 L 0 5 1 
13 L 2 1 1 
13 L 1 4 1 
13 D 6 0 1 
14 L 0 2 1 
14 D 6 3 1 
15 L 0 6 1 
15 L 0 8 1 
15 L 0 5 1 
15 L 2 1 1 
15 L 1 4 1 
15 D 627 0 1 
16 L 0 7 1 
16 L 0 2 1 
16 D 627 3 1 
17 L 0 5 1 
17 L 2 1 1 
17 L 1 4 1 
17 D 235 0 1 
18 L 0 2 1 
18 D 235 3 1 
19 L 2 1 1 
19 L 1 4 1 
19 L 0 0 1 
19 D 760 2 1 
20 D 760 3 1 
21 L 0 6 1 
21 L 0 8 1 
21 L 0 5 1 
21 L 2 1 1 
21 L 1 4 1 
21 D 997 0 1 
22 L 0 7 1 
22 L 0 2 1 
22 D 997 10 1 
23 L 2 9 1 
23 D 997 3 1 
24 L 0 6 1 
24 L 0 5 1 
24 L 2 1 1 
24 L 1 4 1 
24 D 265 0 1 
25 L 0 2 1 
25 D 265 3 1 
26 L 0 6 1 
26 L 0 13 1 
26 L 0 5 1 
26 L 0 8 1 
26 L 2 1 1 
26 L 0 11 1 
26 D 710 4 1 
27 L 0 0 1 
27 L 0 7 1 
27 D 710 2 1 
28 L 0 10 1 
28 L 2 9 1 
28 D 710 3 1 
29 D 710 12 1 
0 L 2 1 1 
0 L 1 4 1 
0 L 0 0 1 
0 D 590 2 1 
1 D 590 3 1 
2 L 2 1 1 
2 L 0 0 1 
2 L 0 2 1 
2 D 464 3 1 
3 L 2 1 1 
3 L 1 4 1 
3 L 0 0 1 
3 D 325 2 1 
4 D 325 3 1 
5 L 0 6 1 
5 L 0 8 1 
5 L 0 5 1 
5 L 2 1 1 
5 L 1 4 1 
5 D 720 0 1 
6 L 0 7 1 
6 L 0 2 1 
6 D 720 10 1 
7 L 2 9 1 
7 D 720 3 1 
8 L 0 6 1 
8 L 0 13 1 
8 L 0 5 1 
8 L 0 8 1 
8 L 2 1 1 
8 L 0 11 1 
8 D 160 4 1 
9 L 0 0 1 
9 L 0 7 1 
9 D 160 2 1 
10 L 0 15 1 
10 L 0 10 1 
10 D 160 9 1 
11 L 0 14 1 
11 D 160 3 1 
12 D 160 12 1 
13 L 2 1 1 
13 L 0 0 1 
13 D 680 2 1 
14 L 0 6 1 
14 L 0 8 1 
14 L 0 5 1 
14 L 2 1 1 
14 L 1 4 1 
14 D 147 0 1 
15 L 0 7 1 
15 L 0 2 1 
15 D 147 3 1 
16 L 2 1 1 
16 L 0 0 1 
16 D 786 2 1 
17 L 0 5 1 
17 L 2 1 1 
17 L 1 4 1 
17 D 479 0 1 
18 L 0 2 1 
18 D 479 3 1 
19 L 0 6 1 
19 L 0 5 1 
19 L 2 1 1 
19 L 1 4 1 
19 D 780 0 1 
20 L 0 2 1 
20 D 780 3 1 
21 L 2 1 1 
21 L 0 0 1 
21 D 488 2 1 
22 L 0 6 1 
22 L 0 5 1 
22 L 0 8 1 
22 L 2 1 1 
22 L 0 11 1 
22 D 230 4 1 
23 L 0 0 1 
23 L 0 7 1 
23 D 230 2 1 
24 L 0 10 1 
24 L 2 9 1 
24 D 230 3 1 
25 D 230 12 1 
26 L 2 1 1 
26 L 0 0 1 
26 L 0 2 1 
26 D 882 3 1 
27 L 0 6 1 
27 L 0 5 1 
27 L 2 1 1 
27 L 1 4 1 
27 D 650 0 1 
28 L 0 7 1 
28 L 0 2 1 
28 D 650 3 1 
29 L 0 6 1 
29 L 0 8 1 
29 L 0 5 1 
29 L 2 1 1 
29 L 1 4 1 
29 D 631 0 1 
0 L 0 7 1 
0 L 0 2 1 
0 D 631 9 1 
1 D 631 3 1 
2 L 0 6 1 
2 L 0 5 1 
2 L 2 1 1 
2 L 1 4 1 
2 D 603 0 1 
3 L 0 7 1 
3 L 0 2 1 
3 D 603 3 1 
4 L 0 6 1 
4 L 0 5 1 
4 L 0 8 1 
4 L 2 1 1 
4 L 0 11 1 
4 D 354 4 1 
5 L 0 0 1 
5 L 0 7 1 
5 D 354 2 1 
6 L 0 10 1 
6 L 2 9 1 
6 D 354 3 1 
7 D 354 12 1 
8 L 0 6 1 
8 L 0 5 1 
8 L 2 1 1 
8 L 1 4 1 
8 D 257 0 1 
9 L 0 2 1 
9 D 257 3 1 
10 L 0 5 1 
10 L 2 1 1 
10 L 1 4 1 
10 D 463 0 1 
11 L 0 2 1 
11 D 463 3 1 
12 L 2 1 1 
12 L 0 0 1 
12 D 7 2 1 
13 L 0 6 1 
13 L 0 8 1 
13 L 0 5 1 
13 L 2 1 1 
13 L 1 4 1 
13 D 346 0 1 
14 L 0 7 1 
14 L 0 2 1 
14 D 346 3 1 
15 D 681 0 1 
16 L 2 1 1 
16 L 1 4 1 
16 L 0 0 1 
16 D 967 2 1 
17 D 967 3 1 
18 L 0 5 1 
18 L 2 1 1 
18 L 1 4 1 
18 D 691 0 1 
19 L 0 2 1 
19 D 691 3 1 
20 L 0 6 1 
20 L 0 5 1 
20 L 2 1 1 
20 L 1 4 1 
20 D 161 0 1 
21 L 0 7 1 
21 L 0 2 1 
21 D 161 3 1 
22 L 2 1 1 
22 L 1 4 1 
22 L 0 0 1 
22 D 615 2 1 
23 D 615 3 1 
24 L 0 5 1 
24 L 2 1 1 
24 L 1 4 1 
24 D 860 0 1 
25 L 0 2 1 
25 D 860 3 1 
26 L 0 6 1 
26 L 0 13 1 
26 L 0 5 1 
26 L 0 8 1 
26 L 2 1 1 
26 L 0 11 1 
26 D 738 4 1 
27 L 0 16 1 
27 L 0 0 1 
27 D 738 7 1 
28 L 0 2 1 
28 L 0 15 1 
28 D 738 10 1 
29 L 2 9 1 
29 L 0 14 1 
29 D 738 3 1 
0 D 738 12 1 
1 L 0 6 1 
1 L 0 13 1 
1 L 0 5 1 
1 L 0 8 1 
1 L 2 1 1 
1 L 0 11 1 
1 D 988 4 1 
2 L 0 0 1 
2 L 0 7 1 
2 D 988 2 1 
3 L 0 10 1 
3 L 2 9 1 
3 D 988 14 1 
4 L 0 3 1 
4 D 988 12 1 
5 L 0 6 1 
5 L 0 5 1 
5 L 2 1 1 
5 L 1 4 1 
5 D 405 0 1 
6 L 0 2 1 
6 D 405 3 1 
7 L 0 5 1 
7 L 2 1 1 
7 L 1 4 1 
7 D 290 0 1 
8 L 0 2 1 
8 D 290 3 1 
9 L 0 6 1 
9 L 0 13 1 
9 L 0 5 1 
9 L 0 8 1 
9 L 2 1 1 
9 L 0 11 1 
9 D 421 4 1 
10 L 0 16 1 
10 L 0 0 1 
10 D 421 7 1 
11 L 0 2 1 
11 L 0 15 1 
11 D 421 10 1 
12 L 2 9 1 
12 L 0 14 1 
12 D 421 3 1 
13 D 421 12 1 
14 L 2 1 1 
14 L 0 0 1 
14 L 0 2 1 
14 D 436 3 1 
15 L 2 1 1 
15 L 1 4 1 
15 L 0 0 1 
15 D 965 2 1 
16 D 965 3 1 
17 D 115 0 1 
18 L 0 6 1 
18 L 0 8 1 
18 L 0 5 1 
18 L 2 1 1 
18 L 1 4 1 
18 D 951 0 1 
19 L 0 7 1 
19 L 0 2 1 
19 D 951 3 1 
20 L 0 6 1 
20 L 0 8 1 
20 L 0 5 1 
20 L 2 1 1 
20 L 1 4 1 
20 D 713 0 1 
21 L 0 7 1 
21 L 0 2 1 
21 D 713 3 1 
22 L 2 1 1 
22 D 536 0 1 
23 L 0 6 1 
23 L 0 5 1 
23 L 0 8 1 
23 L 2 1 1 
23 L 0 11 1 
23 D 852 4 1 
24 L 0 0 1 
24 L 0 7 1 
24 D 852 2 1 
25 L 0 10 1 
25 L 2 9 1 
25 D 852 3 1 
26 D 852 12 1 
27 L 2 1 1 
27 L 1 4 1 
27 L 0 0 1 
27 D 645 2 1 
28 D 645 3 1 
29 L 0 5 1 
29 L 2 1 1 
29 L 1 4 1 
29 D 90 0 1 
0 L 0 2 1 
0 D 90 3 1 
1 L 0 6 1 
1 L 0 5 1 
1 L 0 8 1 
1 L 2 1 1 
1 L 0 11 1 
1 D 672 4 1 
2 L 0 0 1 
2 L 0 7 1 
2 D 672 2 1 
3 L 0 10 1 
3 L 2 9 1 
3 D 672 3 1 
4 D 672 12 1 
5 L 0 6 1 
5 L 0 5 1 
5 L 2 1 1 
5 L 1 4 1 
5 D 618 0 1 
6 L 0 7 1 
6 L 0 2 1 
6 D 618 3 1 
7 L 2 1 1 
7 L 0 0 1 
7 D 213 2 1 
8 L 2 1 1 
8 L 0 0 1 
8 L 0 2 1 
8 D 373 3 1 
9 L 2 1 1 
9 D 450 0 1 
10 L 2 1 1 
10 L 0 0 1 
10 L 0 2 1 
10 D 565 3 1 
11 L 2 1 1 
11 D 296 0 1 
12 L 0 6 1 
12 L 0 8 1 
12 L 0 5 1 
12 L 2 1 1 
12 L 0 11 1 
12 D 4 4 1 
13 L 0 0 1 
13 L 0 7 1 
13 D 4 2 1 
14 L 0 10 1 
14 L 2 9 1 
14 D 4 3 1 
15 L 0 6 1 
15 L 0 8 1 
15 L 0 5 1 
15 L 2 1 1 
15 L 0 11 1 
15 D 100 4 1 
16 L 0 0 1 
16 L 0 7 1 
16 D 100 2 1 
17 L 0 10 1 
17 L 2 9 1 
17 D 100 3 1 
18 L 2 1 1 
18 L 0 0 1 
18 D 240 2 1 
19 L 0 6 1 
19 L 0 8 1 
19 L 0 5 1 
19 L 2 1 1 
19 L 1 4 1 
19 D 433 0 1 
20 L 0 7 1 
20 L 0 2 1 
20 D 433 9 1 
21 D 433 3 1 
22 L 0 6 1 
22 L 0 8 1 
22 L 0 5 1 
22 L 2 1 1 
22 L 1 4 1 
22 D 46 0 1 
23 L 0 7 1 
23 L 0 2 1 
23 D 46 10 1 
24 L 2 9 1 
24 D 46 3 1 
25 L 0 6 1 
25 L 0 13 1 
25 L 0 5 1 
25 L 0 8 1 
25 L 2 1 1 
25 L 0 11 1 
25 D 165 4 1 
26 L 0 16 1 
26 L 0 0 1 
26 D 165 7 1 
27 L 0 2 1 
27 L 0 15 1 
27 D 165 10 1 
28 L 2 9 1 
28 L 0 14 1 
28 D 165 3 1 
29 D 165 12 1 
0 L 0 5 1 
0 L 2 1 1 
0 L 1 4 1 
0 D 519 0 1 
1 L 0 2 1 
1 D 519 3 1 
2 L 0 6 1 
2 L 0 13 1 
2 L 0 5 1 
2 L 0 8 1 
2 L 2 1 1 
2 L 0 11 1 
2 D 190 17 1 
3 L 1 4 1 
3 L 0 16 1 
3 L 0 0 1 
3 D 190 7 1 
4 L 0 2 1 
4 L 0 15 1 
4 D 190 10 1 
5 L 2 9 1 
5 L 0 14 1 
5 D 190 3 1 
6 D 190 12 1 
7 L 0 6 1 
7 L 0 13 1 
7 L 0 5 1 
7 L 0 8 1 
7 L 2 1 1 
7 L 0 11 1 
7 D 724 4 1 
8 L 0 0 1 
8 L 0 7 1 
8 D 724 2 1 
9 L 0 10 1 
9 L 2 9 1 
9 D 724 3 1 
10 D 724 12 1 
11 L 0 6 1 
11 L 0 13 1 
11 L 0 5 1 
11 L 0 8 1 
11 L 2 1 1 
11 L 0 11 1 
11 D 920 4 1 
12 L 0 0 1 
12 L 0 7 1 
12 D 920 2 1 
13 L 0 10 1 
13 L 2 9 1 
13 D 920 3 1 
14 D 920 12 1 
15 L 0 5 1 
15 L 2 1 1 
15 L 1 4 1 
15 D 184 0 1 
16 L 0 2 1 
16 D 184 3 1 
17 L 2 1 1 
17 L 0 0 1 
17 L 0 2 1 
17 D 87 3 1 
18 L 0 6 1 
18 L 0 13 1 
18 L 0 5 1 
18 L 0 8 1 
18 L 2 1 1 
18 L 0 11 1 
18 D 424 17 1 
19 L 1 4 1 
19 L 0 16 1 
19 L 0 0 1 
19 D 424 7 1 
20 L 0 2 1 
20 L 0 15 1 
20 D 424 10 1 
21 L 2 9 1 
21 L 0 14 1 
21 D 424 3 1 
22 D 424 12 1 
23 L 0 6 1 
23 L 0 8 1 
23 L 0 5 1 
23 L 2 1 1 
23 L 1 4 1 
23 D 133 0 1 
24 L 0 7 1 
24 L 0 2 1 
24 D 133 3 1 
25 L 2 1 1 
25 L 0 0 1 
25 D 993 2 1 
26 L 0 6 1 
26 L 0 8 1 
26 L 0 5 1 
26 L 2 1 1 
26 L 1 4 1 
26 D 807 0 1 
27 L 0 7 1 
27 L 0 2 1 
27 D 807 10 1 
28 L 2 9 1 
28 D 807 3 1 
29 L 2 1 1 
29 L 1 4 1 
29 L 0 0 1 
29 D 538 2 1 
0 D 538 3 1 
1 L 0 6 1 
1 L 0 8 1 
1 L 0 5 1 
1 L 2 1 1 
1 L 0 11 1 
1 D 850 4 1 
2 L 0 0 1 
2 L 0 7 1 
2 D 850 2 1 
3 L 0 10 1 
3 L 2 9 1 
3 D 850 3 1 
4 L 2 1 1 
4 L 1 4 1 
4 L 0 0 1 
4 D 803 2 1 
5 D 803 3 1 
6 L 0 6 1 
6 L 0 5 1 
6 L 2 1 1 
6 L 1 4 1 
6 D 289 0 1 
7 L 0 2 1 
7 D 289 3 1 
8 L 0 6 1 
8 L 0 5 1 
8 L 2 1 1 
8 L 1 4 1 
8 D 86 0 1 
9 L 0 2 1 
9 D 86 3 1 
10 L 2 1 1 
10 L 0 0 1 
10 L 0 2 1 
10 D 195 3 1 
11 L 2 1 1 
11 D 471 0 1 
12 L 0 6 1 
12 L 0 5 1 
12 L 0 8 1 
12 L 2 1 1 
12 L 0 11 1 
12 D 36 4 1 
13 L 0 0 1 
13 L 0 7 1 
13 D 36 2 1 
14 L 0 10 1 
14 L 2 9 1 
14 D 36 3 1 
15 D 36 12 1 
16 D 312 0 1 
17 L 2 1 1 
17 L 1 4 1 
17 L 0 0 1 
17 D 781 2 1 
18 D 781 3 1 
19 L 2 1 1 
19 D 999 0 1 
20 L 0 6 1 
20 L 0 8 1 
20 L 0 5 1 
20 L 2 1 1 
20 L 1 4 1 
20 D 232 0 1 
21 L 0 7 1 
21 L 0 2 1 
21 D 232 10 1 
22 L 2 9 1 
22 D 232 3 1 
23 L 2 1 1 
23 L 0 0 1 
23 D 897 2 1 
24 L 0 6 1 
24 L 0 5 1 
24 L 2 1 1 
24 L 1 4 1 
24 D 192 0 1 
25 L 0 7 1 
25 L 0 2 1 
25 D 192 3 1 
26 L 0 6 1 
26 L 0 13 1 
26 L 0 5 1 
26 L 0 8 1 
26 L 2 1 1 
26 L 0 11 1 
26 D 196 4 1 
27 L 0 16 1 
27 L 0 0 1 
27 D 196 7 1 
28 L 0 2 1 
28 L 0 15 1 
28 D 196 10 1 
29 L 2 9 1 
29 L 0 14 1 
29 D 196 3 1 
0 D 196 12 1 
1 L 0 6 1 
1 L 0 8 1 
1 L 0 5 1 
1 L 2 1 1 
1 L 1 4 1 
1 D 558 0 1 
2 L 0 7 1 
2 L 0 2 1 
2 D 558 3 1 
3 L 2 1 1 
3 D 822 0 1 
4 L 0 5 1 
4 L 2 1 1 
4 L 1 4 1 
4 D 709 0 1 
5 L 0 2 1 
5 D 709 3 1 
6 L 2 1 1 
6 L 0 0 1 
6 D 335 2 1 
7 L 2 1 1 
7 L 1 4 1 
7 L 0 0 1 
7 D 588 2 1 
8 D 588 3 1 
9 L 2 1 1 
9 L 0 0 1 
9 L 0 2 1 
9 D 209 3 1 
10 L 2 1 1 
10 D 171 0 1 
11 L 2 1 1 
11 L 0 0 1 
11 D 332 2 1 
12 L 0 6 1 
12 L 0 8 1 
12 L 0 5 1 
12 L 2 1 1 
12 L 1 4 1 
12 D 836 0 1 
13 L 0 7 1 
13 L 0 2 1 
13 D 836 9 1 
14 D 836 3 1 
15 L 0 6 1 
15 L 0 8 1 
15 L 0 5 1 
15 L 2 1 1 
15 L 1 4 1 
15 D 270 0 1 
16 L 0 7 1 
16 L 0 2 1 
16 D 270 10 1 
17 L 2 9 1 
17 D 270 3 1 
18 L 2 1 1 
18 L 0 0 1 
18 L 0 2 1 
18 D 820 3 1 
19 L 0 6 1 
19 L 0 8 1 
19 L 0 5 1 
19 L 2 1 1 
19 L 1 4 1 
19 D 644 0 1 
20 L 0 7 1 
20 L 0 2 1 
20 D 644 10 1 
21 L 2 9 1 
21 D 644 3 1 
22 L 0 6 1 
22 L 0 13 1 
22 L 0 5 1 
22 L 0 8 1 
22 L 2 1 1 
22 L 0 11 1 
22 D 733 4 1 
23 L 0 0 1 
23 L 0 7 1 
23 D 733 2 1 
24 L 0 10 1 
24 L 2 9 1 
24 D 733 3 1 
25 D 733 12 1 
26 L 2 1 1 
26 L 0 0 1 
26 D 926 2 1 
27 L 0 6 1 
27 L 0 8 1 
27 L 0 5 1 
27 L 2 1 1 
27 L 1 4 1 
27 D 155 0 1 
28 L 0 7 1 
28 L 0 2 1 
28 D 155 9 1 
29 D 155 3 1 
0 L 0 6 1 
0 L 0 8 1 
0 L 0 5 1 
0 L 2 1 1 
0 L 1 4 1 
0 D 404 0 1 
1 L 0 7 1 
1 L 0 2 1 
1 D 404 9 1 
2 D 404 3 1 
3 L 0 6 1 
3 L 0 5 1 
3 L 2 1 1 
3 L 1 4 1 
3 D 764 0 1 
4 L 0 2 1 
4 D 764 3 1 
5 L 0 6 1 
5 L 0 8 1 
5 L 0 5 1 
5 L 2 1 1 
5 L 1 4 1 
5 D 825 0 1 
6 L 0 7 1 
6 L 0 2 1 
6 D 825 9 1 
7 D 825 3 1 
8 L 2 1 1 
8 L 1 4 1 
8 L 0 0 1 
8 D 626 2 1 
9 D 626 3 1 
10 L 0 6 1 
10 L 0 5 1 
10 L 2 1 1 
10 L 1 4 1 
10 D 25 0 1 
11 L 0 7 1 
11 L 0 2 1 
11 D 25 3 1 
12 L 0 6 1 
12 L 0 8 1 
12 L 0 5 1 
12 L 2 1 1 
12 L 1 4 1 
12 D 742 0 1 
13 L 0 7 1 
13 L 0 2 1 
13 D 742 3 1 
14 L 0 6 1 
14 L 0 8 1 
14 L 0 5 1 
14 L 2 1 1 
14 L 0 11 1 
14 D 193 4 1 
15 L 0 0 1 
15 L 0 7 1 
15 D 193 2 1 
16 L 0 10 1 
16 L 2 9 1 
16 D 193 3 1 
17 L 0 6 1 
17 L 0 13 1 
17 L 0 5 1 
17 L 0 8 1 
17 L 2 1 1 
17 L 0 11 1 
17 D 892 4 1 
18 L 0 0 1 
18 L 0 7 1 
18 D 892 2 1 
19 L 0 10 1 
19 L 2 9 1 
19 D 892 14 1 
20 L 0 3 1 
20 D 892 12 1 
21 L 0 6 1 
21 L 0 8 1 
21 L 0 5 1 
21 L 2 1 1 
21 L 1 4 1 
21 D 318 0 1 
22 L 0 7 1 
22 L 0 2 1 
22 D 318 10 1 
23 L 2 9 1 
23 D 318 3 1 
24 L 2 1 1 
24 L 1 4 1 
24 L 0 0 1 
24 D 502 2 1 
25 D 502 3 1 
26 L 2 1 1 
26 L 0 0 1 
26 L 0 2 1 
26 D 322 3 1 
27 L 2 1 1 
27 L 0 0 1 
27 L 0 2 1 
27 D 452 3 1 
28 L 0 6 1 
28 L 0 8 1 
28 L 0 5 1 
28 L 2 1 1 
28 L 1 4 1 
28 D 938 0 1 
29 L 0 7 1 
29 L 0 2 1 
29 D 938 10 1 
0 L 2 9 1 
0 D 938 3 1 
1 L 0 6 1 
1 L 0 8 1 
1 L 0 5 1 
1 L 2 1 1 
1 L 0 11 1 
1 D 284 4 1 
2 L 0 0 1 
2 L 0 7 1 
2 D 284 2 1 
3 L 0 10 1 
3 L 2 9 1 
3 D 284 3 1 
4 L 2 1 1 
4 L 1 4 1 
4 L 0 0 1 
4 D 78 2 1 
5 D 78 3 1 
6 L 0 6 1 
6 L 0 13 1 
6 L 0 5 1 
6 L 0 8 1 
6 L 2 1 1 
6 L 0 11 1 
6 D 460 4 1 
7 L 0 0 1 
7 L 0 7 1 
7 D 460 2 1 
8 L 0 10 1 
8 L 2 9 1 
8 D 460 3 1 
9 D 460 12 1 
10 D 980 0 1 
11 L 2 1 1 
11 L 0 0 1 
11 L 0 2 1 
11 D 297 3 1 
12 L 0 6 1 
12 L 0 5 1 
12 L 2 1 1 
12 L 1 4 1 
12 D 376 0 1 
13 L 0 7 1 
13 L 0 2 1 
13 D 376 3 1 
14 L 0 6 1 
14 L 0 8 1 
14 L 0 5 1 
14 L 2 1 1 
14 L 1 4 1 
14 D 456 0 1 
15 L 0 7 1 
15 L 0 2 1 
15 D 456 3 1 
16 L 2 1 1 
16 L 0 0 1 
16 L 0 2 1 
16 D 804 3 1 
17 L 0 6 1 
17 L 0 8 1 
17 L 0 5 1 
17 L 2 1 1 
17 L 1 4 1 
17 D 23 0 1 
18 L 0 7 1 
18 L 0 2 1 
18 D 23 3 1 
19 L 0 6 1 
19 L 0 8 1 
19 L 0 5 1 
19 L 2 1 1 
19 L 0 11 1 
19 D 174 4 1 
20 L 0 0 1 
20 L 0 7 1 
20 D 174 2 1 
21 L 0 10 1 
21 L 2 9 1 
21 D 174 3 1 
22 L 0 6 1 
22 L 0 5 1 
22 L 2 1 1 
22 L 1 4 1 
22 D 665 0 1 
23 L 0 7 1 
23 L 0 2 1 
23 D 665 3 1 
24 L 0 6 1 
24 L 0 8 1 
24 L 0 5 1 
24 L 2 1 1 
24 L 0 11 1 
24 D 497 4 1 
25 L 0 0 1 
25 L 0 7 1 
25 D 497 2 1 
26 L 0 10 1 
26 L 2 9 1 
26 D 497 3 1 
27 L 0 6 1 
27 L 0 8 1 
27 L 0 5 1 
27 L 2 1 1 
27 L 0 11 1 
27 D 301 4 1 
28 L 0 0 1 
28 L 0 7 1 
28 D 301 2 1 
29 L 0 10 1 
29 L 2 9 1 
29 D 301 3 1 
0 L 0 6 1 
0 L 0 5 1 
0 L 2 1 1 
0 L 1 4 1 
0 D 840 0 1 
1 L 0 7 1 
1 L 0 2 1 
1 D 840 3 1 
2 L 2 1 1 
2 L 1 4 1 
2 L 0 0 1 
2 D 790 2 1 
3 D 790 3 1 
4 L 0 6 1 
4 L 0 5 1 
4 L 0 8 1 
4 L 2 1 1 
4 L 0 11 1 
4 D 385 4 1 
5 L 0 0 1 
5 L 0 7 1 
5 D 385 2 1 
6 L 0 10 1 
6 L 2 9 1 
6 D 385 3 1 
7 D 385 12 1 
8 L 0 6 1 
8 L 0 13 1 
8 L 0 5 1 
8 L 0 8 1 
8 L 2 1 1 
8 L 0 11 1 
8 D 918 4 1 
9 L 0 0 1 
9 L 0 7 1 
9 D 918 2 1 
10 L 0 10 1 
10 L 2 9 1 
10 D 918 3 1 
11 D 918 12 1 
12 L 0 6 1 
12 L 0 8 1 
12 L 0 5 1 
12 L 2 1 1 
12 L 1 4 1 
12 D 842 0 1 
13 L 0 7 1 
13 L 0 2 1 
13 D 842 3 1 
14 L 0 6 1 
14 L 0 13 1 
14 L 0 5 1 
14 L 0 8 1 
14 L 2 1 1 
14 L 0 11 1 
14 D 481 4 1 
15 L 0 0 1 
15 L 0 7 1 
15 D 481 2 1 
16 L 0 10 1 
16 L 2 9 1 
16 D 481 14 1 
17 L 0 3 1 
17 D 481 12 1 
18 L 0 6 1 
18 L 0 8 1 
18 L 0 5 1 
18 L 2 1 1 
18 L 1 4 1 
18 D 839 0 1 
19 L 0 7 1 
19 L 0 2 1 
19 D 839 10 1 
20 L 2 9 1 
20 D 839 3 1 
21 L 0 5 1 
21 L 2 1 1 
21 L 1 4 1 
21 D 347 0 1 
22 L 0 2 1 
22 D 347 3 1 
23 L 0 6 1 
23 L 0 8 1 
23 L 0 5 1 
23 L 2 1 1 
23 L 0 11 1 
23 D 12 4 1 
24 L 0 0 1 
24 L 0 7 1 
24 D 12 2 1 
25 L 0 10 1 
25 L 2 9 1 
25 D 12 3 1 
26 L 0 6 1 
26 L 0 8 1 
26 L 0 5 1 
26 L 2 1 1 
26 L 1 4 1 
26 D 364 0 1 
27 L 0 7 1 
27 L 0 2 1 
27 D 364 9 1 
28 D 364 3 1 
29 L 0 5 1 
29 L 2 1 1 
29 L 1 4 1 
29 D 95 0 1 
0 L 0 2 1 
0 D 95 3 1 
1 L 0 6 1 
1 L 0 8 1 
1 L 0 5 1 
1 L 2 1 1 
1 L 1 4 1 
1 D 267 0 1 
2 L 0 7 1 
2 L 0 2 1 
2 D 267 10 1 
3 L 2 9 1 
3 D 267 3 1 
4 L 0 6 1 
4 L 0 5 1 
4 L 0 8 1 
4 L 2 1 1 
4 L 0 11 1 
4 D 985 4 1 
5 L 0 0 1 
5 L 0 7 1 
5 D 985 2 1 
6 L 0 10 1 
6 L 2 9 1 
6 D 985 3 1 
7 D 985 12 1 
8 L 2 1 1 
8 L 0 0 1 
8 D 704 2 1 
9 L 0 6 1 
9 L 0 8 1 
9 L 0 5 1 
9 L 2 1 1 
9 L 1 4 1 
9 D 964 0 1 
10 L 0 7 1 
10 L 0 2 1 
10 D 964 9 1 
11 D 964 3 1 
12 L 0 6 1 
12 L 0 5 1 
12 L 2 1 1 
12 L 1 4 1 
12 D 131 0 1 
13 L 0 2 1 
13 D 131 3 1 
14 L 0 6 1 
14 L 0 13 1 
14 L 0 8 1 
14 L 0 5 1 
14 L 2 1 1 
14 L 0 11 1 
14 D 891 17 1 
15 L 1 4 1 
15 L 0 16 1 
15 L 0 0 1 
15 D 891 7 1 
16 L 0 2 1 
16 L 0 15 1 
16 D 891 10 1 
17 L 2 9 1 
17 L 0 18 1 
17 D 891 14 1 
18 L 0 3 1 
18 D 891 12 1 
19 L 2 1 1 
19 L 0 0 1 
19 L 0 2 1 
19 D 391 3 1 
20 L 2 1 1 
20 D 251 0 1 
21 L 2 1 1 
21 L 0 0 1 
21 L 0 2 1 
21 D 382 3 1 
22 L 2 1 1 
22 L 0 0 1 
22 L 0 2 1 
22 D 234 3 1 
23 L 2 1 1 
23 L 1 4 1 
23 L 0 0 1 
23 D 909 2 1 
24 D 909 3 1 
25 L 2 1 1 
25 L 0 0 1 
25 L 0 2 1 
25 D 718 3 1 
26 L 0 5 1 
26 L 2 1 1 
26 L 1 4 1 
26 D 292 0 1 
27 L 0 2 1 
27 D 292 3 1 
28 L 0 5 1 
28 L 2 1 1 
28 L 1 4 1 
28 D 114 0 1 
29 L 0 2 1 
29 D 114 3 1 
0 L 0 6 1 
0 L 0 8 1 
0 L 0 5 1 
0 L 2 1 1 
0 L 1 4 1 
0 D 271 0 1 
1 L 0 7 1 
1 L 0 2 1 
1 D 271 9 1 
2 D 271 3 1 
3 L 0 6 1 
3 L 0 8 1 
3 L 0 5 1 
3 L 2 1 1 
3 L 1 4 1 
3 D 273 0 1 
4 L 0 7 1 
4 L 0 2 1 
4 D 273 10 1 
5 L 2 9 1 
5 D 273 3 1 
6 L 2 1 1 
6 L 1 4 1 
6 L 0 0 1 
6 D 783 2 1 
7 D 783 3 1 
8 L 2 1 1 
8 L 0 0 1 
8 L 0 2 1 
8 D 281 3 1 
9 L 0 5 1 
9 L 2 1 1 
9 L 1 4 1 
9 D 541 0 1 
10 L 0 2 1 
10 D 541 3 1 
11 L 0 6 1 
11 L 0 8 1 
11 L 0 5 1 
11 L 2 1 1 
11 L 1 4 1 
11 D 784 0 1 
12 L 0 7 1 
12 L 0 2 1 
12 D 784 9 1 
13 D 784 3 1 
14 L 0 6 1 
14 L 0 5 1 
14 L 2 1 1 
14 L 1 4 1 
14 D 378 0 1 
15 L 0 7 1 
15 L 0 2 1 
15 D 378 3 1 
16 L 0 6 1 
16 L 0 13 1 
16 L 0 5 1 
16 L 0 8 1 
16 L 2 1 1 
16 L 0 11 1 
16 D 377 4 1 
17 L 0 0 1 
17 L 0 7 1 
17 D 377 2 1 
18 L 0 10 1 
18 L 2 9 1 
18 D 377 14 1 
19 L 0 3 1 
19 D 377 12 1 
20 L 0 6 1 
20 L 0 5 1 
20 L 2 1 1 
20 L 1 4 1 
20 D 238 0 1 
21 L 0 2 1 
21 D 238 3 1 
22 L 0 5 1 
22 L 2 1 1 
22 L 1 4 1 
22 D 148 0 1 
23 L 0 2 1 
23 D 148 3 1 
24 L 0 6 1 
24 L 0 5 1 
24 L 2 1 1 
24 L 1 4 1 
24 D 396 0 1 
25 L 0 7 1 
25 L 0 2 1 
25 D 396 3 1 
26 L 0 5 1 
26 L 2 1 1 
26 L 1 4 1 
26 D 643 0 1 
27 L 0 2 1 
27 D 643 3 1 
28 L 0 6 1 
28 L 0 5 1 
28 L 2 1 1 
28 L 1 4 1 
28 D 929 0 1 
29 L 0 2 1 
29 D 929 3 1 
0 L 0 6 1 
0 L 0 8 1 
0 L 0 5 1 
0 L 2 1 1 
0 L 1 4 1 
0 D 53 0 1 
1 L 0 7 1 
1 L 0 2 1 
1 D 53 9 1 
2 D 53 3 1 
3 L 0 6 1 
3 L 0 8 1 
3 L 0 5 1 
3 L 2 1 1 
3 L 1 4 1 
3 D 678 0 1 
4 L 0 7 1 
4 L 0 2 1 
4 D 678 9 1 
5 D 678 3 1 
6 L 2 1 1 
6 L 0 0 1 
6 D 525 2 1 
7 L 2 1 1 
7 D 634 0 1 
8 L 2 1 1 
8 L 1 4 1 
8 L 0 0 1 
8 D 434 2 1 
9 D 434 3 1 
10 L 2 1 1 
10 L 1 4 1 
10 L 0 0 1 
10 D 423 2 1 
11 D 423 3 1 
12 L 2 1 1 
12 L 0 0 1 
12 D 941 2 1 
13 L 2 1 1 
13 L 0 0 1 
13 D 425 2 1 
14 L 0 6 1 
14 L 0 5 1 
14 L 2 1 1 
14 L 1 4 1 
14 D 401 0 1 
15 L 0 2 1 
15 D 401 3 1 
16 L 0 6 1 
16 L 0 8 1 
16 L 0 5 1 
16 L 2 1 1 
16 L 1 4 1 
16 D 204 0 1 
17 L 0 7 1 
17 L 0 2 1 
17 D 204 10 1 
18 L 2 9 1 
18 D 204 3 1 
19 L 2 1 1 
19 L 0 0 1 
19 D 748 2 1 
20 L 0 6 1 
20 L 0 5 1 
20 L 0 8 1 
20 L 2 1 1 
20 L 0 11 1 
20 D 844 4 1 
21 L 0 0 1 
21 L 0 7 1 
21 D 844 2 1 
22 L 0 10 1 
22 L 2 9 1 
22 D 844 3 1 
23 D 844 12 1 
24 L 0 6 1 
24 L 0 5 1 
24 L 2 1 1 
24 L 1 4 1 
24 D 706 0 1 
25 L 0 2 1 
25 D 706 3 1 
26 L 0 6 1 
26 L 0 8 1 
26 L 0 5 1 
26 L 2 1 1 
26 L 0 11 1 
26 D 771 4 1 
27 L 0 0 1 
27 L 0 7 1 
27 D 771 2 1 
28 L 0 10 1 
28 L 2 9 1 
28 D 771 3 1 
29 L 2 1 1 
29 D 371 0 1 
0 L 0 6 1 
0 L 0 8 1 
0 L 0 5 1 
0 L 2 1 1 
0 L 1 4 1 
0 D 420 0 1 
1 L 0 7 1 
1 L 0 2 1 
1 D 420 10 1 
2 L 2 9 1 
2 D 420 3 1 
3 L 2 1 1 
3 L 1 4 1 
3 L 0 0 1 
3 D 242 2 1 
4 D 242 3 1 
5 L 0 6 1 
5 L 0 8 1 
5 L 0 5 1 
5 L 2 1 1 
5 L 0 11 1 
5 D 821 4 1 
6 L 0 0 1 
6 L 0 7 1 
6 D 821 2 1 
7 L 0 10 1 
7 L 2 9 1 
7 D 821 3 1 
8 D 923 0 1 
9 L 2 1 1 
9 L 1 4 1 
9 L 0 0 1 
9 D 341 2 1 
10 D 341 3 1 
11 L 0 6 1 
11 L 0 8 1 
11 L 0 5 1 
11 L 2 1 1 
11 L 0 11 1 
11 D 533 4 1 
12 L 0 0 1 
12 L 0 7 1 
12 D 533 2 1 
13 L 0 10 1 
13 L 2 9 1 
13 D 533 3 1 
14 L 0 6 1 
14 L 0 5 1 
14 L 0 8 1 
14 L 2 1 1 
14 L 0 11 1 
14 D 417 4 1 
15 L 0 0 1 
15 L 0 7 1 
15 D 417 2 1 
16 L 0 10 1 
16 L 2 9 1 
16 D 417 3 1 
17 D 417 12 1 
18 L 2 1 1 
18 L 0 0 1 
18 L 0 2 1 
18 D 961 3 1 
19 L 2 1 1 
19 L 1 4 1 
19 L 0 0 1 
19 D 708 2 1 
20 D 708 3 1 
21 L 0 6 1 
21 L 0 8 1 
21 L 0 5 1 
21 L 2 1 1 
21 L 0 11 1 
21 D 163 4 1 
22 L 0 0 1 
22 L 0 7 1 
22 D 163 2 1 
23 L 0 10 1 
23 L 2 9 1 
23 D 163 3 1 
24 L 2 1 1 
24 L 0 0 1 
24 L 0 2 1 
24 D 734 3 1 
25 L 0 6 1 
25 L 0 8 1 
25 L 0 5 1 
25 L 2 1 1 
25 L 1 4 1 
25 D 515 0 1 
26 L 0 7 1 
26 L 0 2 1 
26 D 515 9 1 
27 D 515 3 1 
28 L 2 1 1 
28 L 0 0 1 
28 D 575 2 1 
29 L 2 1 1 
29 L 1 4 1 
29 L 0 0 1 
29 D 613 2 1 
0 D 613 3 1 
1 L 2 1 1 
1 L 0 0 1 
1 L 0 2 1 
1 D 620 3 1 
2 L 0 6 1 
2 L 0 8 1 
2 L 0 5 1 
2 L 2 1 1 
2 L 1 4 1 
2 D 248 0 1 
3 L 0 7 1 
3 L 0 2 1 
3 D 248 9 1 
4 D 248 3 1 
5 L 0 5 1 
5 L 2 1 1 
5 L 1 4 1 
5 D 942 0 1 
6 L 0 2 1 
6 D 942 3 1 
7 L 0 6 1 
7 L 0 5 1 
7 L 2 1 1 
7 L 1 4 1 
7 D 673 0 1 
8 L 0 2 1 
8 D 673 3 1 
9 L 0 5 1 
9 L 2 1 1 
9 L 1 4 1 
9 D 294 0 1 
10 L 0 2 1 
10 D 294 3 1 
11 L 0 6 1 
11 L 0 5 1 
11 L 2 1 1 
11 L 1 4 1 
11 D 145 0 1 
12 L 0 2 1 
12 D 145 3 1 
13 L 0 6 1 
13 L 0 5 1 
13 L 0 8 1 
13 L 2 1 1 
13 L 0 11 1 
13 D 829 4 1 
14 L 0 0 1 
14 L 0 7 1 
14 D 829 2 1 
15 L 0 10 1 
15 L 2 9 1 
15 D 829 3 1 
16 D 829 12 1 
17 L 0 6 1 
17 L 0 8 1 
17 L 0 5 1 
17 L 2 1 1 
17 L 1 4 1 
17 D 331 0 1 
18 L 0 7 1 
18 L 0 2 1 
18 D 331 3 1 
19 L 0 6 1 
19 L 0 5 1 
19 L 0 8 1 
19 L 2 1 1 
19 L 0 11 1 
19 D 239 4 1 
20 L 0 0 1 
20 L 0 7 1 
20 D 239 2 1 
21 L 0 10 1 
21 L 2 9 1 
21 D 239 3 1 
22 D 239 12 1 
23 L 0 6 1 
23 L 0 5 1 
23 L 2 1 1 
23 L 1 4 1 
23 D 101 0 1 
24 L 0 2 1 
24 D 101 3 1 
25 L 2 1 1 
25 D 253 0 1 
26 L 2 1 1 
26 L 1 4 1 
26 L 0 0 1 
26 D 194 2 1 
27 D 194 3 1 
28 L 2 1 1 
28 D 887 0 1 
29 L 0 5 1 
29 L 2 1 1 
29 L 1 4 1 
29 D 383 0 1 
0 L 0 2 1 
0 D 383 3 1 
1 L 0 6 1 
1 L 0 5 1 
1 L 0 8 1 
1 L 2 1 1 
1 L 0 11 1 
1 D 353 4 1 
2 L 0 0 1 
2 L 0 7 1 
2 D 353 2 1 
3 L 0 10 1 
3 L 2 9 1 
3 D 353 3 1 
4 D 353 12 1 
5 L 0 6 1 
5 L 0 13 1 
5 L 0 5 1 
5 L 0 8 1 
5 L 2 1 1 
5 L 0 11 1 
5 D 657 4 1 
6 L 0 0 1 
6 L 0 7 1 
6 D 657 2 1 
7 L 0 15 1 
7 L 0 10 1 
7 D 657 9 1 
8 L 0 14 1 
8 D 657 3 1 
9 D 657 12 1 
10 L 0 6 1 
10 L 0 5 1 
10 L 2 1 1 
10 L 1 4 1 
10 D 466 0 1 
11 L 0 2 1 
11 D 466 3 1 
12 L 0 5 1 
12 L 2 1 1 
12 L 1 4 1 
12 D 319 0 1 
13 L 0 2 1 
13 D 319 3 1 
14 L 2 1 1 
14 L 0 0 1 
14 L 0 2 1 
14 D 447 3 1 
15 L 2 1 1 
15 L 0 0 1 
15 L 0 2 1 
15 D 962 3 1 
16 L 0 6 1 
16 L 0 5 1 
16 L 2 1 1 
16 L 1 4 1 
16 D 853 0 1 
17 L 0 7 1 
17 L 0 2 1 
17 D 853 3 1 
18 L 2 1 1 
18 L 0 0 1 
18 L 0 2 1 
18 D 167 3 1 
19 L 0 6 1 
19 L 0 5 1 
19 L 2 1 1 
19 L 1 4 1 
19 D 18 0 1 
20 L 0 2 1 
20 D 18 3 1 
21 L 2 1 1 
21 L 1 4 1 
21 L 0 0 1 
21 D 642 2 1 
22 D 642 3 1 
23 L 0 6 1 
23 L 0 13 1 
23 L 0 5 1 
23 L 0 8 1 
23 L 2 1 1 
23 L 0 11 1 
23 D 580 4 1 
24 L 0 0 1 
24 L 0 7 1 
24 D 580 2 1 
25 L 0 10 1 
25 L 2 9 1 
25 D 580 14 1 
26 L 0 3 1 
26 D 580 12 1 
27 L 0 6 1 
27 L 0 8 1 
27 L 0 5 1 
27 L 2 1 1 
27 L 1 4 1 
27 D 448 0 1 
28 L 0 7 1 
28 L 0 2 1 
28 D 448 10 1 
29 L 2 9 1 
29 D 448 3 1 
0 L 0 6 1 
0 L 0 5 1 
0 L 2 1 1 
0 L 1 4 1 
0 D 774 0 1 
1 L 0 7 1 
1 L 0 2 1 
1 D 774 3 1 
2 L 2 1 1 
2 L 0 0 1 
2 D 751 2 1 
3 L 0 6 1 
3 L 0 8 1 
3 L 0 5 1 
3 L 2 1 1 
3 L 1 4 1 
3 D 601 0 1 
4 L 0 7 1 
4 L 0 2 1 
4 D 601 9 1 
5 D 601 3 1 
6 L 2 1 1 
6 L 1 4 1 
6 L 0 0 1 
6 D 5 2 1 
7 D 5 3 1 
8 L 0 5 1 
8 L 2 1 1 
8 L 1 4 1 
8 D 619 0 1 
9 L 0 2 1 
9 D 619 3 1 
10 L 0 6 1 
10 L 0 13 1 
10 L 0 5 1 
10 L 0 8 1 
10 L 2 1 1 
10 L 0 11 1 
10 D 845 4 1 
11 L 0 0 1 
11 L 0 7 1 
11 D 845 2 1 
12 L 0 10 1 
12 L 2 9 1 
12 D 845 14 1 
13 L 0 3 1 
13 D 845 12 1 
14 L 2 1 1 
14 L 1 4 1 
14 L 0 0 1 
14 D 283 2 1 
15 D 283 3 1 
16 L 0 6 1 
16 L 0 13 1 
16 L 0 5 1 
16 L 0 8 1 
16 L 2 1 1 
16 L 0 11 1 
16 D 56 4 1 
17 L 0 0 1 
17 L 0 7 1 
17 D 56 2 1 
18 L 0 10 1 
18 L 2 9 1 
18 D 56 3 1 
19 D 56 12 1 
20 L 0 6 1 
20 L 0 8 1 
20 L 0 5 1 
20 L 2 1 1 
20 L 0 11 1 
20 D 228 4 1 
21 L 0 0 1 
21 L 0 7 1 
21 D 228 2 1 
22 L 0 10 1 
22 L 2 9 1 
22 D 228 3 1 
23 L 0 5 1 
23 L 2 1 1 
23 L 1 4 1 
23 D 486 0 1 
24 L 0 2 1 
24 D 486 3 1 
25 L 0 6 1 
25 L 0 13 1 
25 L 0 5 1 
25 L 0 8 1 
25 L 2 1 1 
25 L 0 11 1 
25 D 208 4 1 
26 L 0 0 1 
26 L 0 7 1 
26 D 208 2 1 
27 L 0 10 1 
27 L 2 9 1 
27 D 208 3 1 
28 D 208 12 1 
29 L 0 6 1 
29 L 0 8 1 
29 L 0 5 1 
29 L 2 1 1 
29 L 1 4 1 
29 D 719 0 1 
0 L 0 7 1 
0 L 0 2 1 
0 D 719 3 1 
1 L 0 6 1 
1 L 0 8 1 
1 L 0 5 1 
1 L 2 1 1 
1 L 0 11 1 
1 D 166 4 1 
2 L 0 0 1 
2 L 0 7 1 
2 D 166 2 1 
3 L 0 10 1 
3 L 2 9 1 
3 D 166 3 1 
4 L 0 6 1 
4 L 0 13 1 
4 L 0 5 1 
4 L 0 8 1 
4 L 2 1 1 
4 L 0 11 1 
4 D 879 4 1 
5 L 0 0 1 
5 L 0 7 1 
5 D 879 2 1 
6 L 0 10 1 
6 L 2 9 1 
6 D 879 3 1 
7 D 879 12 1 
8 L 2 1 1 
8 L 0 0 1 
8 L 0 2 1 
8 D 736 3 1 
9 L 0 6 1 
9 L 0 5 1 
9 L 0 8 1 
9 L 2 1 1 
9 L 0 11 1 
9 D 63 4 1 
10 L 0 0 1 
10 L 0 7 1 
10 D 63 2 1 
11 L 0 10 1 
11 L 2 9 1 
11 D 63 3 1 
12 D 63 12 1 
13 L 0 6 1 
13 L 0 13 1 
13 L 0 5 1 
13 L 0 8 1 
13 L 2 1 1 
13 L 0 11 1 
13 D 428 4 1 
14 L 0 0 1 
14 L 0 7 1 
14 D 428 2 1 
15 L 0 10 1 
15 L 2 9 1 
15 D 428 3 1 
16 D 428 12 1 
17 D 386 0 1 
18 L 0 6 1 
18 L 0 8 1 
18 L 0 5 1 
18 L 2 1 1 
18 L 1 4 1 
18 D 977 0 1 
19 L 0 7 1 
19 L 0 2 1 
19 D 977 3 1 
20 L 0 6 1 
20 L 0 13 1 
20 L 0 5 1 
20 L 0 8 1 
20 L 2 1 1 
20 L 0 11 1 
20 D 621 4 1 
21 L 0 0 1 
21 L 0 7 1 
21 D 621 2 1 
22 L 0 10 1 
22 L 2 9 1 
22 D 621 14 1 
23 L 0 3 1 
23 D 621 12 1 
24 L 0 6 1 
24 L 0 8 1 
24 L 0 5 1 
24 L 2 1 1 
24 L 0 11 1 
24 D 461 4 1 
25 L 0 0 1 
25 L 0 7 1 
25 D 461 2 1 
26 L 0 10 1 
26 L 2 9 1 
26 D 461 3 1 
27 L 0 6 1 
27 L 0 5 1 
27 L 0 8 1 
27 L 2 1 1 
27 L 0 11 1 
27 D 457 4 1 
28 L 0 0 1 
28 L 0 7 1 
28 D 457 2 1 
29 L 0 10 1 
29 L 2 9 1 
29 D 457 3 1 
0 D 457 12 1 
1 L 2 1 1 
1 L 1 4 1 
1 L 0 0 1 
1 D 901 2 1 
2 D 901 3 1 
3 L 0 6 1 
3 L 0 8 1 
3 L 0 5 1 
3 L 2 1 1 
3 L 1 4 1 
3 D 874 0 1 
4 L 0 7 1 
4 L 0 2 1 
4 D 874 10 1 
5 L 2 9 1 
5 D 874 3 1 
6 L 2 1 1 
6 L 0 0 1 
6 L 0 2 1 
6 D 67 3 1 
7 L 2 1 1 
7 L 0 0 1 
7 D 300 2 1 
8 L 0 6 1 
8 L 0 5 1 
8 L 0 8 1 
8 L 2 1 1 
8 L 0 11 1 
8 D 556 4 1 
9 L 0 0 1 
9 L 0 7 1 
9 D 556 2 1 
10 L 0 10 1 
10 L 2 9 1 
10 D 556 3 1 
11 D 556 12 1 
12 L 2 1 1 
12 L 0 0 1 
12 L 0 2 1 
12 D 363 3 1 
13 L 2 1 1 
13 L 1 4 1 
13 L 0 0 1 
13 D 740 2 1 
14 D 740 3 1 
15 L 0 6 1 
15 L 0 5 1 
15 L 2 1 1 
15 L 1 4 1 
15 D 629 0 1 
16 L 0 2 1 
16 D 629 3 1 
17 L 0 6 1 
17 L 0 13 1 
17 L 0 5 1 
17 L 0 8 1 
17 L 2 1 1 
17 L 0 11 1 
17 D 451 4 1 
18 L 0 0 1 
18 L 0 7 1 
18 D 451 2 1 
19 L 0 10 1 
19 L 2 9 1 
19 D 451 3 1 
20 D 451 12 1 
21 L 2 1 1 
21 L 0 0 1 
21 L 0 2 1 
21 D 21 3 1 
22 L 2 1 1 
22 L 0 0 1 
22 D 129 2 1 
23 L 0 6 1 
23 L 0 8 1 
23 L 0 5 1 
23 L 2 1 1 
23 L 1 4 1 
23 D 606 0 1 
24 L 0 7 1 
24 L 0 2 1 
24 D 606 3 1 
25 L 0 6 1 
25 L 0 5 1 
25 L 2 1 1 
25 L 1 4 1 
25 D 670 0 1 
26 L 0 7 1 
26 L 0 2 1 
26 D 670 3 1 
27 L 0 6 1 
27 L 0 8 1 
27 L 0 5 1 
27 L 2 1 1 
27 L 0 11 1 
27 D 200 4 1 
28 L 0 0 1 
28 L 0 7 1 
28 D 200 2 1 
29 L 0 10 1 
29 L 2 9 1 
29 D 200 3 1 
0 L 0 6 1 
0 L 0 8 1 
0 L 0 5 1 
0 L 2 1 1 
0 L 0 11 1 
0 D 857 4 1 
1 L 0 0 1 
1 L 0 7 1 
1 D 857 2 1 
2 L 0 10 1 
2 L 2 9 1 
2 D 857 3 1 
3 L 0 6 1 
3 L 0 5 1 
3 L 2 1 1 
3 L 1 4 1 
3 D 833 0 1 
4 L 0 2 1 
4 D 833 3 1 
5 L 2 1 1 
5 L 0 0 1 
5 L 0 2 1 
5 D 126 3 1 
6 L 2 1 1 
6 L 1 4 1 
6 L 0 0 1 
6 D 333 2 1 
7 D 333 3 1 
8 L 2 1 1 
8 L 1 4 1 
8 L 0 0 1 
8 D 494 2 1 
9 D 494 3 1 
10 L 2 1 1 
10 L 0 0 1 
10 D 765 2 1 
11 L 0 6 1 
11 L 0 8 1 
11 L 0 5 1 
11 L 2 1 1 
11 L 1 4 1 
11 D 893 0 1 
12 L 0 7 1 
12 L 0 2 1 
12 D 893 3 1 
13 L 0 6 1 
13 L 0 5 1 
13 L 2 1 1 
13 L 1 4 1 
13 D 409 0 1 
14 L 0 2 1 
14 D 409 3 1 
15 L 2 1 1 
15 D 44 0 1 
16 L 2 1 1 
16 L 0 0 1 
16 D 352 2 1 
17 L 2 1 1 
17 L 0 0 1 
17 D 998 2 1 
18 L 0 6 1 
18 L 0 8 1 
18 L 0 5 1 
18 L 2 1 1 
18 L 1 4 1 
18 D 904 0 1 
19 L 0 7 1 
19 L 0 2 1 
19 D 904 9 1 
20 D 904 3 1 
21 L 0 6 1 
21 L 0 5 1 
21 L 2 1 1 
21 L 1 4 1 
21 D 309 0 1 
22 L 0 7 1 
22 L 0 2 1 
22 D 309 3 1 
23 L 2 1 1 
23 L 0 0 1 
23 D 310 2 1 
24 L 2 1 1 
24 L 0 0 1 
24 L 0 2 1 
24 D 812 3 1 
25 L 2 1 1 
25 D 49 0 1 
26 L 0 6 1 
26 L 0 8 1 
26 L 0 5 1 
26 L 2 1 1 
26 L 1 4 1 
26 D 16 0 1 
27 L 0 7 1 
27 L 0 2 1 
27 D 16 9 1 
28 D 16 3 1 
29 L 0 6 1 
29 L 0 8 1 
29 L 0 5 1 
29 L 2 1 1 
29 L 0 11 1 
29 D 72 4 1 
0 L 0 0 1 
0 L 0 7 1 
0 D 72 2 1 
1 L 0 10 1 
1 L 2 9 1 
1 D 72 3 1 
2 L 2 1 1 
2 L 0 0 1 
2 L 0 2 1 
2 D 939 3 1 
3 L 2 1 1 
3 L 1 4 1 
3 L 0 0 1 
3 D 585 2 1 
4 D 585 3 1 
5 L 0 6 1 
5 L 0 13 1 
5 L 0 5 1 
5 L 0 8 1 
5 L 2 1 1 
5 L 0 11 1 
5 D 104 4 1 
6 L 0 0 1 
6 L 0 7 1 
6 D 104 2 1 
7 L 0 10 1 
7 L 2 9 1 
7 D 104 3 1 
8 D 104 12 1 
9 L 2 1 1 
9 L 0 0 1 
9 D 658 2 1 
10 L 0 6 1 
10 L 0 13 1 
10 L 0 5 1 
10 L 0 8 1 
10 L 2 1 1 
10 L 0 11 1 
10 D 602 4 1 
11 L 0 16 1 
11 L 0 0 1 
11 D 602 7 1 
12 L 0 2 1 
12 L 0 15 1 
12 D 602 10 1 
13 L 2 9 1 
13 L 0 14 1 
13 D 602 3 1 
14 D 602 12 1 
15 L 0 6 1 
15 L 0 13 1 
15 L 0 5 1 
15 L 0 8 1 
15 L 2 1 1 
15 L 0 11 1 
15 D 902 4 1 
16 L 0 0 1 
16 L 0 7 1 
16 D 902 2 1 
17 L 0 10 1 
17 L 2 9 1 
17 D 902 3 1 
18 D 902 12 1 
19 L 2 1 1 
19 L 0 0 1 
19 D 540 2 1 
20 L 2 1 1 
20 L 0 0 1 
20 D 285 2 1 
21 L 2 1 1 
21 L 0 0 1 
21 D 564 2 1 
22 L 0 5 1 
22 L 2 1 1 
22 L 1 4 1 
22 D 875 0 1 
23 L 0 2 1 
23 D 875 3 1 
24 L 0 6 1 
24 L 0 8 1 
24 L 0 5 1 
24 L 2 1 1 
24 L 1 4 1 
24 D 954 0 1 
25 L 0 7 1 
25 L 0 2 1 
25 D 954 10 1 
26 L 2 9 1 
26 D 954 3 1 
27 L 2 1 1 
27 L 0 0 1 
27 L 0 2 1 
27 D 108 3 1 
28 L 0 6 1 
28 L 0 5 1 
28 L 2 1 1 
28 L 1 4 1 
28 D 868 0 1 
29 L 0 2 1 
29 D 868 3 1 
0 L 0 6 1 
0 L 0 5 1 
0 L 2 1 1 
0 L 1 4 1 
0 D 1 0 1 
1 L 0 7 1 
1 L 0 2 1 
1 D 1 3 1 
2 L 2 1 1 
2 L 0 0 1 
2 L 0 2 1 
2 D 74 3 1 
3 L 0 6 1 
3 L 0 5 1 
3 L 0 8 1 
3 L 2 1 1 
3 L 0 11 1 
3 D 550 4 1 
4 L 0 0 1 
4 L 0 7 1 
4 D 550 2 1 
5 L 0 10 1 
5 L 2 9 1 
5 D 550 3 1 
6 D 550 12 1 
7 L 0 6 1 
7 L 0 5 1 
7 L 2 1 1 
7 L 1 4 1 
7 D 753 0 1 
8 L 0 7 1 
8 L 0 2 1 
8 D 753 3 1 
9 L 0 6 1 
9 L 0 13 1 
9 L 0 5 1 
9 L 0 8 1 
9 L 2 1 1 
9 L 0 11 1 
9 D 582 4 1 
10 L 0 0 1 
10 L 0 7 1 
10 D 582 2 1 
11 L 0 15 1 
11 L 0 10 1 
11 D 582 9 1 
12 L 0 14 1 
12 D 582 3 1 
13 D 582 12 1 
14 L 2 1 1 
14 L 0 0 1 
14 D 474 2 1 
15 L 0 6 1 
15 L 0 5 1 
15 L 2 1 1 
15 L 1 4 1 
15 D 356 0 1 
16 L 0 2 1 
16 D 356 3 1 
17 L 0 6 1 
17 L 0 5 1 
17 L 2 1 1 
17 L 1 4 1 
17 D 554 0 1 
18 L 0 7 1 
18 L 0 2 1 
18 D 554 3 1 
19 D 19 0 1 
20 L 0 6 1 
20 L 0 13 1 
20 L 0 5 1 
20 L 0 8 1 
20 L 2 1 1 
20 L 0 11 1 
20 D 374 4 1 
21 L 0 0 1 
21 L 0 7 1 
21 D 374 2 1 
22 L 0 10 1 
22 L 2 9 1 
22 D 374 3 1 
23 D 374 12 1 
24 L 2 1 1 
24 L 0 0 1 
24 D 557 2 1 
25 L 2 1 1 
25 L 0 0 1 
25 D 770 2 1 
26 L 0 6 1 
26 L 0 8 1 
26 L 0 5 1 
26 L 2 1 1 
26 L 1 4 1 
26 D 612 0 1 
27 L 0 7 1 
27 L 0 2 1 
27 D 612 10 1 
28 L 2 9 1 
28 D 612 3 1 
29 L 0 6 1 
29 L 0 8 1 
29 L 0 5 1 
29 L 2 1 1 
29 L 1 4 1 
29 D 244 0 1 
0 L 0 7 1 
0 L 0 2 1 
0 D 244 10 1 
1 L 2 9 1 
1 D 244 3 1 
2 L 0 6 1 
2 L 0 13 1 
2 L 0 5 1 
2 L 0 8 1 
2 L 2 1 1 
2 L 0 11 1 
2 D 597 4 1 
3 L 0 0 1 
3 L 0 7 1 
3 D 597 2 1 
4 L 0 10 1 
4 L 2 9 1 
4 D 597 3 1 
5 D 597 12 1 
6 L 2 1 1 
6 D 873 0 1 
7 L 0 6 1 
7 L 0 8 1 
7 L 0 5 1 
7 L 2 1 1 
7 L 1 4 1 
7 D 506 0 1 
8 L 0 7 1 
8 L 0 2 1 
8 D 506 3 1 
9 L 0 6 1 
9 L 0 8 1 
9 L 0 5 1 
9 L 2 1 1 
9 L 1 4 1 
9 D 140 0 1 
10 L 0 7 1 
10 L 0 2 1 
10 D 140 10 1 
11 L 2 9 1 
11 D 140 3 1 
12 L 0 5 1 
12 L 2 1 1 
12 L 1 4 1 
12 D 931 0 1 
13 L 0 2 1 
13 D 931 3 1 
14 L 2 1 1 
14 L 1 4 1 
14 L 0 0 1 
14 D 229 2 1 
15 D 229 3 1 
16 L 0 6 1 
16 L 0 8 1 
16 L 0 5 1 
16 L 2 1 1 
16 L 0 11 1 
16 D 633 4 1 
17 L 0 0 1 
17 L 0 7 1 
17 D 633 2 1 
18 L 0 10 1 
18 L 2 9 1 
18 D 633 3 1 
19 L 0 5 1 
19 L 2 1 1 
19 L 1 4 1 
19 D 796 0 1 
20 L 0 2 1 
20 D 796 3 1 
21 L 2 1 1 
21 L 0 0 1 
21 D 175 2 1 
22 L 0 6 1 
22 L 0 5 1 
22 L 0 8 1 
22 L 2 1 1 
22 L 0 11 1 
22 D 959 4 1 
23 L 0 0 1 
23 L 0 7 1 
23 D 959 2 1 
24 L 0 10 1 
24 L 2 9 1 
24 D 959 3 1 
25 D 959 12 1 
26 L 0 6 1 
26 L 0 8 1 
26 L 0 5 1 
26 L 2 1 1 
26 L 1 4 1 
26 D 573 0 1 
27 L 0 7 1 
27 L 0 2 1 
27 D 573 10 1 
28 L 2 9 1 
28 D 573 3 1 
29 L 0 6 1 
29 L 0 8 1 
29 L 0 5 1 
29 L 2 1 1 
29 L 0 11 1 
29 D 224 4 1 
0 L 0 0 1 
0 L 0 7 1 
0 D 224 2 1 
1 L 0 10 1 
1 L 2 9 1 
1 D 224 3 1 
2 L 0 6 1 
2 L 0 5 1 
2 L 2 1 1 
2 L 1 4 1 
2 D 692 0 1 
3 L 0 2 1 
3 D 692 3 1 
4 L 2 1 1 
4 L 1 4 1 
4 L 0 0 1 
4 D 210 2 1 
5 D 210 3 1 
6 L 2 1 1 
6 L 0 0 1 
6 L 0 2 1 
6 D 206 3 1 
7 L 0 6 1 
7 L 0 8 1 
7 L 0 5 1 
7 L 2 1 1 
7 L 1 4 1 
7 D 212 0 1 
8 L 0 7 1 
8 L 0 2 1 
8 D 212 3 1 
9 L 0 5 1 
9 L 2 1 1 
9 L 1 4 1 
9 D 987 0 1 
10 L 0 2 1 
10 D 987 3 1 
11 L 2 1 1 
11 L 1 4 1 
11 L 0 0 1 
11 D 898 2 1 
12 D 898 3 1 
13 L 0 6 1 
13 L 0 5 1 
13 L 2 1 1 
13 L 1 4 1 
13 D 437 0 1 
14 L 0 7 1 
14 L 0 2 1 
14 D 437 3 1 
15 L 2 1 1 
15 D 495 0 1 
16 L 0 6 1 
16 L 0 8 1 
16 L 0 5 1 
16 L 2 1 1 
16 L 1 4 1 
16 D 453 0 1 
17 L 0 7 1 
17 L 0 2 1 
17 D 453 3 1 
18 L 0 5 1 
18 L 2 1 1 
18 L 1 4 1 
18 D 113 0 1 
19 L 0 2 1 
19 D 113 3 1 
20 L 0 6 1 
20 L 0 5 1 
20 L 2 1 1 
20 L 1 4 1 
20 D 130 0 1 
21 L 0 2 1 
21 D 130 3 1 
22 L 2 1 1 
22 L 0 0 1 
22 L 0 2 1 
22 D 70 3 1 
23 L 2 1 1 
23 L 1 4 1 
23 L 0 0 1 
23 D 261 2 1 
24 D 261 3 1 
25 L 0 6 1 
25 L 0 8 1 
25 L 0 5 1 
25 L 2 1 1 
25 L 1 4 1 
25 D 970 0 1 
26 L 0 7 1 
26 L 0 2 1 
26 D 970 3 1 
27 L 0 5 1 
27 L 2 1 1 
27 L 1 4 1 
27 D 94 0 1 
28 L 0 2 1 
28 D 94 3 1 
29 L 0 6 1 
29 L 0 13 1 
29 L 0 5 1 
29 L 0 8 1 
29 L 2 1 1 
29 L 0 11 1 
29 D 697 4 1 
0 L 0 0 1 
0 L 0 7 1 
0 D 697 2 1 
1 L 0 10 1 
1 L 2 9 1 
1 D 697 14 1 
2 L 0 3 1 
2 D 697 12 1 
3 L 2 1 1 
3 D 532 0 1 
4 L 0 5 1 
4 L 2 1 1 
4 L 1 4 1 
4 D 245 0 1 
5 L 0 2 1 
5 D 245 3 1 
6 L 0 6 1 
6 L 0 5 1 
6 L 2 1 1 
6 L 1 4 1 
6 D 513 0 1 
7 L 0 7 1 
7 L 0 2 1 
7 D 513 3 1 
8 L 0 6 1 
8 L 0 8 1 
8 L 0 5 1 
8 L 2 1 1 
8 L 1 4 1 
8 D 42 0 1 
9 L 0 7 1 
9 L 0 2 1 
9 D 42 9 1 
10 D 42 3 1 
11 L 0 6 1 
11 L 0 5 1 
11 L 0 8 1 
11 L 2 1 1 
11 L 0 11 1 
11 D 594 4 1 
12 L 0 0 1 
12 L 0 7 1 
12 D 594 2 1 
13 L 0 10 1 
13 L 2 9 1 
13 D 594 3 1 
14 D 594 12 1 
15 L 2 1 1 
15 L 1 4 1 
15 L 0 0 1 
15 D 683 2 1 
16 D 683 3 1 
17 L 0 6 1 
17 L 0 8 1 
17 L 0 5 1 
17 L 2 1 1 
17 L 0 11 1 
17 D 317 4 1 
18 L 0 0 1 
18 L 0 7 1 
18 D 317 2 1 
19 L 0 10 1 
19 L 2 9 1 
19 D 317 3 1 
20 L 2 1 1 
20 L 0 0 1 
20 D 510 2 1 
21 L 2 1 1 
21 L 1 4 1 
21 L 0 0 1 
21 D 169 2 1 
22 D 169 3 1 
23 L 0 6 1 
23 L 0 8 1 
23 L 0 5 1 
23 L 2 1 1 
23 L 1 4 1 
23 D 467 0 1 
24 L 0 7 1 
24 L 0 2 1 
24 D 467 9 1 
25 D 467 3 1 
26 L 0 6 1 
26 L 0 5 1 
26 L 2 1 1 
26 L 1 4 1 
26 D 351 0 1 
27 L 0 2 1 
27 D 351 3 1 
28 L 0 6 1 
28 L 0 13 1 
28 L 0 5 1 
28 L 0 8 1 
28 L 2 1 1 
28 L 0 11 1 
28 D 181 4 1 
29 L 0 0 1 
29 L 0 7 1 
29 D 181 2 1 
0 L 0 15 1 
0 L 0 10 1 
0 D 181 9 1 
1 L 0 14 1 
1 D 181 3 1 
2 D 181 12 1 
3 L 0 6 1 
3 L 0 5 1 
3 L 2 1 1 
3 L 1 4 1 
3 D 958 0 1 
4 L 0 2 1 
4 D 958 3 1 
5 L 0 6 1 
5 L 0 8 1 
5 L 0 5 1 
5 L 2 1 1 
5 L 0 11 1 
5 D 406 4 1 
6 L 0 0 1 
6 L 0 7 1 
6 D 406 2 1 
7 L 0 10 1 
7 L 2 9 1 
7 D 406 3 1 
8 L 0 6 1 
8 L 0 13 1 
8 L 0 5 1 
8 L 0 8 1 
8 L 2 1 1 
8 L 0 11 1 
8 D 365 4 1 
9 L 0 0 1 
9 L 0 7 1 
9 D 365 2 1 
10 L 0 10 1 
10 L 2 9 1 
10 D 365 3 1 
11 D 365 12 1 
12 L 0 6 1 
12 L 0 8 1 
12 L 0 5 1 
12 L 2 1 1 
12 L 0 11 1 
12 D 960 4 1 
13 L 0 0 1 
13 L 0 7 1 
13 D 960 2 1 
14 L 0 10 1 
14 L 2 9 1 
14 D 960 3 1 
15 L 2 1 1 
15 L 0 0 1 
15 D 250 2 1 
16 L 0 6 1 
16 L 0 13 1 
16 L 0 5 1 
16 L 0 8 1 
16 L 2 1 1 
16 L 0 11 1 
16 D 599 4 1 
17 L 0 0 1 
17 L 0 7 1 
17 D 599 2 1 
18 L 0 15 1 
18 L 0 10 1 
18 D 599 9 1 
19 L 0 14 1 
19 D 599 3 1 
20 D 599 12 1 
21 L 0 6 1 
21 L 0 5 1 
21 L 2 1 1 
21 L 1 4 1 
21 D 128 0 1 
22 L 0 2 1 
22 D 128 3 1 
23 L 0 6 1 
23 L 0 8 1 
23 L 0 5 1 
23 L 2 1 1 
23 L 1 4 1 
23 D 241 0 1 
24 L 0 7 1 
24 L 0 2 1 
24 D 241 10 1 
25 L 2 9 1 
25 D 241 3 1 
26 L 0 6 1 
26 L 0 5 1 
26 L 0 8 1 
26 L 2 1 1 
26 L 0 11 1 
26 D 903 4 1 
27 L 0 0 1 
27 L 0 7 1 
27 D 903 2 1 
28 L 0 10 1 
28 L 2 9 1 
28 D 903 3 1 
29 D 903 12 1 
0 L 0 6 1 
0 L 0 5 1 
0 L 0 8 1 
0 L 2 1 1 
0 L 0 11 1 
0 D 509 4 1 
1 L 0 0 1 
1 L 0 7 1 
1 D 509 2 1 
2 L 0 10 1 
2 L 2 9 1 
2 D 509 3 1 
3 D 509 12 1 
4 L 0 6 1 
4 L 0 8 1 
4 L 0 5 1 
4 L 2 1 1 
4 L 0 11 1 
4 D 799 4 1 
5 L 0 0 1 
5 L 0 7 1 
5 D 799 2 1 
6 L 0 10 1 
6 L 2 9 1 
6 D 799 3 1 
7 L 0 6 1 
7 L 0 8 1 
7 L 0 5 1 
7 L 2 1 1 
7 L 0 11 1 
7 D 689 4 1 
8 L 0 0 1 
8 L 0 7 1 
8 D 689 2 1 
9 L 0 10 1 
9 L 2 9 1 
9 D 689 3 1 
10 L 2 1 1 
10 L 0 0 1 
10 D 659 2 1 
11 L 0 6 1 
11 L 0 8 1 
11 L 0 5 1 
11 L 2 1 1 
11 L 1 4 1 
11 D 173 0 1 
12 L 0 7 1 
12 L 0 2 1 
12 D 173 10 1 
13 L 2 9 1 
13 D 173 3 1 
14 L 0 6 1 
14 L 0 8 1 
14 L 0 5 1 
14 L 2 1 1 
14 L 1 4 1 
14 D 855 0 1 
15 L 0 7 1 
15 L 0 2 1 
15 D 855 10 1 
16 L 2 9 1 
16 D 855 3 1 
17 L 0 6 1 
17 L 0 13 1 
17 L 0 5 1 
17 L 0 8 1 
17 L 2 1 1 
17 L 0 11 1 
17 D 266 4 1 
18 L 0 0 1 
18 L 0 7 1 
18 D 266 2 1 
19 L 0 10 1 
19 L 2 9 1 
19 D 266 14 1 
20 L 0 3 1 
20 D 266 12 1 
21 L 0 6 1 
21 L 0 13 1 
21 L 0 5 1 
21 L 0 8 1 
21 L 2 1 1 
21 L 0 11 1 
21 D 504 17 1 
22 L 1 4 1 
22 L 0 16 1 
22 L 0 0 1 
22 D 504 7 1 
23 L 0 2 1 
23 L 0 15 1 
23 D 504 10 1 
24 L 2 9 1 
24 L 0 14 1 
24 D 504 3 1 
25 D 504 12 1 
26 L 2 1 1 
26 L 0 0 1 
26 L 0 2 1 
26 D 345 3 1 
27 L 0 6 1 
27 L 0 8 1 
27 L 0 5 1 
27 L 2 1 1 
27 L 1 4 1 
27 D 712 0 1 
28 L 0 7 1 
28 L 0 2 1 
28 D 712 9 1 
29 D 712 3 1 
0 L 2 1 1 
0 L 0 0 1 
0 D 80 2 1 
1 L 0 6 1 
1 L 0 13 1 
1 L 0 5 1 
1 L 0 8 1 
1 L 2 1 1 
1 L 0 11 1 
1 D 758 4 1 
2 L 0 16 1 
2 L 0 0 1 
2 D 758 7 1 
3 L 0 2 1 
3 L 0 15 1 
3 D 758 10 1 
4 L 2 9 1 
4 L 0 14 1 
4 D 758 3 1 
5 D 758 12 1 
6 L 0 6 1 
6 L 0 5 1 
6 L 0 8 1 
6 L 2 1 1 
6 L 0 11 1 
6 D 571 4 1 
7 L 0 0 1 
7 L 0 7 1 
7 D 571 2 1 
8 L 0 10 1 
8 L 2 9 1 
8 D 571 3 1 
9 D 571 12 1 
10 L 2 1 1 
10 D 402 0 1 
11 L 2 1 1 
11 L 0 0 1 
11 D 518 2 1 
12 L 0 6 1 
12 L 0 5 1 
12 L 2 1 1 
12 L 1 4 1 
12 D 321 0 1 
13 L 0 7 1 
13 L 0 2 1 
13 D 321 3 1 
14 L 2 1 1 
14 L 0 0 1 
14 D 139 2 1 
15 L 2 1 1 
15 L 1 4 1 
15 L 0 0 1 
15 D 314 2 1 
16 D 314 3 1 
17 L 0 6 1 
17 L 0 5 1 
17 L 0 8 1 
17 L 2 1 1 
17 L 0 11 1 
17 D 499 4 1 
18 L 0 0 1 
18 L 0 7 1 
18 D 499 2 1 
19 L 0 10 1 
19 L 2 9 1 
19 D 499 3 1 
20 D 499 12 1 
21 L 2 1 1 
21 L 0 0 1 
21 L 0 2 1 
21 D 487 3 1 
22 L 0 5 1 
22 L 2 1 1 
22 L 1 4 1 
22 D 859 0 1 
23 L 0 2 1 
23 D 859 3 1 
24 L 0 6 1 
24 L 0 13 1 
24 L 0 5 1 
24 L 0 8 1 
24 L 2 1 1 
24 L 0 11 1 
24 D 801 4 1 
25 L 0 0 1 
25 L 0 7 1 
25 D 801 2 1 
26 L 0 10 1 
26 L 2 9 1 
26 D 801 3 1 
27 D 801 12 1 
28 L 0 6 1 
28 L 0 8 1 
28 L 0 5 1 
28 L 2 1 1 
28 L 0 11 1 
28 D 199 4 1 
29 L 0 0 1 
29 L 0 7 1 
29 D 199 2 1 
0 L 0 10 1 
0 L 2 9 1 
0 D 199 3 1 
1 L 0 6 1 
1 L 0 8 1 
1 L 0 5 1 
1 L 2 1 1 
1 L 1 4 1 
1 D 543 0 1 
2 L 0 7 1 
2 L 0 2 1 
2 D 543 3 1 
3 L 2 1 1 
3 L 0 0 1 
3 L 0 2 1 
3 D 268 3 1 
4 L 2 1 1 
4 D 477 0 1 
5 L 0 6 1 
5 L 0 8 1 
5 L 0 5 1 
5 L 2 1 1 
5 L 1 4 1 
5 D 225 0 1 
6 L 0 7 1 
6 L 0 2 1 
6 D 225 9 1 
7 D 225 3 1 
8 L 0 6 1 
8 L 0 8 1 
8 L 0 5 1 
8 L 2 1 1 
8 L 1 4 1 
8 D 15 0 1 
9 L 0 7 1 
9 L 0 2 1 
9 D 15 9 1 
10 D 15 3 1 
11 L 2 1 1 
11 L 0 0 1 
11 L 0 2 1 
11 D 648 3 1 
12 L 0 5 1 
12 L 2 1 1 
12 L 1 4 1 
12 D 398 0 1 
13 L 0 2 1 
13 D 398 3 1 
14 L 0 5 1 
14 L 2 1 1 
14 L 1 4 1 
14 D 415 0 1 
15 L 0 2 1 
15 D 415 3 1 
16 D 927 0 1 
17 L 2 1 1 
17 L 0 0 1 
17 D 202 2 1 
18 L 0 6 1 
18 L 0 8 1 
18 L 0 5 1 
18 L 2 1 1 
18 L 1 4 1 
18 D 156 0 1 
19 L 0 7 1 
19 L 0 2 1 
19 D 156 10 1 
20 L 2 9 1 
20 D 156 3 1 
21 L 0 6 1 
21 L 0 8 1 
21 L 0 5 1 
21 L 2 1 1 
21 L 0 11 1 
21 D 127 4 1 
22 L 0 0 1 
22 L 0 7 1 
22 D 127 2 1 
23 L 0 10 1 
23 L 2 9 1 
23 D 127 3 1 
24 L 2 1 1 
24 L 1 4 1 
24 L 0 0 1 
24 D 667 2 1 
25 D 667 3 1 
26 L 0 6 1 
26 L 0 5 1 
26 L 2 1 1 
26 L 1 4 1 
26 D 369 0 1 
27 L 0 7 1 
27 L 0 2 1 
27 D 369 3 1 
28 L 0 6 1 
28 L 0 5 1 
28 L 2 1 1 
28 L 1 4 1 
28 D 500 0 1 
29 L 0 7 1 
29 L 0 2 1 
29 D 500 3 1 
0 L 2 1 1 
0 L 0 0 1 
0 L 0 2 1 
0 D 439 3 1 
1 L 0 6 1 
1 L 0 5 1 
1 L 2 1 1 
1 L 1 4 1 
1 D 154 0 1 
2 L 0 2 1 
2 D 154 3 1 
3 L 2 1 1 
3 L 0 0 1 
3 L 0 2 1 
3 D 256 3 1 
4 L 2 1 1 
4 D 963 0 1 
5 L 0 6 1 
5 L 0 8 1 
5 L 0 5 1 
5 L 2 1 1 
5 L 1 4 1 
5 D 877 0 1 
6 L 0 7 1 
6 L 0 2 1 
6 D 877 10 1 
7 L 2 9 1 
7 D 877 3 1 
8 L 0 5 1 
8 L 2 1 1 
8 L 1 4 1 
8 D 444 0 1 
9 L 0 2 1 
9 D 444 3 1 
10 L 0 6 1 
10 L 0 8 1 
10 L 0 5 1 
10 L 2 1 1 
10 L 0 11 1 
10 D 947 4 1 
11 L 0 0 1 
11 L 0 7 1 
11 D 947 2 1 
12 L 0 10 1 
12 L 2 9 1 
12 D 947 3 1 
13 L 2 1 1 
13 L 0 0 1 
13 L 0 2 1 
13 D 105 3 1 
14 L 2 1 1 
14 L 0 0 1 
14 L 0 2 1 
14 D 308 3 1 
15 L 2 1 1 
15 D 884 0 1 
16 L 2 1 1 
16 L 0 0 1 
16 L 0 2 1 
16 D 304 3 1 
17 L 0 6 1 
17 L 0 8 1 
17 L 0 5 1 
17 L 2 1 1 
17 L 1 4 1 
17 D 916 0 1 
18 L 0 7 1 
18 L 0 2 1 
18 D 916 9 1 
19 D 916 3 1 
20 L 0 6 1 
20 L 0 13 1 
20 L 0 5 1 
20 L 0 8 1 
20 L 2 1 1 
20 L 0 11 1 
20 D 700 4 1 
21 L 0 0 1 
21 L 0 7 1 
21 D 700 2 1 
22 L 0 10 1 
22 L 2 9 1 
22 D 700 14 1 
23 L 0 3 1 
23 D 700 12 1 
24 L 2 1 1 
24 L 1 4 1 
24 L 0 0 1 
24 D 593 2 1 
25 D 593 3 1 
26 L 0 6 1 
26 L 0 8 1 
26 L 0 5 1 
26 L 2 1 1 
26 L 1 4 1 
26 D 29 0 1 
27 L 0 7 1 
27 L 0 2 1 
27 D 29 3 1 
28 L 0 6 1 
28 L 0 5 1 
28 L 0 8 1 
28 L 2 1 1 
28 L 0 11 1 
28 D 81 4 1 
29 L 0 0 1 
29 L 0 7 1 
29 D 81 2 1 
0 L 0 10 1 
0 L 2 9 1 
0 D 81 3 1 
1 D 81 12 1 
2 L 2 1 1 
2 L 0 0 1 
2 D 157 2 1 
3 L 0 5 1 
3 L 2 1 1 
3 L 1 4 1 
3 D 641 0 1 
4 L 0 2 1 
4 D 641 3 1 
5 L 0 6 1 
5 L 0 8 1 
5 L 0 5 1 
5 L 2 1 1 
5 L 1 4 1 
5 D 841 0 1 
6 L 0 7 1 
6 L 0 2 1 
6 D 841 9 1 
7 D 841 3 1 
8 L 2 1 1 
8 L 0 0 1 
8 L 0 2 1 
8 D 299 3 1 
9 L 0 6 1 
9 L 0 5 1 
9 L 2 1 1 
9 L 1 4 1 
9 D 414 0 1 
10 L 0 7 1 
10 L 0 2 1 
10 D 414 3 1 
11 L 2 1 1 
11 L 0 0 1 
11 D 789 2 1 
12 L 2 1 1 
12 D 827 0 1 
13 L 2 1 1 
13 L 1 4 1 
13 L 0 0 1 
13 D 524 2 1 
14 D 524 3 1 
15 L 2 1 1 
15 D 8 0 1 
16 L 0 6 1 
16 L 0 8 1 
16 L 0 5 1 
16 L 2 1 1 
16 L 1 4 1 
16 D 489 0 1 
17 L 0 7 1 
17 L 0 2 1 
17 D 489 9 1 
18 D 489 3 1 
19 L 0 6 1 
19 L 0 8 1 
19 L 0 5 1 
19 L 2 1 1 
19 L 1 4 1 
19 D 470 0 1 
20 L 0 7 1 
20 L 0 2 1 
20 D 470 9 1 
21 D 470 3 1 
22 L 0 5 1 
22 L 2 1 1 
22 L 1 4 1 
22 D 757 0 1 
23 L 0 2 1 
23 D 757 3 1 
24 L 0 6 1 
24 L 0 8 1 
24 L 0 5 1 
24 L 2 1 1 
24 L 1 4 1 
24 D 695 0 1 
25 L 0 7 1 
25 L 0 2 1 
25 D 695 3 1 
26 L 0 6 1 
26 L 0 5 1 
26 L 0 8 1 
26 L 2 1 1 
26 L 0 11 1 
26 D 330 4 1 
27 L 0 0 1 
27 L 0 7 1 
27 D 330 2 1 
28 L 0 10 1 
28 L 2 9 1 
28 D 330 3 1 
29 D 330 12 1 
0 L 0 5 1 
0 L 2 1 1 
0 L 1 4 1 
0 D 995 0 1 
1 L 0 2 1 
1 D 995 3 1 
2 L 2 1 1 
2 D 782 0 1 
3 L 0 6 1 
3 L 0 5 1 
3 L 2 1 1 
3 L 1 4 1 
3 D 188 0 1 
4 L 0 7 1 
4 L 0 2 1 
4 D 188 3 1 
5 L 0 6 1 
5 L 0 8 1 
5 L 0 5 1 
5 L 2 1 1 
5 L 1 4 1 
5 D 741 0 1 
6 L 0 7 1 
6 L 0 2 1 
6 D 741 9 1 
7 D 741 3 1 
8 L 2 1 1 
8 D 410 0 1 
9 L 2 1 1 
9 L 0 0 1 
9 D 337 2 1 
10 L 0 6 1 
10 L 0 8 1 
10 L 0 5 1 
10 L 2 1 1 
10 L 1 4 1 
10 D 51 0 1 
11 L 0 7 1 
11 L 0 2 1 
11 D 51 9 1 
12 D 51 3 1 
13 L 0 6 1 
13 L 0 8 1 
13 L 0 5 1 
13 L 2 1 1 
13 L 1 4 1 
13 D 569 0 1 
14 L 0 7 1 
14 L 0 2 1 
14 D 569 9 1 
15 D 569 3 1 
16 L 0 6 1 
16 L 0 13 1 
16 L 0 5 1 
16 L 0 8 1 
16 L 2 1 1 
16 L 0 11 1 
16 D 496 4 1 
17 L 0 0 1 
17 L 0 7 1 
17 D 496 2 1 
18 L 0 10 1 
18 L 2 9 1 
18 D 496 14 1 
19 L 0 3 1 
19 D 496 12 1 
20 L 0 6 1 
20 L 0 8 1 
20 L 0 5 1 
20 L 2 1 1 
20 L 1 4 1 
20 D 953 0 1 
21 L 0 7 1 
21 L 0 2 1 
21 D 953 10 1 
22 L 2 9 1 
22 D 953 3 1 
23 L 0 6 1 
23 L 0 5 1 
23 L 0 8 1 
23 L 2 1 1 
23 L 0 11 1 
23 D 562 4 1 
24 L 0 0 1 
24 L 0 7 1 
24 D 562 2 1 
25 L 0 10 1 
25 L 2 9 1 
25 D 562 3 1 
26 D 562 12 1 
27 L 2 1 1 
27 L 0 0 1 
27 D 24 2 1 
28 L 0 6 1 
28 L 0 8 1 
28 L 0 5 1 
28 L 2 1 1 
28 L 1 4 1 
28 D 207 0 1 
29 L 0 7 1 
29 L 0 2 1 
29 D 207 10 1 
0 L 2 9 1 
0 D 207 3 1 
1 L 0 5 1 
1 L 2 1 1 
1 L 1 4 1 
1 D 637 0 1 
2 L 0 2 1 
2 D 637 3 1 
3 L 0 5 1 
3 L 2 1 1 
3 L 1 4 1 
3 D 766 0 1 
4 L 0 2 1 
4 D 766 3 1 
5 L 0 6 1 
5 L 0 5 1 
5 L 2 1 1 
5 L 1 4 1 
5 D 563 0 1 
6 L 0 2 1 
6 D 563 3 1 
7 L 0 6 1 
7 L 0 8 1 
7 L 0 5 1 
7 L 2 1 1 
7 L 1 4 1 
7 D 390 0 1 
8 L 0 7 1 
8 L 0 2 1 
8 D 390 3 1 
9 L 0 6 1 
9 L 0 5 1 
9 L 0 8 1 
9 L 2 1 1 
9 L 0 11 1 
9 D 33 4 1 
10 L 0 0 1 
10 L 0 7 1 
10 D 33 2 1 
11 L 0 10 1 
11 L 2 9 1 
11 D 33 3 1 
12 D 33 12 1 
13 L 0 6 1 
13 L 0 13 1 
13 L 0 5 1 
13 L 0 8 1 
13 L 2 1 1 
13 L 0 11 1 
13 D 307 4 1 
14 L 0 16 1 
14 L 0 0 1 
14 D 307 7 1 
15 L 0 2 1 
15 L 0 15 1 
15 D 307 10 1 
16 L 2 9 1 
16 L 0 14 1 
16 D 307 3 1 
17 D 307 12 1 
18 L 0 5 1 
18 L 2 1 1 
18 L 1 4 1 
18 D 950 0 1 
19 L 0 2 1 
19 D 950 3 1 
20 L 0 6 1 
20 L 0 8 1 
20 L 0 5 1 
20 L 2 1 1 
20 L 0 11 1 
20 D 407 4 1 
21 L 0 0 1 
21 L 0 7 1 
21 D 407 2 1 
22 L 0 10 1 
22 L 2 9 1 
22 D 407 3 1 
23 L 0 6 1 
23 L 0 5 1 
23 L 2 1 1 
23 L 1 4 1 
23 D 788 0 1 
24 L 0 7 1 
24 L 0 2 1 
24 D 788 3 1 
25 L 0 5 1 
25 L 2 1 1 
25 L 1 4 1 
25 D 84 0 1 
26 L 0 2 1 
26 D 84 3 1 
27 L 0 6 1 
27 L 0 8 1 
27 L 0 5 1 
27 L 2 1 1 
27 L 1 4 1 
27 D 59 0 1 
28 L 0 7 1 
28 L 0 2 1 
28 D 59 10 1 
29 L 2 9 1 
29 D 59 3 1 
0 L 0 6 1 
0 L 0 13 1 
0 L 0 5 1 
0 L 0 8 1 
0 L 2 1 1 
0 L 0 11 1 
0 D 865 4 1 
1 L 0 0 1 
1 L 0 7 1 
1 D 865 2 1 
2 L 0 15 1 
2 L 0 10 1 
2 D 865 9 1 
3 L 0 14 1 
3 D 865 3 1 
4 D 865 12 1 
5 L 0 6 1 
5 L 0 8 1 
5 L 0 5 1 
5 L 2 1 1 
5 L 1 4 1 
5 D 349 0 1 
6 L 0 7 1 
6 L 0 2 1 
6 D 349 9 1 
7 D 349 3 1 
8 L 0 5 1 
8 L 2 1 1 
8 L 1 4 1 
8 D 586 0 1 
9 L 0 2 1 
9 D 586 3 1 
10 L 0 6 1 
10 L 0 5 1 
10 L 2 1 1 
10 L 1 4 1 
10 D 124 0 1 
11 L 0 7 1 
11 L 0 2 1 
11 D 124 3 1 
12 L 0 6 1 
12 L 0 13 1 
12 L 0 5 1 
12 L 0 8 1 
12 L 2 1 1 
12 L 0 11 1 
12 D 971 4 1 
13 L 0 0 1 
13 L 0 7 1 
13 D 971 2 1 
14 L 0 15 1 
14 L 0 10 1 
14 D 971 9 1 
15 L 0 14 1 
15 D 971 3 1 
16 D 971 12 1 
17 L 0 6 1 
17 L 0 8 1 
17 L 0 5 1 
17 L 2 1 1 
17 L 1 4 1 
17 D 545 0 1 
18 L 0 7 1 
18 L 0 2 1 
18 D 545 10 1 
19 L 2 9 1 
19 D 545 3 1 
20 L 0 6 1 
20 L 0 8 1 
20 L 0 5 1 
20 L 2 1 1 
20 L 0 11 1 
20 D 969 4 1 
21 L 0 0 1 
21 L 0 7 1 
21 D 969 2 1 
22 L 0 10 1 
22 L 2 9 1 
22 D 969 3 1 
23 L 0 6 1 
23 L 0 8 1 
23 L 0 5 1 
23 L 2 1 1 
23 L 1 4 1 
23 D 826 0 1 
24 L 0 7 1 
24 L 0 2 1 
24 D 826 3 1 
25 L 2 1 1 
25 L 0 0 1 
25 D 727 2 1 
26 L 2 1 1 
26 L 0 0 1 
26 D 43 2 1 
27 L 0 5 1 
27 L 2 1 1 
27 L 1 4 1 
27 D 459 0 1 
28 L 0 2 1 
28 D 459 3 1 
29 L 2 1 1 
29 D 465 0 1 
0 L 2 1 1 
0 L 0 0 1 
0 L 0 2 1 
0 D 529 3 1 
1 L 2 1 1 
1 L 0 0 1 
1 L 0 2 1 
1 D 581 3 1 
2 L 0 5 1 
2 L 2 1 1 
2 L 1 4 1 
2 D 535 0 1 
3 L 0 2 1 
3 D 535 3 1 
4 L 0 6 1 
4 L 0 13 1 
4 L 0 5 1 
4 L 0 8 1 
4 L 2 1 1 
4 L 0 11 1 
4 D 647 4 1 
5 L 0 0 1 
5 L 0 7 1 
5 D 647 2 1 
6 L 0 10 1 
6 L 2 9 1 
6 D 647 3 1 
7 D 647 12 1 
8 L 0 6 1 
8 L 0 5 1 
8 L 2 1 1 
8 L 1 4 1 
8 D 611 0 1 
9 L 0 2 1 
9 D 611 3 1 
10 L 0 6 1 
10 L 0 5 1 
10 L 2 1 1 
10 L 1 4 1 
10 D 342 0 1 
11 L 0 7 1 
11 L 0 2 1 
11 D 342 3 1 
12 L 2 1 1 
12 L 0 0 1 
12 L 0 2 1 
12 D 527 3 1 
13 L 0 6 1 
13 L 0 5 1 
13 L 2 1 1 
13 L 1 4 1 
13 D 787 0 1 
14 L 0 2 1 
14 D 787 3 1 
15 L 2 1 1 
15 L 0 0 1 
15 D 609 2 1 
16 L 0 6 1 
16 L 0 5 1 
16 L 2 1 1 
16 L 1 4 1 
16 D 69 0 1 
17 L 0 7 1 
17 L 0 2 1 
17 D 69 3 1 
18 L 2 1 1 
18 L 1 4 1 
18 L 0 0 1 
18 D 387 2 1 
19 D 387 3 1 
20 L 0 6 1 
20 L 0 8 1 
20 L 0 5 1 
20 L 2 1 1 
20 L 1 4 1 
20 D 919 0 1 
21 L 0 7 1 
21 L 0 2 1 
21 D 919 9 1 
22 D 919 3 1 
23 L 0 6 1 
23 L 0 13 1 
23 L 0 5 1 
23 L 0 8 1 
23 L 2 1 1 
23 L 0 11 1 
23 D 616 4 1 
24 L 0 0 1 
24 L 0 7 1 
24 D 616 2 1 
25 L 0 10 1 
25 L 2 9 1 
25 D 616 14 1 
26 L 0 3 1 
26 D 616 12 1 
27 L 0 6 1 
27 L 0 8 1 
27 L 0 5 1 
27 L 2 1 1 
27 L 1 4 1 
27 D 737 0 1 
28 L 0 7 1 
28 L 0 2 1 
28 D 737 3 1 
29 L 2 1 1 
29 L 1 4 1 
29 L 0 0 1 
29 D 54 2 1 
0 D 54 3 1 
1 L 2 1 1 
1 L 0 0 1 
1 D 201 2 1 
2 L 0 6 1 
2 L 0 8 1 
2 L 0 5 1 
2 L 2 1 1 
2 L 1 4 1 
2 D 570 0 1 
3 L 0 7 1 
3 L 0 2 1 
3 D 570 3 1 
4 L 2 1 1 
4 L 0 0 1 
4 D 274 2 1 
5 L 0 5 1 
5 L 2 1 1 
5 L 1 4 1 
5 D 568 0 1 
6 L 0 2 1 
6 D 568 3 1 
7 L 0 6 1 
7 L 0 5 1 
7 L 2 1 1 
7 L 1 4 1 
7 D 483 0 1 
8 L 0 7 1 
8 L 0 2 1 
8 D 483 3 1 
9 L 0 6 1 
9 L 0 13 1 
9 L 0 5 1 
9 L 0 8 1 
9 L 2 1 1 
9 L 0 11 1 
9 D 143 17 1 
10 L 1 4 1 
10 L 0 16 1 
10 L 0 0 1 
10 D 143 7 1 
11 L 0 2 1 
11 L 0 15 1 
11 D 143 10 1 
12 L 2 9 1 
12 L 0 14 1 
12 D 143 3 1 
13 D 143 12 1 
14 L 0 6 1 
14 L 0 8 1 
14 L 0 5 1 
14 L 2 1 1 
14 L 1 4 1 
14 D 362 0 1 
15 L 0 7 1 
15 L 0 2 1 
15 D 362 9 1 
16 D 362 3 1 
17 L 2 1 1 
17 L 1 4 1 
17 L 0 0 1 
17 D 493 2 1 
18 D 493 3 1 
19 L 0 6 1 
19 L 0 5 1 
19 L 2 1 1 
19 L 1 4 1 
19 D 956 0 1 
20 L 0 2 1 
20 D 956 3 1 
21 L 2 1 1 
21 D 975 0 1 
22 L 0 6 1 
22 L 0 5 1 
22 L 0 8 1 
22 L 2 1 1 
22 L 0 11 1 
22 D 945 4 1 
23 L 0 0 1 
23 L 0 7 1 
23 D 945 2 1 
24 L 0 10 1 
24 L 2 9 1 
24 D 945 3 1 
25 D 945 12 1 
26 L 0 5 1 
26 L 2 1 1 
26 L 1 4 1 
26 D 668 0 1 
27 L 0 2 1 
27 D 668 3 1 
28 L 0 5 1 
28 L 2 1 1 
28 L 1 4 1 
28 D 135 0 1 
29 L 0 2 1 
29 D 135 3 1 
0 L 2 1 1 
0 L 0 0 1 
0 D 55 2 1 
1 L 0 5 1 
1 L 2 1 1 
1 L 1 4 1 
1 D 717 0 1 
2 L 0 2 1 
2 D 717 3 1 
3 L 0 6 1 
3 L 0 13 1 
3 L 0 5 1 
3 L 0 8 1 
3 L 2 1 1 
3 L 0 11 1 
3 D 661 4 1 
4 L 0 0 1 
4 L 0 7 1 
4 D 661 2 1 
5 L 0 15 1 
5 L 0 10 1 
5 D 661 9 1 
6 L 0 14 1 
6 D 661 3 1 
7 D 661 12 1 
8 L 2 1 1 
8 L 0 0 1 
8 D 176 2 1 
9 L 0 6 1 
9 L 0 13 1 
9 L 0 5 1 
9 L 0 8 1 
9 L 2 1 1 
9 L 0 11 1 
9 D 357 4 1 
10 L 0 0 1 
10 L 0 7 1 
10 D 357 2 1 
11 L 0 15 1 
11 L 0 10 1 
11 D 357 9 1 
12 L 0 14 1 
12 D 357 3 1 
13 D 357 12 1 
14 L 2 1 1 
14 L 0 0 1 
14 L 0 2 1 
14 D 132 3 1 
15 L 0 6 1 
15 L 0 13 1 
15 L 0 5 1 
15 L 0 8 1 
15 L 2 1 1 
15 L 0 11 1 
15 D 158 4 1 
16 L 0 0 1 
16 L 0 7 1 
16 D 158 2 1 
17 L 0 10 1 
17 L 2 9 1 
17 D 158 14 1 
18 L 0 3 1 
18 D 158 12 1 
19 L 0 6 1 
19 L 0 8 1 
19 L 0 5 1 
19 L 2 1 1 
19 L 1 4 1 
19 D 339 0 1 
20 L 0 7 1 
20 L 0 2 1 
20 D 339 10 1 
21 L 2 9 1 
21 D 339 3 1 
22 L 2 1 1 
22 L 1 4 1 
22 L 0 0 1 
22 D 743 2 1 
23 D 743 3 1 
24 L 2 1 1 
24 L 1 4 1 
24 L 0 0 1 
24 D 187 2 1 
25 D 187 3 1 
26 L 2 1 1 
26 L 1 4 1 
26 L 0 0 1 
26 D 275 2 1 
27 D 275 3 1 
28 L 0 6 1 
28 L 0 5 1 
28 L 2 1 1 
28 L 1 4 1 
28 D 259 0 1 
29 L 0 7 1 
29 L 0 2 1 
29 D 259 3 1 
0 L 0 5 1 
0 L 2 1 1 
0 L 1 4 1 
0 D 684 0 1 
1 L 0 2 1 
1 D 684 3 1 
2 L 0 6 1 
2 L 0 5 1 
2 L 2 1 1 
2 L 1 4 1 
2 D 110 0 1 
3 L 0 7 1 
3 L 0 2 1 
3 D 110 3 1 
4 L 2 1 1 
4 L 1 4 1 
4 L 0 0 1 
4 D 624 2 1 
5 D 624 3 1 
6 L 0 6 1 
6 L 0 8 1 
6 L 0 5 1 
6 L 2 1 1 
6 L 1 4 1 
6 D 933 0 1 
7 L 0 7 1 
7 L 0 2 1 
7 D 933 10 1 
8 L 2 9 1 
8 D 933 3 1 
9 L 2 1 1 
9 L 1 4 1 
9 L 0 0 1 
9 D 716 2 1 
10 D 716 3 1 
11 L 2 1 1 
11 L 1 4 1 
11 L 0 0 1 
11 D 469 2 1 
12 D 469 3 1 
13 L 0 5 1 
13 L 2 1 1 
13 L 1 4 1 
13 D 652 0 1 
14 L 0 2 1 
14 D 652 3 1 
15 L 0 6 1 
15 L 0 8 1 
15 L 0 5 1 
15 L 2 1 1 
15 L 0 11 1 
15 D 640 4 1 
16 L 0 0 1 
16 L 0 7 1 
16 D 640 2 1 
17 L 0 10 1 
17 L 2 9 1 
17 D 640 3 1 
18 L 0 6 1 
18 L 0 8 1 
18 L 0 5 1 
18 L 2 1 1 
18 L 1 4 1 
18 D 60 0 1 
19 L 0 7 1 
19 L 0 2 1 
19 D 60 9 1 
20 D 60 3 1 
21 L 2 1 1 
21 L 1 4 1 
21 L 0 0 1 
21 D 577 2 1 
22 D 577 3 1 
23 L 0 6 1 
23 L 0 8 1 
23 L 0 5 1 
23 L 2 1 1 
23 L 1 4 1 
23 D 607 0 1 
24 L 0 7 1 
24 L 0 2 1 
24 D 607 9 1 
25 D 607 3 1 
26 L 2 1 1 
26 L 0 0 1 
26 D 480 2 1 
27 L 0 5 1 
27 L 2 1 1 
27 L 1 4 1 
27 D 419 0 1 
28 L 0 2 1 
28 D 419 3 1 
29 L 0 6 1 
29 L 0 8 1 
29 L 0 5 1 
29 L 2 1 1 
29 L 1 4 1 
29 D 559 0 1 
0 L 0 7 1 
0 L 0 2 1 
0 D 559 3 1 
1 L 2 1 1 
1 L 0 0 1 
1 D 866 2 1 
2 L 0 6 1 
2 L 0 13 1 
2 L 0 5 1 
2 L 0 8 1 
2 L 2 1 1 
2 L 0 11 1 
2 D 177 4 1 
3 L 0 0 1 
3 L 0 7 1 
3 D 177 2 1 
4 L 0 10 1 
4 L 2 9 1 
4 D 177 3 1 
5 D 177 12 1 
6 L 2 1 1 
6 L 0 0 1 
6 D 638 2 1 
7 L 0 6 1 
7 L 0 8 1 
7 L 0 5 1 
7 L 2 1 1 
7 L 1 4 1 
7 D 694 0 1 
8 L 0 7 1 
8 L 0 2 1 
8 D 694 9 1 
9 D 694 3 1 
10 L 0 5 1 
10 L 2 1 1 
10 L 1 4 1 
10 D 614 0 1 
11 L 0 2 1 
11 D 614 3 1 
12 L 0 6 1 
12 L 0 8 1 
12 L 0 5 1 
12 L 2 1 1 
12 L 1 4 1 
12 D 732 0 1 
13 L 0 7 1 
13 L 0 2 1 
13 D 732 3 1 
14 L 2 1 1 
14 L 0 0 1 
14 L 0 2 1 
14 D 252 3 1 
15 L 2 1 1 
15 L 1 4 1 
15 L 0 0 1 
15 D 567 2 1 
16 D 567 3 1 
17 L 0 5 1 
17 L 2 1 1 
17 L 1 4 1 
17 D 262 0 1 
18 L 0 2 1 
18 D 262 3 1 
19 L 2 1 1 
19 D 847 0 1 
20 L 0 6 1 
20 L 0 13 1 
20 L 0 5 1 
20 L 0 8 1 
20 L 2 1 1 
20 L 0 11 1 
20 D 138 4 1 
21 L 0 0 1 
21 L 0 7 1 
21 D 138 2 1 
22 L 0 10 1 
22 L 2 9 1 
22 D 138 3 1 
23 D 138 12 1 
24 L 2 1 1 
24 L 0 0 1 
24 D 981 2 1 
25 L 2 1 1 
25 L 1 4 1 
25 L 0 0 1 
25 D 484 2 1 
26 D 484 3 1 
27 L 0 6 1 
27 L 0 8 1 
27 L 0 5 1 
27 L 2 1 1 
27 L 0 11 1 
27 D 35 4 1 
28 L 0 0 1 
28 L 0 7 1 
28 D 35 2 1 
29 L 0 10 1 
29 L 2 9 1 
29 D 35 3 1 
0 L 0 6 1 
0 L 0 8 1 
0 L 0 5 1 
0 L 2 1 1 
0 L 1 4 1 
0 D 455 0 1 
1 L 0 7 1 
1 L 0 2 1 
1 D 455 9 1 
2 D 455 3 1 
3 L 0 5 1 
3 L 2 1 1 
3 L 1 4 1 
3 D 492 0 1 
4 L 0 2 1 
4 D 492 3 1 
5 L 0 6 1 
5 L 0 8 1 
5 L 0 5 1 
5 L 2 1 1 
5 L 1 4 1 
5 D 170 0 1 
6 L 0 7 1 
6 L 0 2 1 
6 D 170 10 1 
7 L 2 9 1 
7 D 170 3 1 
8 L 2 1 1 
8 L 0 0 1 
8 L 0 2 1 
8 D 472 3 1 
9 L 2 1 1 
9 D 39 0 1 
10 L 0 6 1 
10 L 0 5 1 
10 L 0 8 1 
10 L 2 1 1 
10 L 0 11 1 
10 D 763 4 1 
11 L 0 0 1 
11 L 0 7 1 
11 D 763 2 1 
12 L 0 10 1 
12 L 2 9 1 
12 D 763 3 1 
13 D 763 12 1 
14 L 2 1 1 
14 L 1 4 1 
14 L 0 0 1 
14 D 666 2 1 
15 D 666 3 1 
16 L 0 5 1 
16 L 2 1 1 
16 L 1 4 1 
16 D 306 0 1 
17 L 0 2 1 
17 D 306 3 1 
18 D 966 0 1 
19 L 0 6 1 
19 L 0 5 1 
19 L 2 1 1 
19 L 1 4 1 
19 D 608 0 1 
20 L 0 2 1 
20 D 608 3 1 
21 L 2 1 1 
21 D 123 0 1 
22 L 0 5 1 
22 L 2 1 1 
22 L 1 4 1 
22 D 583 0 1 
23 L 0 2 1 
23 D 583 3 1 
24 L 2 1 1 
24 D 28 0 1 
25 L 0 5 1 
25 L 2 1 1 
25 L 1 4 1 
25 D 639 0 1 
26 L 0 2 1 
26 D 639 3 1 
27 L 2 1 1 
27 D 305 0 1 
28 L 2 1 1 
28 L 0 0 1 
28 D 722 2 1 
29 L 0 6 1 
29 L 0 8 1 
29 L 0 5 1 
29 L 2 1 1 
29 L 1 4 1 
29 D 473 0 1 
0 L 0 7 1 
0 L 0 2 1 
0 D 473 10 1 
1 L 2 9 1 
1 D 473 3 1 
2 L 0 6 1 
2 L 0 13 1 
2 L 0 5 1 
2 L 0 8 1 
2 L 2 1 1 
2 L 0 11 1 
2 D 278 4 1 
3 L 0 0 1 
3 L 0 7 1 
3 D 278 2 1 
4 L 0 10 1 
4 L 2 9 1 
4 D 278 14 1 
5 L 0 3 1 
5 D 278 12 1 
6 L 0 5 1 
6 L 2 1 1 
6 L 1 4 1 
6 D 219 0 1 
7 L 0 2 1 
7 D 219 3 1 
8 L 0 6 1 
8 L 0 8 1 
8 L 0 5 1 
8 L 2 1 1 
8 L 1 4 1 
8 D 57 0 1 
9 L 0 7 1 
9 L 0 2 1 
9 D 57 9 1 
10 D 57 3 1 
11 L 0 6 1 
11 L 0 5 1 
11 L 2 1 1 
11 L 1 4 1 
11 D 886 0 1 
12 L 0 7 1 
12 L 0 2 1 
12 D 886 3 1 
13 L 0 6 1 
13 L 0 8 1 
13 L 0 5 1 
13 L 2 1 1 
13 L 1 4 1 
13 D 703 0 1 
14 L 0 7 1 
14 L 0 2 1 
14 D 703 10 1 
15 L 2 9 1 
15 D 703 3 1 
16 L 0 6 1 
16 L 0 8 1 
16 L 0 5 1 
16 L 2 1 1 
16 L 1 4 1 
16 D 725 0 1 
17 L 0 7 1 
17 L 0 2 1 
17 D 725 3 1 
18 L 0 6 1 
18 L 0 8 1 
18 L 0 5 1 
18 L 2 1 1 
18 L 1 4 1 
18 D 476 0 1 
19 L 0 7 1 
19 L 0 2 1 
19 D 476 9 1 
20 D 476 3 1 
21 L 0 6 1 
21 L 0 13 1 
21 L 0 5 1 
21 L 0 8 1 
21 L 2 1 1 
21 L 0 11 1 
21 D 735 4 1 
22 L 0 16 1 
22 L 0 0 1 
22 D 735 7 1 
23 L 0 2 1 
23 L 0 15 1 
23 D 735 10 1 
24 L 2 9 1 
24 L 0 14 1 
24 D 735 3 1 
25 D 735 12 1 
26 L 0 6 1 
26 L 0 8 1 
26 L 0 5 1 
26 L 2 1 1 
26 L 1 4 1 
26 D 164 0 1 
27 L 0 7 1 
27 L 0 2 1 
27 D 164 9 1 
28 D 164 3 1 
29 L 2 1 1 
29 L 0 0 1 
29 L 0 2 1 
29 D 991 3 1 
0 L 2 1 1 
0 D 198 0 1 
1 L 2 1 1 
1 L 1 4 1 
1 L 0 0 1 
1 D 989 2 1 
2 D 989 3 1 
3 L 2 1 1 
3 L 1 4 1 
3 L 0 0 1 
3 D 511 2 1 
4 D 511 3 1 
5 L 0 6 1 
5 L 0 13 1 
5 L 0 5 1 
5 L 0 8 1 
5 L 2 1 1 
5 L 0 11 1 
5 D 393 4 1 
6 L 0 0 1 
6 L 0 7 1 
6 D 393 2 1 
7 L 0 10 1 
7 L 2 9 1 
7 D 393 3 1 
8 D 393 12 1 
9 L 0 6 1 
9 L 0 8 1 
9 L 0 5 1 
9 L 2 1 1 
9 L 1 4 1 
9 D 379 0 1 
10 L 0 7 1 
10 L 0 2 1 
10 D 379 10 1 
11 L 2 9 1 
11 D 379 3 1 
12 L 2 1 1 
12 L 0 0 1 
12 D 326 2 1 
13 L 2 1 1 
13 L 0 0 1 
13 L 0 2 1 
13 D 888 3 1 
14 L 0 6 1 
14 L 0 5 1 
14 L 2 1 1 
14 L 1 4 1 
14 D 574 0 1 
15 L 0 7 1 
15 L 0 2 1 
15 D 574 3 1 
16 L 2 1 1 
16 D 152 0 1 
17 L 2 1 1 
17 L 1 4 1 
17 L 0 0 1 
17 D 93 2 1 
18 D 93 3 1 
19 L 0 6 1 
19 L 0 5 1 
19 L 2 1 1 
19 L 1 4 1 
19 D 258 0 1 
20 L 0 7 1 
20 L 0 2 1 
20 D 258 3 1 
21 L 0 6 1 
21 L 0 5 1 
21 L 0 8 1 
21 L 2 1 1 
21 L 0 11 1 
21 D 26 4 1 
22 L 0 0 1 
22 L 0 7 1 
22 D 26 2 1 
23 L 0 10 1 
23 L 2 9 1 
23 D 26 3 1 
24 D 26 12 1 
25 L 0 5 1 
25 L 2 1 1 
25 L 1 4 1 
25 D 928 0 1 
26 L 0 2 1 
26 D 928 3 1 
27 L 0 6 1 
27 L 0 8 1 
27 L 0 5 1 
27 L 2 1 1 
27 L 0 11 1 
27 D 549 4 1 
28 L 0 0 1 
28 L 0 7 1 
28 D 549 2 1 
29 L 0 10 1 
29 L 2 9 1 
29 D 549 3 1 
0 L 0 6 1 
0 L 0 13 1 
0 L 0 5 1 
0 L 0 8 1 
0 L 2 1 1 
0 L 0 11 1 
0 D 254 4 1 
1 L 0 0 1 
1 L 0 7 1 
1 D 254 2 1 
2 L 0 10 1 
2 L 2 9 1 
2 D 254 3 1 
3 D 254 12 1 
4 L 0 6 1 
4 L 0 5 1 
4 L 2 1 1 
4 L 1 4 1 
4 D 41 0 1 
5 L 0 2 1 
5 D 41 3 1 
6 L 0 6 1 
6 L 0 13 1 
6 L 0 5 1 
6 L 0 8 1 
6 L 2 1 1 
6 L 0 11 1 
6 D 990 4 1 
7 L 0 0 1 
7 L 0 7 1 
7 D 990 2 1 
8 L 0 10 1 
8 L 2 9 1 
8 D 990 3 1 
9 D 990 12 1 
10 L 2 1 1 
10 D 776 0 1 
11 L 0 6 1 
11 L 0 8 1 
11 L 0 5 1 
11 L 2 1 1 
11 L 1 4 1 
11 D 343 0 1 
12 L 0 7 1 
12 L 0 2 1 
12 D 343 10 1 
13 L 2 9 1 
13 D 343 3 1 
14 L 0 5 1 
14 L 2 1 1 
14 L 1 4 1 
14 D 835 0 1 
15 L 0 2 1 
15 D 835 3 1 
16 L 0 6 1 
16 L 0 8 1 
16 L 0 5 1 
16 L 2 1 1 
16 L 1 4 1 
16 D 517 0 1 
17 L 0 7 1 
17 L 0 2 1 
17 D 517 10 1 
18 L 2 9 1 
18 D 517 3 1 
19 L 0 6 1 
19 L 0 13 1 
19 L 0 5 1 
19 L 0 8 1 
19 L 2 1 1 
19 L 0 11 1 
19 D 418 4 1 
20 L 0 0 1 
20 L 0 7 1 
20 D 418 2 1 
21 L 0 10 1 
21 L 2 9 1 
21 D 418 3 1 
22 D 418 12 1 
23 L 2 1 1 
23 L 1 4 1 
23 L 0 0 1 
23 D 871 2 1 
24 D 871 3 1 
25 L 2 1 1 
25 L 0 0 1 
25 D 117 2 1 
26 L 0 6 1 
26 L 0 5 1 
26 L 2 1 1 
26 L 1 4 1 
26 D 854 0 1 
27 L 0 7 1 
27 L 0 2 1 
27 D 854 3 1 
28 D 315 0 1 
29 L 2 1 1 
29 L 0 0 1 
29 L 0 2 1 
29 D 851 3 1 
0 L 2 1 1 
0 L 1 4 1 
0 L 0 0 1 
0 D 795 2 1 
1 D 795 3 1 
2 L 0 6 1 
2 L 0 5 1 
2 L 2 1 1 
2 L 1 4 1 
2 D 690 0 1 
3 L 0 2 1 
3 D 690 3 1 
4 L 0 6 1 
4 L 0 8 1 
4 L 0 5 1 
4 L 2 1 1 
4 L 1 4 1 
4 D 122 0 1 
5 L 0 7 1 
5 L 0 2 1 
5 D 122 3 1 
6 L 2 1 1 
6 D 957 0 1 
7 L 0 6 1 
7 L 0 5 1 
7 L 2 1 1 
7 L 1 4 1 
7 D 610 0 1 
8 L 0 7 1 
8 L 0 2 1 
8 D 610 3 1 
9 L 0 6 1 
9 L 0 8 1 
9 L 0 5 1 
9 L 2 1 1 
9 L 1 4 1 
9 D 635 0 1 
10 L 0 7 1 
10 L 0 2 1 
10 D 635 10 1 
11 L 2 9 1 
11 D 635 3 1 
12 L 0 6 1 
12 L 0 8 1 
12 L 0 5 1 
12 L 2 1 1 
12 L 1 4 1 
12 D 413 0 1 
13 L 0 7 1 
13 L 0 2 1 
13 D 413 10 1 
14 L 2 9 1 
14 D 413 3 1 
15 L 2 1 1 
15 D 328 0 1 
16 L 2 1 1 
16 L 0 0 1 
16 D 438 2 1 
17 L 0 6 1 
17 L 0 5 1 
17 L 2 1 1 
17 L 1 4 1 
17 D 832 0 1 
18 L 0 2 1 
18 D 832 3 1 
19 L 0 6 1 
19 L 0 13 1 
19 L 0 5 1 
19 L 0 8 1 
19 L 2 1 1 
19 L 0 11 1 
19 D 501 4 1 
20 L 0 16 1 
20 L 0 0 1 
20 D 501 7 1 
21 L 0 2 1 
21 L 0 15 1 
21 D 501 10 1 
22 L 2 9 1 
22 L 0 14 1 
22 D 501 3 1 
23 D 501 12 1 
24 L 0 5 1 
24 L 2 1 1 
24 L 1 4 1 
24 D 233 0 1 
25 L 0 2 1 
25 D 233 3 1 
26 L 2 1 1 
26 L 0 0 1 
26 L 0 2 1 
26 D 555 3 1 
27 L 2 1 1 
27 D 654 0 1 
28 L 0 6 1 
28 L 0 13 1 
28 L 0 5 1 
28 L 0 8 1 
28 L 2 1 1 
28 L 0 11 1 
28 D 899 4 1 
29 L 0 0 1 
29 L 0 7 1 
29 D 899 2 1 
0 L 0 15 1 
0 L 0 10 1 
0 D 899 9 1 
1 L 0 14 1 
1 D 899 3 1 
2 D 899 12 1 
3 D 68 0 1 
4 L 2 1 1 
4 L 0 0 1 
4 D 711 2 1 
5 L 0 6 1 
5 L 0 13 1 
5 L 0 5 1 
5 L 0 8 1 
5 L 2 1 1 
5 L 0 11 1 
5 D 922 4 1 
6 L 0 0 1 
6 L 0 7 1 
6 D 922 2 1 
7 L 0 10 1 
7 L 2 9 1 
7 D 922 14 1 
8 L 0 3 1 
8 D 922 12 1 
